<?xml version="1.0" encoding="UTF-8"?>
<coverage generated="1777332022544" clover="3.2.0">
  <project timestamp="1777332022544" name="All files">
    <metrics statements="1349" coveredstatements="802" conditionals="1259" coveredconditionals="711" methods="201" coveredmethods="138" elements="2809" coveredelements="1651" complexity="0" loc="1349" ncloc="1349" packages="3" files="15" classes="15"/>
    <package name="background">
      <metrics statements="317" coveredstatements="42" conditionals="163" coveredconditionals="22" methods="37" coveredmethods="8"/>
      <file name="crawl.ts" path="/Users/dattu/Code/chrome.yantrakit.a11yScan/extension/src/background/crawl.ts">
        <metrics statements="198" coveredstatements="18" conditionals="100" coveredconditionals="9" methods="22" coveredmethods="5"/>
        <line num="11" count="1" type="stmt"/>
        <line num="13" count="1" type="stmt"/>
        <line num="25" count="1" type="stmt"/>
        <line num="26" count="1" type="stmt"/>
        <line num="27" count="1" type="stmt"/>
        <line num="28" count="1" type="stmt"/>
        <line num="38" count="0" type="cond" truecount="0" falsecount="7"/>
        <line num="40" count="0" type="stmt"/>
        <line num="41" count="0" type="stmt"/>
        <line num="42" count="0" type="stmt"/>
        <line num="43" count="0" type="cond" truecount="0" falsecount="2"/>
        <line num="44" count="0" type="stmt"/>
        <line num="45" count="0" type="stmt"/>
        <line num="46" count="0" type="stmt"/>
        <line num="47" count="0" type="stmt"/>
        <line num="48" count="0" type="stmt"/>
        <line num="52" count="0" type="stmt"/>
        <line num="53" count="0" type="stmt"/>
        <line num="54" count="0" type="stmt"/>
        <line num="55" count="0" type="stmt"/>
        <line num="56" count="0" type="stmt"/>
        <line num="57" count="0" type="stmt"/>
        <line num="60" count="0" type="stmt"/>
        <line num="61" count="0" type="stmt"/>
        <line num="62" count="0" type="stmt"/>
        <line num="63" count="0" type="stmt"/>
        <line num="64" count="0" type="stmt"/>
        <line num="65" count="0" type="stmt"/>
        <line num="66" count="0" type="stmt"/>
        <line num="69" count="0" type="stmt"/>
        <line num="70" count="0" type="stmt"/>
        <line num="71" count="0" type="stmt"/>
        <line num="72" count="0" type="stmt"/>
        <line num="73" count="0" type="stmt"/>
        <line num="74" count="0" type="stmt"/>
        <line num="75" count="0" type="stmt"/>
        <line num="78" count="0" type="stmt"/>
        <line num="79" count="0" type="stmt"/>
        <line num="82" count="0" type="stmt"/>
        <line num="83" count="0" type="stmt"/>
        <line num="84" count="0" type="stmt"/>
        <line num="85" count="0" type="stmt"/>
        <line num="86" count="0" type="stmt"/>
        <line num="87" count="0" type="stmt"/>
        <line num="90" count="0" type="stmt"/>
        <line num="99" count="0" type="stmt"/>
        <line num="100" count="0" type="cond" truecount="0" falsecount="2"/>
        <line num="102" count="0" type="stmt"/>
        <line num="103" count="0" type="cond" truecount="0" falsecount="2"/>
        <line num="105" count="0" type="stmt"/>
        <line num="117" count="0" type="stmt"/>
        <line num="118" count="0" type="stmt"/>
        <line num="119" count="0" type="stmt"/>
        <line num="122" count="0" type="cond" truecount="0" falsecount="2"/>
        <line num="123" count="0" type="stmt"/>
        <line num="124" count="0" type="stmt"/>
        <line num="126" count="0" type="stmt"/>
        <line num="127" count="0" type="stmt"/>
        <line num="128" count="0" type="stmt"/>
        <line num="129" count="0" type="stmt"/>
        <line num="130" count="0" type="stmt"/>
        <line num="134" count="0" type="stmt"/>
        <line num="139" count="0" type="stmt"/>
        <line num="140" count="0" type="cond" truecount="0" falsecount="2"/>
        <line num="143" count="0" type="stmt"/>
        <line num="144" count="0" type="stmt"/>
        <line num="147" count="0" type="stmt"/>
        <line num="148" count="0" type="stmt"/>
        <line num="149" count="0" type="stmt"/>
        <line num="150" count="0" type="cond" truecount="0" falsecount="2"/>
        <line num="151" count="0" type="cond" truecount="0" falsecount="2"/>
        <line num="152" count="0" type="cond" truecount="0" falsecount="2"/>
        <line num="153" count="0" type="stmt"/>
        <line num="154" count="0" type="stmt"/>
        <line num="155" count="0" type="stmt"/>
        <line num="156" count="0" type="stmt"/>
        <line num="157" count="0" type="stmt"/>
        <line num="163" count="0" type="cond" truecount="0" falsecount="2"/>
        <line num="167" count="0" type="stmt"/>
        <line num="168" count="0" type="stmt"/>
        <line num="172" count="15" type="cond" truecount="5" falsecount="0"/>
        <line num="173" count="12" type="cond" truecount="4" falsecount="0"/>
        <line num="174" count="3" type="stmt"/>
        <line num="175" count="5" type="stmt"/>
        <line num="176" count="4" type="stmt"/>
        <line num="177" count="4" type="stmt"/>
        <line num="179" count="1" type="stmt"/>
        <line num="188" count="7" type="stmt"/>
        <line num="189" count="7" type="stmt"/>
        <line num="190" count="7" type="stmt"/>
        <line num="191" count="7" type="stmt"/>
        <line num="193" count="1" type="stmt"/>
        <line num="198" count="0" type="stmt"/>
        <line num="199" count="0" type="cond" truecount="0" falsecount="2"/>
        <line num="201" count="0" type="cond" truecount="0" falsecount="2"/>
        <line num="202" count="0" type="stmt"/>
        <line num="203" count="0" type="stmt"/>
        <line num="204" count="0" type="stmt"/>
        <line num="205" count="0" type="stmt"/>
        <line num="208" count="0" type="stmt"/>
        <line num="209" count="0" type="cond" truecount="0" falsecount="2"/>
        <line num="212" count="0" type="stmt"/>
        <line num="215" count="0" type="cond" truecount="0" falsecount="2"/>
        <line num="216" count="0" type="stmt"/>
        <line num="217" count="0" type="stmt"/>
        <line num="218" count="0" type="cond" truecount="0" falsecount="2"/>
        <line num="220" count="0" type="stmt"/>
        <line num="224" count="0" type="cond" truecount="0" falsecount="2"/>
        <line num="225" count="0" type="stmt"/>
        <line num="226" count="0" type="stmt"/>
        <line num="227" count="0" type="stmt"/>
        <line num="228" count="0" type="stmt"/>
        <line num="232" count="0" type="stmt"/>
        <line num="233" count="0" type="stmt"/>
        <line num="238" count="0" type="stmt"/>
        <line num="239" count="0" type="stmt"/>
        <line num="240" count="0" type="stmt"/>
        <line num="242" count="0" type="stmt"/>
        <line num="243" count="0" type="stmt"/>
        <line num="244" count="0" type="cond" truecount="0" falsecount="2"/>
        <line num="246" count="0" type="stmt"/>
        <line num="247" count="0" type="cond" truecount="0" falsecount="2"/>
        <line num="250" count="0" type="stmt"/>
        <line num="251" count="0" type="stmt"/>
        <line num="254" count="0" type="cond" truecount="0" falsecount="2"/>
        <line num="255" count="0" type="cond" truecount="0" falsecount="2"/>
        <line num="256" count="0" type="cond" truecount="0" falsecount="2"/>
        <line num="257" count="0" type="stmt"/>
        <line num="258" count="0" type="cond" truecount="0" falsecount="2"/>
        <line num="259" count="0" type="stmt"/>
        <line num="260" count="0" type="stmt"/>
        <line num="261" count="0" type="cond" truecount="0" falsecount="2"/>
        <line num="262" count="0" type="stmt"/>
        <line num="263" count="0" type="stmt"/>
        <line num="264" count="0" type="stmt"/>
        <line num="268" count="0" type="cond" truecount="0" falsecount="4"/>
        <line num="269" count="0" type="stmt"/>
        <line num="270" count="0" type="stmt"/>
        <line num="274" count="0" type="stmt"/>
        <line num="276" count="0" type="cond" truecount="0" falsecount="2"/>
        <line num="277" count="0" type="stmt"/>
        <line num="278" count="0" type="cond" truecount="0" falsecount="2"/>
        <line num="279" count="0" type="stmt"/>
        <line num="280" count="0" type="stmt"/>
        <line num="281" count="0" type="stmt"/>
        <line num="284" count="0" type="cond" truecount="0" falsecount="2"/>
        <line num="285" count="0" type="cond" truecount="0" falsecount="2"/>
        <line num="287" count="0" type="stmt"/>
        <line num="288" count="0" type="cond" truecount="0" falsecount="4"/>
        <line num="289" count="0" type="stmt"/>
        <line num="294" count="0" type="cond" truecount="0" falsecount="2"/>
        <line num="295" count="0" type="stmt"/>
        <line num="296" count="0" type="stmt"/>
        <line num="299" count="0" type="stmt"/>
        <line num="300" count="0" type="stmt"/>
        <line num="303" count="0" type="stmt"/>
        <line num="304" count="0" type="cond" truecount="0" falsecount="4"/>
        <line num="305" count="0" type="stmt"/>
        <line num="306" count="0" type="stmt"/>
        <line num="307" count="0" type="stmt"/>
        <line num="311" count="0" type="cond" truecount="0" falsecount="2"/>
        <line num="312" count="0" type="stmt"/>
        <line num="315" count="0" type="stmt"/>
        <line num="316" count="0" type="stmt"/>
        <line num="317" count="0" type="stmt"/>
        <line num="318" count="0" type="stmt"/>
        <line num="323" count="0" type="stmt"/>
        <line num="324" count="0" type="stmt"/>
        <line num="325" count="0" type="stmt"/>
        <line num="326" count="0" type="stmt"/>
        <line num="334" count="0" type="stmt"/>
        <line num="338" count="0" type="stmt"/>
        <line num="342" count="0" type="stmt"/>
        <line num="343" count="0" type="stmt"/>
        <line num="344" count="0" type="stmt"/>
        <line num="345" count="0" type="stmt"/>
        <line num="349" count="0" type="cond" truecount="0" falsecount="4"/>
        <line num="350" count="0" type="stmt"/>
        <line num="351" count="0" type="stmt"/>
        <line num="352" count="0" type="stmt"/>
        <line num="355" count="0" type="stmt"/>
        <line num="360" count="0" type="stmt"/>
        <line num="361" count="0" type="stmt"/>
        <line num="364" count="0" type="stmt"/>
        <line num="365" count="0" type="stmt"/>
        <line num="366" count="0" type="stmt"/>
        <line num="367" count="0" type="cond" truecount="0" falsecount="2"/>
        <line num="368" count="0" type="stmt"/>
        <line num="369" count="0" type="cond" truecount="0" falsecount="2"/>
        <line num="371" count="0" type="stmt"/>
        <line num="372" count="0" type="stmt"/>
        <line num="373" count="0" type="cond" truecount="0" falsecount="2"/>
        <line num="374" count="0" type="stmt"/>
        <line num="375" count="0" type="stmt"/>
        <line num="377" count="0" type="stmt"/>
        <line num="381" count="0" type="cond" truecount="0" falsecount="2"/>
        <line num="383" count="0" type="stmt"/>
        <line num="388" count="0" type="stmt"/>
      </file>
      <file name="multi-viewport.ts" path="/Users/dattu/Code/chrome.yantrakit.a11yScan/extension/src/background/multi-viewport.ts">
        <metrics statements="47" coveredstatements="22" conditionals="22" coveredconditionals="13" methods="7" coveredmethods="3"/>
        <line num="14" count="0" type="stmt"/>
        <line num="15" count="0" type="cond" truecount="0" falsecount="4"/>
        <line num="16" count="0" type="stmt"/>
        <line num="17" count="0" type="stmt"/>
        <line num="21" count="0" type="stmt"/>
        <line num="22" count="0" type="cond" truecount="0" falsecount="2"/>
        <line num="24" count="0" type="stmt"/>
        <line num="25" count="0" type="stmt"/>
        <line num="26" count="0" type="stmt"/>
        <line num="28" count="0" type="stmt"/>
        <line num="29" count="0" type="stmt"/>
        <line num="32" count="0" type="stmt"/>
        <line num="38" count="0" type="stmt"/>
        <line num="39" count="0" type="stmt"/>
        <line num="42" count="0" type="stmt"/>
        <line num="43" count="0" type="stmt"/>
        <line num="44" count="0" type="stmt"/>
        <line num="45" count="0" type="cond" truecount="0" falsecount="2"/>
        <line num="46" count="0" type="stmt"/>
        <line num="50" count="0" type="stmt"/>
        <line num="55" count="0" type="stmt"/>
        <line num="58" count="0" type="stmt"/>
        <line num="60" count="0" type="stmt"/>
        <line num="67" count="0" type="stmt"/>
        <line num="84" count="7" type="stmt"/>
        <line num="85" count="7" type="stmt"/>
        <line num="86" count="14" type="stmt"/>
        <line num="87" count="13" type="stmt"/>
        <line num="91" count="7" type="stmt"/>
        <line num="92" count="7" type="stmt"/>
        <line num="93" count="17" type="cond" truecount="2" falsecount="0"/>
        <line num="95" count="7" type="stmt"/>
        <line num="96" count="7" type="stmt"/>
        <line num="97" count="7" type="stmt"/>
        <line num="99" count="7" type="stmt"/>
        <line num="100" count="17" type="stmt"/>
        <line num="101" count="17" type="cond" truecount="2" falsecount="0"/>
        <line num="102" count="19" type="stmt"/>
        <line num="103" count="16" type="cond" truecount="2" falsecount="0"/>
        <line num="104" count="13" type="stmt"/>
        <line num="105" count="13" type="cond" truecount="2" falsecount="0"/>
        <line num="109" count="7" type="cond" truecount="1" falsecount="1"/>
        <line num="111" count="7" type="cond" truecount="4" falsecount="0"/>
        <line num="112" count="4" type="stmt"/>
        <line num="114" count="3" type="stmt"/>
        <line num="118" count="7" type="stmt"/>
        <line num="122" count="0" type="stmt"/>
      </file>
      <file name="observer.ts" path="/Users/dattu/Code/chrome.yantrakit.a11yScan/extension/src/background/observer.ts">
        <metrics statements="72" coveredstatements="2" conditionals="41" coveredconditionals="0" methods="8" coveredmethods="0"/>
        <line num="13" count="1" type="stmt"/>
        <line num="16" count="1" type="stmt"/>
        <line num="17" count="0" type="stmt"/>
        <line num="24" count="0" type="stmt"/>
        <line num="25" count="0" type="cond" truecount="0" falsecount="2"/>
        <line num="29" count="0" type="stmt"/>
        <line num="33" count="0" type="stmt"/>
        <line num="34" count="0" type="cond" truecount="0" falsecount="2"/>
        <line num="38" count="0" type="stmt"/>
        <line num="46" count="0" type="stmt"/>
        <line num="47" count="0" type="cond" truecount="0" falsecount="2"/>
        <line num="48" count="0" type="cond" truecount="0" falsecount="2"/>
        <line num="49" count="0" type="cond" truecount="0" falsecount="4"/>
        <line num="51" count="0" type="stmt"/>
        <line num="54" count="0" type="cond" truecount="0" falsecount="2"/>
        <line num="55" count="0" type="cond" truecount="0" falsecount="4"/>
        <line num="58" count="0" type="stmt"/>
        <line num="59" count="0" type="cond" truecount="0" falsecount="4"/>
        <line num="62" count="0" type="stmt"/>
        <line num="63" count="0" type="stmt"/>
        <line num="64" count="0" type="stmt"/>
        <line num="65" count="0" type="stmt"/>
        <line num="67" count="0" type="cond" truecount="0" falsecount="2"/>
        <line num="68" count="0" type="stmt"/>
        <line num="70" count="0" type="cond" truecount="0" falsecount="2"/>
        <line num="71" count="0" type="stmt"/>
        <line num="80" count="0" type="stmt"/>
        <line num="86" count="0" type="stmt"/>
        <line num="87" count="0" type="stmt"/>
        <line num="90" count="0" type="cond" truecount="0" falsecount="2"/>
        <line num="91" count="0" type="stmt"/>
        <line num="94" count="0" type="stmt"/>
        <line num="97" count="0" type="stmt"/>
        <line num="112" count="0" type="cond" truecount="0" falsecount="9"/>
        <line num="114" count="0" type="stmt"/>
        <line num="115" count="0" type="stmt"/>
        <line num="116" count="0" type="stmt"/>
        <line num="117" count="0" type="stmt"/>
        <line num="118" count="0" type="stmt"/>
        <line num="122" count="0" type="stmt"/>
        <line num="123" count="0" type="stmt"/>
        <line num="124" count="0" type="stmt"/>
        <line num="125" count="0" type="stmt"/>
        <line num="126" count="0" type="stmt"/>
        <line num="130" count="0" type="stmt"/>
        <line num="131" count="0" type="stmt"/>
        <line num="132" count="0" type="stmt"/>
        <line num="136" count="0" type="stmt"/>
        <line num="137" count="0" type="stmt"/>
        <line num="138" count="0" type="stmt"/>
        <line num="139" count="0" type="stmt"/>
        <line num="140" count="0" type="stmt"/>
        <line num="144" count="0" type="stmt"/>
        <line num="145" count="0" type="stmt"/>
        <line num="146" count="0" type="stmt"/>
        <line num="150" count="0" type="stmt"/>
        <line num="151" count="0" type="stmt"/>
        <line num="152" count="0" type="stmt"/>
        <line num="153" count="0" type="stmt"/>
        <line num="157" count="0" type="stmt"/>
        <line num="158" count="0" type="stmt"/>
        <line num="159" count="0" type="stmt"/>
        <line num="163" count="0" type="stmt"/>
        <line num="164" count="0" type="stmt"/>
        <line num="165" count="0" type="stmt"/>
        <line num="166" count="0" type="stmt"/>
        <line num="167" count="0" type="cond" truecount="0" falsecount="2"/>
        <line num="168" count="0" type="stmt"/>
        <line num="170" count="0" type="stmt"/>
        <line num="171" count="0" type="stmt"/>
        <line num="172" count="0" type="stmt"/>
        <line num="176" count="0" type="stmt"/>
      </file>
    </package>
    <package name="content">
      <metrics statements="751" coveredstatements="505" conditionals="741" coveredconditionals="377" methods="105" coveredmethods="78"/>
      <file name="aria-scanner.ts" path="/Users/dattu/Code/chrome.yantrakit.a11yScan/extension/src/content/aria-scanner.ts">
        <metrics statements="24" coveredstatements="22" conditionals="18" coveredconditionals="12" methods="8" coveredmethods="6"/>
        <line num="11" count="8" type="stmt"/>
        <line num="13" count="8" type="stmt"/>
        <line num="14" count="96" type="stmt"/>
        <line num="16" count="96" type="stmt"/>
        <line num="17" count="7" type="stmt"/>
        <line num="18" count="18" type="stmt"/>
        <line num="19" count="18" type="stmt"/>
        <line num="22" count="18" type="stmt"/>
        <line num="23" count="18" type="stmt"/>
        <line num="25" count="7" type="stmt"/>
        <line num="37" count="8" type="stmt"/>
        <line num="41" count="7" type="cond" truecount="2" falsecount="0"/>
        <line num="42" count="5" type="stmt"/>
        <line num="43" count="5" type="stmt"/>
        <line num="46" count="5" type="cond" truecount="3" falsecount="1"/>
        <line num="47" count="0" type="stmt"/>
        <line num="48" count="0" type="cond" truecount="0" falsecount="2"/>
        <line num="52" count="7" type="stmt"/>
        <line num="53" count="7" type="cond" truecount="2" falsecount="0"/>
        <line num="54" count="4" type="stmt"/>
        <line num="55" count="4" type="cond" truecount="2" falsecount="0"/>
        <line num="56" count="1" type="stmt"/>
        <line num="57" count="1" type="cond" truecount="2" falsecount="2"/>
        <line num="59" count="3" type="cond" truecount="1" falsecount="1"/>
      </file>
      <file name="enriched-context.ts" path="/Users/dattu/Code/chrome.yantrakit.a11yScan/extension/src/content/enriched-context.ts">
        <metrics statements="46" coveredstatements="43" conditionals="46" coveredconditionals="31" methods="8" coveredmethods="7"/>
        <line num="11" count="14" type="stmt"/>
        <line num="13" count="14" type="stmt"/>
        <line num="14" count="16" type="stmt"/>
        <line num="15" count="16" type="cond" truecount="2" falsecount="0"/>
        <line num="17" count="14" type="stmt"/>
        <line num="25" count="14" type="stmt"/>
        <line num="29" count="14" type="stmt"/>
        <line num="30" count="14" type="cond" truecount="1" falsecount="1"/>
        <line num="31" count="19" type="stmt"/>
        <line num="35" count="14" type="stmt"/>
        <line num="36" count="14" type="stmt"/>
        <line num="37" count="14" type="stmt"/>
        <line num="38" count="14" type="stmt"/>
        <line num="39" count="38" type="cond" truecount="4" falsecount="0"/>
        <line num="40" count="4" type="cond" truecount="2" falsecount="0"/>
        <line num="41" count="4" type="stmt"/>
        <line num="43" count="34" type="stmt"/>
        <line num="47" count="14" type="stmt"/>
        <line num="48" count="14" type="stmt"/>
        <line num="49" count="14" type="cond" truecount="3" falsecount="1"/>
        <line num="51" count="14" type="stmt"/>
        <line num="61" count="14" type="stmt"/>
        <line num="62" count="14" type="stmt"/>
        <line num="74" count="14" type="cond" truecount="0" falsecount="2"/>
        <line num="76" count="14" type="stmt"/>
        <line num="78" count="22" type="cond" truecount="2" falsecount="0"/>
        <line num="80" count="14" type="cond" truecount="4" falsecount="2"/>
        <line num="83" count="14" type="stmt"/>
        <line num="84" count="14" type="cond" truecount="1" falsecount="1"/>
        <line num="85" count="0" type="stmt"/>
        <line num="86" count="0" type="cond" truecount="0" falsecount="4"/>
        <line num="87" count="0" type="cond" truecount="0" falsecount="2"/>
        <line num="92" count="14" type="cond" truecount="4" falsecount="0"/>
        <line num="94" count="14" type="stmt"/>
        <line num="98" count="14" type="stmt"/>
        <line num="101" count="14" type="stmt"/>
        <line num="102" count="14" type="stmt"/>
        <line num="103" count="2" type="cond" truecount="4" falsecount="0"/>
        <line num="105" count="1" type="stmt"/>
        <line num="106" count="1" type="stmt"/>
        <line num="107" count="1" type="stmt"/>
        <line num="112" count="14" type="stmt"/>
        <line num="113" count="14" type="cond" truecount="2" falsecount="0"/>
        <line num="114" count="1" type="stmt"/>
        <line num="117" count="14" type="stmt"/>
        <line num="120" count="1" type="stmt"/>
      </file>
      <file name="heuristic-rules.ts" path="/Users/dattu/Code/chrome.yantrakit.a11yScan/extension/src/content/heuristic-rules.ts">
        <metrics statements="431" coveredstatements="273" conditionals="431" coveredconditionals="179" methods="50" coveredmethods="39"/>
        <line num="23" count="20" type="cond" truecount="2" falsecount="0"/>
        <line num="24" count="20" type="stmt"/>
        <line num="26" count="20" type="cond" truecount="1" falsecount="1"/>
        <line num="27" count="20" type="cond" truecount="1" falsecount="1"/>
        <line num="28" count="20" type="cond" truecount="1" falsecount="1"/>
        <line num="29" count="20" type="cond" truecount="2" falsecount="0"/>
        <line num="30" count="20" type="cond" truecount="1" falsecount="1"/>
        <line num="31" count="20" type="cond" truecount="1" falsecount="1"/>
        <line num="32" count="20" type="cond" truecount="1" falsecount="1"/>
        <line num="33" count="20" type="cond" truecount="1" falsecount="1"/>
        <line num="34" count="20" type="cond" truecount="1" falsecount="1"/>
        <line num="35" count="20" type="cond" truecount="1" falsecount="1"/>
        <line num="36" count="20" type="cond" truecount="1" falsecount="1"/>
        <line num="37" count="20" type="cond" truecount="1" falsecount="1"/>
        <line num="38" count="20" type="cond" truecount="1" falsecount="1"/>
        <line num="39" count="20" type="cond" truecount="1" falsecount="1"/>
        <line num="40" count="20" type="cond" truecount="1" falsecount="1"/>
        <line num="41" count="20" type="cond" truecount="1" falsecount="1"/>
        <line num="42" count="20" type="cond" truecount="1" falsecount="1"/>
        <line num="43" count="20" type="cond" truecount="1" falsecount="1"/>
        <line num="44" count="20" type="cond" truecount="1" falsecount="1"/>
        <line num="45" count="20" type="cond" truecount="1" falsecount="1"/>
        <line num="46" count="20" type="cond" truecount="1" falsecount="1"/>
        <line num="47" count="0" type="cond" truecount="0" falsecount="2"/>
        <line num="48" count="0" type="cond" truecount="0" falsecount="2"/>
        <line num="50" count="20" type="cond" truecount="1" falsecount="1"/>
        <line num="51" count="20" type="cond" truecount="1" falsecount="1"/>
        <line num="52" count="20" type="cond" truecount="1" falsecount="1"/>
        <line num="53" count="20" type="cond" truecount="1" falsecount="1"/>
        <line num="54" count="20" type="cond" truecount="1" falsecount="1"/>
        <line num="55" count="20" type="cond" truecount="1" falsecount="1"/>
        <line num="56" count="20" type="cond" truecount="1" falsecount="1"/>
        <line num="57" count="0" type="cond" truecount="0" falsecount="2"/>
        <line num="59" count="20" type="cond" truecount="1" falsecount="1"/>
        <line num="60" count="20" type="cond" truecount="1" falsecount="1"/>
        <line num="61" count="20" type="cond" truecount="1" falsecount="1"/>
        <line num="62" count="20" type="cond" truecount="1" falsecount="1"/>
        <line num="65" count="20" type="stmt"/>
        <line num="66" count="559" type="stmt"/>
        <line num="67" count="46" type="stmt"/>
        <line num="79" count="1" type="stmt"/>
        <line num="82" count="52" type="stmt"/>
        <line num="86" count="349" type="stmt"/>
        <line num="87" count="349" type="cond" truecount="2" falsecount="0"/>
        <line num="91" count="163" type="stmt"/>
        <line num="92" count="163" type="stmt"/>
        <line num="93" count="353" type="cond" truecount="2" falsecount="0"/>
        <line num="94" count="343" type="stmt"/>
        <line num="96" count="153" type="stmt"/>
        <line num="101" count="12" type="stmt"/>
        <line num="102" count="12" type="cond" truecount="2" falsecount="0"/>
        <line num="103" count="6" type="stmt"/>
        <line num="107" count="0" type="stmt"/>
        <line num="108" count="0" type="stmt"/>
        <line num="109" count="0" type="cond" truecount="0" falsecount="2"/>
        <line num="111" count="0" type="stmt"/>
        <line num="115" count="0" type="stmt"/>
        <line num="116" count="0" type="stmt"/>
        <line num="117" count="0" type="stmt"/>
        <line num="118" count="0" type="stmt"/>
        <line num="119" count="0" type="stmt"/>
        <line num="124" count="20" type="stmt"/>
        <line num="125" count="20" type="stmt"/>
        <line num="126" count="20" type="stmt"/>
        <line num="127" count="5" type="cond" truecount="4" falsecount="0"/>
        <line num="128" count="3" type="cond" truecount="1" falsecount="1"/>
        <line num="129" count="5" type="cond" truecount="3" falsecount="2"/>
        <line num="130" count="0" type="cond" truecount="0" falsecount="2"/>
        <line num="131" count="0" type="cond" truecount="0" falsecount="2"/>
        <line num="132" count="0" type="stmt"/>
        <line num="136" count="20" type="stmt"/>
        <line num="141" count="20" type="stmt"/>
        <line num="142" count="20" type="stmt"/>
        <line num="143" count="20" type="stmt"/>
        <line num="144" count="82" type="cond" truecount="4" falsecount="0"/>
        <line num="145" count="59" type="stmt"/>
        <line num="146" count="59" type="cond" truecount="3" falsecount="1"/>
        <line num="147" count="0" type="cond" truecount="0" falsecount="3"/>
        <line num="148" count="0" type="cond" truecount="0" falsecount="4"/>
        <line num="150" count="0" type="stmt"/>
        <line num="151" count="0" type="cond" truecount="0" falsecount="6"/>
        <line num="152" count="0" type="stmt"/>
        <line num="157" count="20" type="stmt"/>
        <line num="162" count="20" type="stmt"/>
        <line num="163" count="20" type="stmt"/>
        <line num="164" count="20" type="stmt"/>
        <line num="165" count="82" type="cond" truecount="4" falsecount="0"/>
        <line num="166" count="59" type="stmt"/>
        <line num="167" count="118" type="stmt"/>
        <line num="168" count="118" type="stmt"/>
        <line num="169" count="118" type="cond" truecount="2" falsecount="5"/>
        <line num="170" count="0" type="stmt"/>
        <line num="174" count="20" type="stmt"/>
        <line num="179" count="19" type="stmt"/>
        <line num="180" count="19" type="stmt"/>
        <line num="181" count="19" type="stmt"/>
        <line num="182" count="9" type="cond" truecount="2" falsecount="1"/>
        <line num="183" count="9" type="cond" truecount="2" falsecount="0"/>
        <line num="184" count="8" type="stmt"/>
        <line num="187" count="19" type="stmt"/>
        <line num="192" count="20" type="stmt"/>
        <line num="193" count="20" type="stmt"/>
        <line num="194" count="82" type="stmt"/>
        <line num="195" count="82" type="cond" truecount="3" falsecount="1"/>
        <line num="196" count="0" type="stmt"/>
        <line num="197" count="0" type="cond" truecount="0" falsecount="2"/>
        <line num="199" count="0" type="stmt"/>
        <line num="200" count="0" type="stmt"/>
        <line num="201" count="0" type="stmt"/>
        <line num="202" count="0" type="stmt"/>
        <line num="203" count="0" type="cond" truecount="0" falsecount="2"/>
        <line num="206" count="0" type="stmt"/>
        <line num="207" count="0" type="cond" truecount="0" falsecount="2"/>
        <line num="208" count="0" type="stmt"/>
        <line num="209" count="0" type="stmt"/>
        <line num="213" count="20" type="stmt"/>
        <line num="218" count="20" type="stmt"/>
        <line num="219" count="20" type="stmt"/>
        <line num="220" count="17" type="cond" truecount="1" falsecount="1"/>
        <line num="221" count="17" type="cond" truecount="1" falsecount="1"/>
        <line num="222" count="17" type="stmt"/>
        <line num="223" count="17" type="cond" truecount="2" falsecount="4"/>
        <line num="224" count="0" type="stmt"/>
        <line num="227" count="20" type="stmt"/>
        <line num="232" count="20" type="stmt"/>
        <line num="233" count="20" type="stmt"/>
        <line num="234" count="82" type="cond" truecount="4" falsecount="0"/>
        <line num="235" count="42" type="stmt"/>
        <line num="236" count="42" type="stmt"/>
        <line num="237" count="42" type="cond" truecount="3" falsecount="1"/>
        <line num="238" count="0" type="stmt"/>
        <line num="239" count="0" type="cond" truecount="0" falsecount="4"/>
        <line num="240" count="0" type="cond" truecount="0" falsecount="2"/>
        <line num="242" count="0" type="cond" truecount="0" falsecount="2"/>
        <line num="243" count="0" type="stmt"/>
        <line num="245" count="20" type="stmt"/>
        <line num="250" count="20" type="stmt"/>
        <line num="256" count="20" type="stmt"/>
        <line num="257" count="20" type="stmt"/>
        <line num="258" count="3" type="stmt"/>
        <line num="259" count="3" type="cond" truecount="1" falsecount="1"/>
        <line num="260" count="3" type="cond" truecount="2" falsecount="3"/>
        <line num="261" count="16" type="stmt"/>
        <line num="262" count="3" type="cond" truecount="4" falsecount="1"/>
        <line num="263" count="2" type="stmt"/>
        <line num="266" count="20" type="stmt"/>
        <line num="271" count="20" type="stmt"/>
        <line num="272" count="20" type="stmt"/>
        <line num="273" count="3" type="stmt"/>
        <line num="274" count="3" type="cond" truecount="1" falsecount="1"/>
        <line num="275" count="3" type="cond" truecount="1" falsecount="1"/>
        <line num="276" count="3" type="cond" truecount="3" falsecount="0"/>
        <line num="277" count="3" type="cond" truecount="2" falsecount="0"/>
        <line num="278" count="2" type="cond" truecount="4" falsecount="0"/>
        <line num="279" count="1" type="cond" truecount="1" falsecount="1"/>
        <line num="280" count="1" type="stmt"/>
        <line num="282" count="20" type="stmt"/>
        <line num="287" count="20" type="stmt"/>
        <line num="288" count="20" type="stmt"/>
        <line num="289" count="20" type="stmt"/>
        <line num="290" count="5" type="cond" truecount="1" falsecount="1"/>
        <line num="291" count="5" type="cond" truecount="1" falsecount="1"/>
        <line num="292" count="5" type="cond" truecount="3" falsecount="1"/>
        <line num="293" count="5" type="stmt"/>
        <line num="294" count="5" type="stmt"/>
        <line num="295" count="5" type="cond" truecount="2" falsecount="0"/>
        <line num="296" count="5" type="cond" truecount="3" falsecount="2"/>
        <line num="297" count="0" type="cond" truecount="0" falsecount="2"/>
        <line num="298" count="0" type="stmt"/>
        <line num="302" count="20" type="stmt"/>
        <line num="307" count="20" type="stmt"/>
        <line num="308" count="20" type="stmt"/>
        <line num="309" count="5" type="cond" truecount="1" falsecount="1"/>
        <line num="310" count="5" type="stmt"/>
        <line num="311" count="5" type="cond" truecount="2" falsecount="0"/>
        <line num="312" count="5" type="cond" truecount="2" falsecount="0"/>
        <line num="313" count="2" type="stmt"/>
        <line num="314" count="2" type="cond" truecount="4" falsecount="0"/>
        <line num="315" count="1" type="cond" truecount="1" falsecount="1"/>
        <line num="316" count="1" type="stmt"/>
        <line num="318" count="20" type="stmt"/>
        <line num="323" count="20" type="stmt"/>
        <line num="324" count="20" type="stmt"/>
        <line num="325" count="20" type="stmt"/>
        <line num="326" count="2" type="stmt"/>
        <line num="327" count="2" type="cond" truecount="1" falsecount="1"/>
        <line num="328" count="2" type="stmt"/>
        <line num="329" count="2" type="cond" truecount="2" falsecount="0"/>
        <line num="330" count="1" type="stmt"/>
        <line num="333" count="20" type="stmt"/>
        <line num="338" count="20" type="stmt"/>
        <line num="339" count="20" type="stmt"/>
        <line num="340" count="20" type="stmt"/>
        <line num="341" count="82" type="stmt"/>
        <line num="342" count="410" type="stmt"/>
        <line num="343" count="410" type="cond" truecount="2" falsecount="0"/>
        <line num="344" count="3" type="stmt"/>
        <line num="345" count="3" type="cond" truecount="2" falsecount="0"/>
        <line num="346" count="2" type="stmt"/>
        <line num="351" count="20" type="stmt"/>
        <line num="356" count="20" type="stmt"/>
        <line num="357" count="20" type="stmt"/>
        <line num="358" count="14" type="cond" truecount="1" falsecount="1"/>
        <line num="359" count="14" type="cond" truecount="2" falsecount="0"/>
        <line num="360" count="14" type="cond" truecount="1" falsecount="1"/>
        <line num="361" count="14" type="cond" truecount="3" falsecount="1"/>
        <line num="362" count="0" type="stmt"/>
        <line num="365" count="20" type="stmt"/>
        <line num="370" count="20" type="stmt"/>
        <line num="372" count="20" type="stmt"/>
        <line num="373" count="0" type="stmt"/>
        <line num="376" count="20" type="stmt"/>
        <line num="377" count="82" type="cond" truecount="2" falsecount="0"/>
        <line num="378" count="62" type="stmt"/>
        <line num="379" count="62" type="cond" truecount="2" falsecount="3"/>
        <line num="380" count="0" type="stmt"/>
        <line num="383" count="20" type="stmt"/>
        <line num="388" count="20" type="stmt"/>
        <line num="389" count="20" type="stmt"/>
        <line num="390" count="0" type="cond" truecount="0" falsecount="3"/>
        <line num="391" count="0" type="cond" truecount="0" falsecount="5"/>
        <line num="392" count="0" type="stmt"/>
        <line num="393" count="0" type="cond" truecount="0" falsecount="2"/>
        <line num="394" count="0" type="stmt"/>
        <line num="398" count="20" type="stmt"/>
        <line num="403" count="20" type="stmt"/>
        <line num="404" count="20" type="stmt"/>
        <line num="405" count="20" type="stmt"/>
        <line num="406" count="17" type="cond" truecount="4" falsecount="0"/>
        <line num="407" count="16" type="stmt"/>
        <line num="408" count="16" type="stmt"/>
        <line num="409" count="16" type="stmt"/>
        <line num="410" count="16" type="stmt"/>
        <line num="411" count="16" type="stmt"/>
        <line num="412" count="16" type="stmt"/>
        <line num="413" count="16" type="cond" truecount="4" falsecount="0"/>
        <line num="414" count="17" type="cond" truecount="2" falsecount="0"/>
        <line num="415" count="16" type="stmt"/>
        <line num="418" count="20" type="stmt"/>
        <line num="423" count="20" type="stmt"/>
        <line num="424" count="20" type="stmt"/>
        <line num="425" count="20" type="stmt"/>
        <line num="426" count="0" type="stmt"/>
        <line num="427" count="0" type="stmt"/>
        <line num="428" count="0" type="cond" truecount="0" falsecount="2"/>
        <line num="429" count="0" type="stmt"/>
        <line num="430" count="0" type="stmt"/>
        <line num="434" count="20" type="stmt"/>
        <line num="439" count="20" type="stmt"/>
        <line num="440" count="20" type="stmt"/>
        <line num="441" count="20" type="stmt"/>
        <line num="442" count="6" type="cond" truecount="1" falsecount="1"/>
        <line num="443" count="6" type="stmt"/>
        <line num="444" count="6" type="stmt"/>
        <line num="445" count="6" type="stmt"/>
        <line num="446" count="6" type="cond" truecount="1" falsecount="1"/>
        <line num="447" count="6" type="cond" truecount="2" falsecount="2"/>
        <line num="448" count="0" type="stmt"/>
        <line num="449" count="0" type="cond" truecount="0" falsecount="2"/>
        <line num="450" count="0" type="stmt"/>
        <line num="453" count="20" type="stmt"/>
        <line num="458" count="20" type="stmt"/>
        <line num="459" count="20" type="stmt"/>
        <line num="460" count="20" type="stmt"/>
        <line num="461" count="0" type="cond" truecount="0" falsecount="2"/>
        <line num="462" count="0" type="stmt"/>
        <line num="463" count="0" type="cond" truecount="0" falsecount="2"/>
        <line num="464" count="0" type="stmt"/>
        <line num="465" count="0" type="stmt"/>
        <line num="467" count="0" type="cond" truecount="0" falsecount="2"/>
        <line num="468" count="0" type="stmt"/>
        <line num="471" count="20" type="stmt"/>
        <line num="476" count="20" type="stmt"/>
        <line num="477" count="20" type="stmt"/>
        <line num="478" count="0" type="cond" truecount="0" falsecount="4"/>
        <line num="479" count="0" type="stmt"/>
        <line num="480" count="0" type="cond" truecount="0" falsecount="2"/>
        <line num="481" count="0" type="stmt"/>
        <line num="482" count="0" type="stmt"/>
        <line num="483" count="0" type="cond" truecount="0" falsecount="4"/>
        <line num="484" count="0" type="stmt"/>
        <line num="485" count="0" type="cond" truecount="0" falsecount="2"/>
        <line num="486" count="0" type="stmt"/>
        <line num="487" count="0" type="cond" truecount="0" falsecount="2"/>
        <line num="488" count="0" type="cond" truecount="0" falsecount="2"/>
        <line num="489" count="0" type="cond" truecount="0" falsecount="2"/>
        <line num="490" count="0" type="cond" truecount="0" falsecount="4"/>
        <line num="491" count="0" type="stmt"/>
        <line num="493" count="20" type="stmt"/>
        <line num="498" count="20" type="stmt"/>
        <line num="499" count="20" type="stmt"/>
        <line num="500" count="20" type="stmt"/>
        <line num="501" count="17" type="cond" truecount="4" falsecount="0"/>
        <line num="502" count="16" type="stmt"/>
        <line num="503" count="16" type="stmt"/>
        <line num="504" count="16" type="cond" truecount="2" falsecount="0"/>
        <line num="505" count="17" type="stmt"/>
        <line num="506" count="17" type="stmt"/>
        <line num="507" count="17" type="stmt"/>
        <line num="508" count="17" type="cond" truecount="2" falsecount="2"/>
        <line num="509" count="0" type="stmt"/>
        <line num="512" count="20" type="stmt"/>
        <line num="517" count="20" type="stmt"/>
        <line num="518" count="20" type="stmt"/>
        <line num="519" count="20" type="stmt"/>
        <line num="520" count="82" type="stmt"/>
        <line num="521" count="82" type="cond" truecount="3" falsecount="1"/>
        <line num="523" count="20" type="cond" truecount="1" falsecount="1"/>
        <line num="524" count="0" type="stmt"/>
        <line num="525" count="0" type="stmt"/>
        <line num="526" count="0" type="cond" truecount="0" falsecount="2"/>
        <line num="527" count="0" type="stmt"/>
        <line num="528" count="0" type="stmt"/>
        <line num="529" count="0" type="stmt"/>
        <line num="530" count="0" type="cond" truecount="0" falsecount="4"/>
        <line num="531" count="0" type="cond" truecount="0" falsecount="2"/>
        <line num="532" count="0" type="stmt"/>
        <line num="533" count="0" type="stmt"/>
        <line num="537" count="0" type="stmt"/>
        <line num="542" count="0" type="stmt"/>
        <line num="543" count="0" type="stmt"/>
        <line num="544" count="0" type="stmt"/>
        <line num="545" count="0" type="stmt"/>
        <line num="546" count="0" type="stmt"/>
        <line num="549" count="0" type="cond" truecount="0" falsecount="2"/>
        <line num="551" count="0" type="stmt"/>
        <line num="552" count="0" type="stmt"/>
        <line num="554" count="0" type="stmt"/>
        <line num="559" count="0" type="stmt"/>
        <line num="560" count="0" type="stmt"/>
        <line num="561" count="0" type="stmt"/>
        <line num="562" count="0" type="stmt"/>
        <line num="563" count="0" type="cond" truecount="0" falsecount="3"/>
        <line num="564" count="0" type="cond" truecount="0" falsecount="4"/>
        <line num="565" count="0" type="cond" truecount="0" falsecount="4"/>
        <line num="566" count="0" type="stmt"/>
        <line num="568" count="0" type="stmt"/>
        <line num="572" count="0" type="stmt"/>
        <line num="577" count="20" type="stmt"/>
        <line num="578" count="20" type="stmt"/>
        <line num="579" count="0" type="cond" truecount="0" falsecount="2"/>
        <line num="580" count="0" type="cond" truecount="0" falsecount="2"/>
        <line num="581" count="0" type="cond" truecount="0" falsecount="2"/>
        <line num="582" count="0" type="stmt"/>
        <line num="583" count="0" type="stmt"/>
        <line num="584" count="0" type="cond" truecount="0" falsecount="3"/>
        <line num="585" count="0" type="cond" truecount="0" falsecount="2"/>
        <line num="586" count="0" type="stmt"/>
        <line num="589" count="20" type="stmt"/>
        <line num="594" count="20" type="stmt"/>
        <line num="595" count="20" type="stmt"/>
        <line num="596" count="20" type="stmt"/>
        <line num="597" count="0" type="cond" truecount="0" falsecount="3"/>
        <line num="598" count="0" type="cond" truecount="0" falsecount="2"/>
        <line num="599" count="0" type="cond" truecount="0" falsecount="2"/>
        <line num="600" count="0" type="cond" truecount="0" falsecount="4"/>
        <line num="601" count="0" type="stmt"/>
        <line num="603" count="0" type="stmt"/>
        <line num="604" count="0" type="cond" truecount="0" falsecount="2"/>
        <line num="605" count="0" type="stmt"/>
        <line num="608" count="20" type="stmt"/>
        <line num="613" count="20" type="stmt"/>
        <line num="614" count="20" type="stmt"/>
        <line num="615" count="20" type="stmt"/>
        <line num="616" count="0" type="cond" truecount="0" falsecount="3"/>
        <line num="617" count="0" type="cond" truecount="0" falsecount="2"/>
        <line num="618" count="0" type="stmt"/>
        <line num="619" count="0" type="cond" truecount="0" falsecount="2"/>
        <line num="620" count="0" type="stmt"/>
        <line num="622" count="0" type="stmt"/>
        <line num="623" count="0" type="cond" truecount="0" falsecount="4"/>
        <line num="624" count="0" type="stmt"/>
        <line num="627" count="20" type="stmt"/>
        <line num="632" count="0" type="stmt"/>
        <line num="633" count="0" type="cond" truecount="0" falsecount="2"/>
        <line num="634" count="0" type="stmt"/>
        <line num="636" count="0" type="stmt"/>
        <line num="637" count="0" type="stmt"/>
        <line num="638" count="0" type="cond" truecount="0" falsecount="2"/>
        <line num="639" count="0" type="stmt"/>
        <line num="642" count="0" type="stmt"/>
        <line num="647" count="20" type="stmt"/>
        <line num="648" count="20" type="stmt"/>
        <line num="649" count="20" type="cond" truecount="1" falsecount="1"/>
        <line num="650" count="20" type="stmt"/>
        <line num="651" count="20" type="stmt"/>
        <line num="652" count="20" type="cond" truecount="4" falsecount="0"/>
        <line num="653" count="18" type="stmt"/>
        <line num="655" count="20" type="stmt"/>
        <line num="660" count="20" type="stmt"/>
        <line num="661" count="20" type="stmt"/>
        <line num="662" count="20" type="cond" truecount="1" falsecount="1"/>
        <line num="663" count="0" type="stmt"/>
        <line num="664" count="0" type="cond" truecount="0" falsecount="2"/>
        <line num="665" count="0" type="stmt"/>
        <line num="666" count="0" type="cond" truecount="0" falsecount="2"/>
        <line num="667" count="0" type="cond" truecount="0" falsecount="2"/>
        <line num="668" count="0" type="cond" truecount="0" falsecount="4"/>
        <line num="669" count="0" type="stmt"/>
        <line num="672" count="0" type="stmt"/>
        <line num="677" count="20" type="stmt"/>
        <line num="678" count="20" type="stmt"/>
        <line num="679" count="20" type="stmt"/>
        <line num="680" count="20" type="stmt"/>
        <line num="681" count="17" type="stmt"/>
        <line num="682" count="17" type="stmt"/>
        <line num="683" count="17" type="cond" truecount="2" falsecount="2"/>
        <line num="685" count="17" type="stmt"/>
        <line num="686" count="17" type="stmt"/>
        <line num="687" count="18" type="cond" truecount="2" falsecount="0"/>
        <line num="688" count="3" type="stmt"/>
        <line num="689" count="3" type="cond" truecount="4" falsecount="0"/>
        <line num="690" count="18" type="cond" truecount="2" falsecount="0"/>
        <line num="691" count="3" type="stmt"/>
        <line num="692" count="3" type="stmt"/>
        <line num="696" count="20" type="stmt"/>
        <line num="701" count="20" type="stmt"/>
        <line num="702" count="20" type="stmt"/>
        <line num="703" count="20" type="stmt"/>
        <line num="704" count="20" type="stmt"/>
        <line num="705" count="0" type="stmt"/>
        <line num="706" count="0" type="cond" truecount="0" falsecount="4"/>
        <line num="707" count="0" type="cond" truecount="0" falsecount="2"/>
        <line num="708" count="0" type="stmt"/>
        <line num="709" count="0" type="cond" truecount="0" falsecount="2"/>
        <line num="710" count="0" type="stmt"/>
        <line num="712" count="0" type="cond" truecount="0" falsecount="2"/>
        <line num="713" count="0" type="cond" truecount="0" falsecount="2"/>
        <line num="714" count="0" type="cond" truecount="0" falsecount="4"/>
        <line num="715" count="0" type="stmt"/>
        <line num="719" count="20" type="stmt"/>
      </file>
      <file name="mock-interceptor.ts" path="/Users/dattu/Code/chrome.yantrakit.a11yScan/extension/src/content/mock-interceptor.ts">
        <metrics statements="44" coveredstatements="13" conditionals="33" coveredconditionals="11" methods="8" coveredmethods="2"/>
        <line num="8" count="1" type="stmt"/>
        <line num="9" count="1" type="stmt"/>
        <line num="10" count="1" type="stmt"/>
        <line num="14" count="0" type="stmt"/>
        <line num="15" count="0" type="stmt"/>
        <line num="18" count="0" type="stmt"/>
        <line num="19" count="0" type="stmt"/>
        <line num="20" count="0" type="cond" truecount="0" falsecount="4"/>
        <line num="21" count="0" type="cond" truecount="0" falsecount="2"/>
        <line num="22" count="0" type="stmt"/>
        <line num="23" count="0" type="cond" truecount="0" falsecount="2"/>
        <line num="25" count="0" type="stmt"/>
        <line num="30" count="0" type="stmt"/>
        <line num="34" count="0" type="stmt"/>
        <line num="35" count="0" type="stmt"/>
        <line num="40" count="0" type="cond" truecount="0" falsecount="2"/>
        <line num="41" count="0" type="stmt"/>
        <line num="42" count="0" type="cond" truecount="0" falsecount="2"/>
        <line num="44" count="0" type="stmt"/>
        <line num="45" count="0" type="stmt"/>
        <line num="46" count="0" type="cond" truecount="0" falsecount="2"/>
        <line num="47" count="0" type="stmt"/>
        <line num="48" count="0" type="stmt"/>
        <line num="49" count="0" type="stmt"/>
        <line num="50" count="0" type="stmt"/>
        <line num="53" count="0" type="stmt"/>
        <line num="59" count="0" type="cond" truecount="0" falsecount="2"/>
        <line num="60" count="0" type="stmt"/>
        <line num="61" count="0" type="stmt"/>
        <line num="63" count="0" type="cond" truecount="0" falsecount="2"/>
        <line num="64" count="0" type="stmt"/>
        <line num="65" count="0" type="stmt"/>
        <line num="67" count="0" type="stmt"/>
        <line num="71" count="0" type="stmt"/>
        <line num="86" count="16" type="stmt"/>
        <line num="87" count="15" type="stmt"/>
        <line num="88" count="15" type="cond" truecount="5" falsecount="0"/>
        <line num="89" count="4" type="stmt"/>
        <line num="90" count="4" type="stmt"/>
        <line num="92" count="2" type="stmt"/>
        <line num="95" count="11" type="stmt"/>
        <line num="97" count="15" type="cond" truecount="2" falsecount="0"/>
        <line num="98" count="12" type="cond" truecount="4" falsecount="0"/>
        <line num="99" count="11" type="stmt"/>
      </file>
      <file name="reading-order.ts" path="/Users/dattu/Code/chrome.yantrakit.a11yScan/extension/src/content/reading-order.ts">
        <metrics statements="99" coveredstatements="90" conditionals="110" coveredconditionals="90" methods="14" coveredmethods="13"/>
        <line num="10" count="20" type="cond" truecount="2" falsecount="0"/>
        <line num="11" count="20" type="cond" truecount="2" falsecount="0"/>
        <line num="13" count="19" type="stmt"/>
        <line num="14" count="19" type="stmt"/>
        <line num="16" count="19" type="stmt"/>
        <line num="18" count="34" type="cond" truecount="2" falsecount="0"/>
        <line num="19" count="33" type="stmt"/>
        <line num="20" count="33" type="cond" truecount="3" falsecount="1"/>
        <line num="21" count="33" type="cond" truecount="2" falsecount="0"/>
        <line num="25" count="33" type="cond" truecount="4" falsecount="0"/>
        <line num="26" count="32" type="stmt"/>
        <line num="27" count="32" type="stmt"/>
        <line num="28" count="32" type="stmt"/>
        <line num="39" count="33" type="stmt"/>
        <line num="42" count="19" type="stmt"/>
        <line num="47" count="52" type="cond" truecount="1" falsecount="1"/>
        <line num="49" count="52" type="stmt"/>
        <line num="50" count="34" type="cond" truecount="1" falsecount="1"/>
        <line num="51" count="34" type="stmt"/>
        <line num="52" count="34" type="cond" truecount="2" falsecount="0"/>
        <line num="53" count="33" type="stmt"/>
        <line num="60" count="52" type="stmt"/>
        <line num="61" count="52" type="stmt"/>
        <line num="62" count="52" type="cond" truecount="1" falsecount="1"/>
        <line num="64" count="0" type="stmt"/>
        <line num="65" count="0" type="stmt"/>
        <line num="66" count="0" type="stmt"/>
        <line num="71" count="32" type="stmt"/>
        <line num="72" count="32" type="stmt"/>
        <line num="75" count="32" type="cond" truecount="2" falsecount="0"/>
        <line num="78" count="29" type="stmt"/>
        <line num="86" count="29" type="cond" truecount="2" falsecount="0"/>
        <line num="89" count="5" type="cond" truecount="1" falsecount="1"/>
        <line num="90" count="5" type="stmt"/>
        <line num="91" count="5" type="cond" truecount="4" falsecount="1"/>
        <line num="94" count="0" type="stmt"/>
        <line num="98" count="32" type="stmt"/>
        <line num="99" count="32" type="cond" truecount="2" falsecount="0"/>
        <line num="101" count="29" type="stmt"/>
        <line num="102" count="29" type="stmt"/>
        <line num="111" count="29" type="cond" truecount="2" falsecount="0"/>
        <line num="115" count="29" type="stmt"/>
        <line num="116" count="29" type="stmt"/>
        <line num="122" count="29" type="cond" truecount="2" falsecount="0"/>
        <line num="126" count="32" type="stmt"/>
        <line num="127" count="32" type="cond" truecount="2" falsecount="0"/>
        <line num="129" count="31" type="stmt"/>
        <line num="130" count="31" type="cond" truecount="2" falsecount="0"/>
        <line num="131" count="1" type="stmt"/>
        <line num="132" count="1" type="cond" truecount="1" falsecount="1"/>
        <line num="135" count="30" type="cond" truecount="4" falsecount="0"/>
        <line num="137" count="29" type="cond" truecount="4" falsecount="0"/>
        <line num="138" count="2" type="stmt"/>
        <line num="139" count="2" type="cond" truecount="2" falsecount="2"/>
        <line num="142" count="27" type="stmt"/>
        <line num="143" count="27" type="cond" truecount="1" falsecount="1"/>
        <line num="146" count="27" type="stmt"/>
        <line num="147" count="27" type="cond" truecount="4" falsecount="0"/>
        <line num="148" count="1" type="stmt"/>
        <line num="152" count="26" type="stmt"/>
        <line num="153" count="0" type="cond" truecount="0" falsecount="2"/>
        <line num="154" count="0" type="stmt"/>
        <line num="155" count="0" type="cond" truecount="0" falsecount="6"/>
        <line num="160" count="0" type="stmt"/>
        <line num="165" count="26" type="cond" truecount="2" falsecount="0"/>
        <line num="169" count="32" type="stmt"/>
        <line num="170" count="32" type="cond" truecount="2" falsecount="0"/>
        <line num="171" count="32" type="cond" truecount="2" falsecount="0"/>
        <line num="172" count="32" type="cond" truecount="2" falsecount="0"/>
        <line num="173" count="32" type="cond" truecount="2" falsecount="0"/>
        <line num="174" count="32" type="cond" truecount="2" falsecount="0"/>
        <line num="175" count="32" type="cond" truecount="4" falsecount="0"/>
        <line num="176" count="32" type="cond" truecount="4" falsecount="0"/>
        <line num="177" count="32" type="cond" truecount="1" falsecount="1"/>
        <line num="178" count="32" type="stmt"/>
        <line num="182" count="32" type="stmt"/>
        <line num="183" count="32" type="cond" truecount="2" falsecount="0"/>
        <line num="184" count="23" type="stmt"/>
        <line num="185" count="23" type="cond" truecount="2" falsecount="0"/>
        <line num="186" count="22" type="stmt"/>
        <line num="190" count="32" type="cond" truecount="2" falsecount="0"/>
        <line num="191" count="29" type="stmt"/>
        <line num="192" count="29" type="stmt"/>
        <line num="193" count="29" type="cond" truecount="3" falsecount="0"/>
        <line num="194" count="31" type="stmt"/>
        <line num="195" count="31" type="cond" truecount="2" falsecount="0"/>
        <line num="196" count="1" type="stmt"/>
        <line num="197" count="1" type="stmt"/>
        <line num="199" count="30" type="stmt"/>
        <line num="200" count="30" type="cond" truecount="1" falsecount="1"/>
        <line num="201" count="30" type="stmt"/>
        <line num="202" count="63" type="stmt"/>
        <line num="203" count="30" type="cond" truecount="2" falsecount="0"/>
        <line num="204" count="6" type="stmt"/>
        <line num="205" count="6" type="stmt"/>
        <line num="207" count="24" type="stmt"/>
        <line num="210" count="0" type="stmt"/>
        <line num="212" count="30" type="stmt"/>
        <line num="214" count="31" type="stmt"/>
      </file>
      <file name="tab-order.ts" path="/Users/dattu/Code/chrome.yantrakit.a11yScan/extension/src/content/tab-order.ts">
        <metrics statements="107" coveredstatements="64" conditionals="103" coveredconditionals="54" methods="17" coveredmethods="11"/>
        <line num="8" count="1" type="stmt"/>
        <line num="9" count="1" type="stmt"/>
        <line num="13" count="7" type="stmt"/>
        <line num="14" count="7" type="stmt"/>
        <line num="15" count="13" type="stmt"/>
        <line num="16" count="13" type="cond" truecount="2" falsecount="0"/>
        <line num="20" count="13" type="stmt"/>
        <line num="21" count="13" type="cond" truecount="2" falsecount="0"/>
        <line num="22" count="7" type="stmt"/>
        <line num="24" count="12" type="stmt"/>
        <line num="36" count="4" type="stmt"/>
        <line num="37" count="4" type="stmt"/>
        <line num="39" count="2" type="stmt"/>
        <line num="40" count="2" type="cond" truecount="3" falsecount="0"/>
        <line num="44" count="4" type="stmt"/>
        <line num="45" count="4" type="stmt"/>
        <line num="46" count="4" type="cond" truecount="2" falsecount="0"/>
        <line num="47" count="3" type="stmt"/>
        <line num="48" count="3" type="cond" truecount="3" falsecount="1"/>
        <line num="50" count="3" type="stmt"/>
        <line num="51" count="3" type="cond" truecount="2" falsecount="0"/>
        <line num="52" count="2" type="cond" truecount="1" falsecount="1"/>
        <line num="53" count="2" type="cond" truecount="1" falsecount="1"/>
        <line num="54" count="0" type="cond" truecount="0" falsecount="4"/>
        <line num="55" count="0" type="cond" truecount="0" falsecount="4"/>
        <line num="57" count="3" type="stmt"/>
        <line num="63" count="4" type="stmt"/>
        <line num="68" count="12" type="stmt"/>
        <line num="69" count="12" type="stmt"/>
        <line num="70" count="12" type="stmt"/>
        <line num="71" count="12" type="stmt"/>
        <line num="73" count="12" type="stmt"/>
        <line num="74" count="12" type="stmt"/>
        <line num="75" count="12" type="stmt"/>
        <line num="76" count="12" type="stmt"/>
        <line num="77" count="12" type="stmt"/>
        <line num="79" count="12" type="stmt"/>
        <line num="85" count="0" type="stmt"/>
        <line num="89" count="1" type="stmt"/>
        <line num="94" count="12" type="stmt"/>
        <line num="95" count="12" type="cond" truecount="2" falsecount="0"/>
        <line num="98" count="11" type="stmt"/>
        <line num="99" count="11" type="cond" truecount="1" falsecount="1"/>
        <line num="100" count="0" type="stmt"/>
        <line num="101" count="0" type="cond" truecount="0" falsecount="2"/>
        <line num="102" count="0" type="cond" truecount="0" falsecount="2"/>
        <line num="106" count="11" type="cond" truecount="5" falsecount="0"/>
        <line num="107" count="2" type="cond" truecount="1" falsecount="1"/>
        <line num="109" count="2" type="stmt"/>
        <line num="110" count="2" type="cond" truecount="1" falsecount="3"/>
        <line num="112" count="2" type="stmt"/>
        <line num="113" count="2" type="cond" truecount="1" falsecount="3"/>
        <line num="117" count="11" type="cond" truecount="1" falsecount="3"/>
        <line num="120" count="11" type="stmt"/>
        <line num="121" count="11" type="cond" truecount="1" falsecount="1"/>
        <line num="124" count="11" type="cond" truecount="2" falsecount="0"/>
        <line num="129" count="0" type="stmt"/>
        <line num="130" count="0" type="stmt"/>
        <line num="131" count="0" type="stmt"/>
        <line num="132" count="0" type="cond" truecount="0" falsecount="2"/>
        <line num="135" count="0" type="stmt"/>
        <line num="136" count="0" type="stmt"/>
        <line num="137" count="0" type="stmt"/>
        <line num="138" count="0" type="stmt"/>
        <line num="139" count="0" type="stmt"/>
        <line num="140" count="0" type="stmt"/>
        <line num="142" count="0" type="stmt"/>
        <line num="143" count="0" type="stmt"/>
        <line num="144" count="0" type="stmt"/>
        <line num="145" count="0" type="stmt"/>
        <line num="146" count="0" type="stmt"/>
        <line num="147" count="0" type="stmt"/>
        <line num="150" count="0" type="cond" truecount="0" falsecount="2"/>
        <line num="151" count="0" type="cond" truecount="0" falsecount="2"/>
        <line num="152" count="0" type="cond" truecount="0" falsecount="2"/>
        <line num="153" count="0" type="cond" truecount="0" falsecount="2"/>
        <line num="155" count="0" type="stmt"/>
        <line num="161" count="0" type="stmt"/>
        <line num="168" count="0" type="stmt"/>
        <line num="169" count="0" type="stmt"/>
        <line num="170" count="0" type="stmt"/>
        <line num="171" count="0" type="stmt"/>
        <line num="172" count="0" type="cond" truecount="0" falsecount="3"/>
        <line num="175" count="0" type="stmt"/>
        <line num="176" count="0" type="stmt"/>
        <line num="177" count="0" type="stmt"/>
        <line num="178" count="0" type="cond" truecount="0" falsecount="2"/>
        <line num="180" count="0" type="stmt"/>
        <line num="181" count="0" type="stmt"/>
        <line num="183" count="0" type="cond" truecount="0" falsecount="4"/>
        <line num="184" count="0" type="stmt"/>
        <line num="189" count="0" type="stmt"/>
        <line num="194" count="0" type="stmt"/>
        <line num="199" count="5" type="stmt"/>
        <line num="200" count="5" type="stmt"/>
        <line num="202" count="5" type="stmt"/>
        <line num="203" count="5" type="cond" truecount="2" falsecount="1"/>
        <line num="204" count="5" type="cond" truecount="1" falsecount="1"/>
        <line num="205" count="5" type="cond" truecount="3" falsecount="0"/>
        <line num="207" count="5" type="cond" truecount="5" falsecount="0"/>
        <line num="208" count="4" type="stmt"/>
        <line num="209" count="4" type="stmt"/>
        <line num="210" count="4" type="stmt"/>
        <line num="219" count="5" type="cond" truecount="2" falsecount="0"/>
        <line num="220" count="1" type="stmt"/>
        <line num="221" count="1" type="cond" truecount="1" falsecount="1"/>
        <line num="226" count="5" type="stmt"/>
      </file>
    </package>
    <package name="shared">
      <metrics statements="281" coveredstatements="255" conditionals="355" coveredconditionals="312" methods="59" coveredmethods="52"/>
      <file name="aria-patterns.ts" path="/Users/dattu/Code/chrome.yantrakit.a11yScan/extension/src/shared/aria-patterns.ts">
        <metrics statements="61" coveredstatements="55" conditionals="74" coveredconditionals="54" methods="31" coveredmethods="28"/>
        <line num="20" count="50" type="stmt"/>
        <line num="25" count="7" type="stmt"/>
        <line num="30" count="11" type="stmt"/>
        <line num="33" count="2" type="stmt"/>
        <line num="40" count="3" type="stmt"/>
        <line num="41" count="3" type="cond" truecount="2" falsecount="0"/>
        <line num="44" count="3" type="stmt"/>
        <line num="45" count="3" type="stmt"/>
        <line num="46" count="3" type="cond" truecount="2" falsecount="0"/>
        <line num="49" count="3" type="stmt"/>
        <line num="50" count="6" type="stmt"/>
        <line num="51" count="3" type="cond" truecount="2" falsecount="0"/>
        <line num="61" count="4" type="stmt"/>
        <line num="62" count="4" type="cond" truecount="1" falsecount="1"/>
        <line num="65" count="1" type="stmt"/>
        <line num="66" count="1" type="cond" truecount="1" falsecount="1"/>
        <line num="76" count="1" type="stmt"/>
        <line num="77" count="1" type="cond" truecount="1" falsecount="1"/>
        <line num="87" count="6" type="cond" truecount="2" falsecount="0"/>
        <line num="88" count="6" type="cond" truecount="2" falsecount="0"/>
        <line num="91" count="6" type="cond" truecount="2" falsecount="0"/>
        <line num="92" count="6" type="cond" truecount="2" falsecount="0"/>
        <line num="95" count="5" type="stmt"/>
        <line num="96" count="5" type="cond" truecount="2" falsecount="0"/>
        <line num="106" count="1" type="stmt"/>
        <line num="107" count="1" type="cond" truecount="1" falsecount="1"/>
        <line num="110" count="2" type="stmt"/>
        <line num="111" count="2" type="cond" truecount="2" falsecount="0"/>
        <line num="121" count="3" type="cond" truecount="2" falsecount="0"/>
        <line num="122" count="3" type="cond" truecount="2" falsecount="0"/>
        <line num="125" count="2" type="stmt"/>
        <line num="126" count="2" type="cond" truecount="2" falsecount="0"/>
        <line num="136" count="0" type="stmt"/>
        <line num="137" count="0" type="cond" truecount="0" falsecount="2"/>
        <line num="140" count="2" type="stmt"/>
        <line num="141" count="2" type="stmt"/>
        <line num="142" count="2" type="cond" truecount="6" falsecount="0"/>
        <line num="152" count="3" type="stmt"/>
        <line num="153" count="3" type="cond" truecount="2" falsecount="0"/>
        <line num="156" count="1" type="stmt"/>
        <line num="157" count="1" type="stmt"/>
        <line num="158" count="1" type="cond" truecount="1" falsecount="1"/>
        <line num="159" count="1" type="cond" truecount="1" falsecount="1"/>
        <line num="169" count="0" type="stmt"/>
        <line num="170" count="0" type="cond" truecount="0" falsecount="2"/>
        <line num="173" count="2" type="stmt"/>
        <line num="174" count="2" type="cond" truecount="2" falsecount="0"/>
        <line num="184" count="1" type="stmt"/>
        <line num="185" count="1" type="cond" truecount="1" falsecount="1"/>
        <line num="188" count="3" type="cond" truecount="4" falsecount="1"/>
        <line num="189" count="3" type="cond" truecount="2" falsecount="0"/>
        <line num="199" count="2" type="stmt"/>
        <line num="200" count="2" type="cond" truecount="2" falsecount="0"/>
        <line num="203" count="0" type="cond" truecount="0" falsecount="5"/>
        <line num="204" count="0" type="cond" truecount="0" falsecount="2"/>
        <line num="214" count="2" type="stmt"/>
        <line num="215" count="2" type="cond" truecount="1" falsecount="1"/>
        <line num="216" count="2" type="stmt"/>
        <line num="217" count="2" type="cond" truecount="2" falsecount="0"/>
        <line num="220" count="2" type="stmt"/>
        <line num="221" count="2" type="cond" truecount="2" falsecount="0"/>
      </file>
      <file name="config.ts" path="/Users/dattu/Code/chrome.yantrakit.a11yScan/extension/src/shared/config.ts">
        <metrics statements="37" coveredstatements="18" conditionals="14" coveredconditionals="0" methods="5" coveredmethods="1"/>
        <line num="8" count="3" type="stmt"/>
        <line num="9" count="3" type="stmt"/>
        <line num="10" count="3" type="stmt"/>
        <line num="12" count="3" type="stmt"/>
        <line num="15" count="3" type="stmt"/>
        <line num="17" count="3" type="stmt"/>
        <line num="29" count="0" type="stmt"/>
        <line num="30" count="0" type="cond" truecount="0" falsecount="2"/>
        <line num="32" count="0" type="stmt"/>
        <line num="38" count="0" type="stmt"/>
        <line num="43" count="0" type="stmt"/>
        <line num="47" count="0" type="stmt"/>
        <line num="48" count="0" type="stmt"/>
        <line num="49" count="0" type="stmt"/>
        <line num="50" count="0" type="cond" truecount="0" falsecount="4"/>
        <line num="51" count="0" type="cond" truecount="0" falsecount="2"/>
        <line num="52" count="0" type="stmt"/>
        <line num="56" count="0" type="stmt"/>
        <line num="57" count="0" type="stmt"/>
        <line num="58" count="0" type="cond" truecount="0" falsecount="2"/>
        <line num="59" count="0" type="stmt"/>
        <line num="61" count="0" type="stmt"/>
        <line num="69" count="0" type="stmt"/>
        <line num="73" count="0" type="stmt"/>
        <line num="75" count="0" type="stmt"/>
        <line num="83" count="5" type="stmt"/>
        <line num="85" count="5" type="stmt"/>
        <line num="86" count="5" type="stmt"/>
        <line num="87" count="5" type="stmt"/>
        <line num="88" count="5" type="stmt"/>
        <line num="89" count="5" type="stmt"/>
        <line num="91" count="5" type="stmt"/>
        <line num="92" count="10" type="stmt"/>
        <line num="93" count="22" type="stmt"/>
        <line num="94" count="22" type="stmt"/>
        <line num="95" count="22" type="stmt"/>
        <line num="98" count="5" type="stmt"/>
      </file>
      <file name="types.ts" path="/Users/dattu/Code/chrome.yantrakit.a11yScan/extension/src/shared/types.ts">
        <metrics statements="2" coveredstatements="2" conditionals="0" coveredconditionals="0" methods="0" coveredmethods="0"/>
        <line num="171" count="2" type="stmt"/>
        <line num="176" count="2" type="stmt"/>
      </file>
      <file name="utils.ts" path="/Users/dattu/Code/chrome.yantrakit.a11yScan/extension/src/shared/utils.ts">
        <metrics statements="31" coveredstatements="31" conditionals="18" coveredconditionals="18" methods="13" coveredmethods="13"/>
        <line num="7" count="8" type="cond" truecount="2" falsecount="0"/>
        <line num="8" count="7" type="stmt"/>
        <line num="9" count="30" type="stmt"/>
        <line num="14" count="3" type="stmt"/>
        <line num="19" count="2" type="stmt"/>
        <line num="24" count="7" type="cond" truecount="2" falsecount="0"/>
        <line num="25" count="6" type="cond" truecount="2" falsecount="0"/>
        <line num="26" count="5" type="stmt"/>
        <line num="27" count="5" type="stmt"/>
        <line num="28" count="5" type="stmt"/>
        <line num="29" count="4" type="cond" truecount="2" falsecount="0"/>
        <line num="30" count="2" type="stmt"/>
        <line num="31" count="2" type="cond" truecount="2" falsecount="0"/>
        <line num="33" count="2" type="stmt"/>
        <line num="36" count="1" type="stmt"/>
        <line num="42" count="2" type="stmt"/>
        <line num="43" count="2" type="stmt"/>
        <line num="45" count="1" type="stmt"/>
        <line num="50" count="5" type="stmt"/>
        <line num="59" count="8" type="stmt"/>
        <line num="74" count="112" type="cond" truecount="2" falsecount="0"/>
        <line num="75" count="72" type="stmt"/>
        <line num="76" count="72" type="stmt"/>
        <line num="77" count="13" type="stmt"/>
        <line num="79" count="7" type="stmt"/>
        <line num="81" count="72" type="cond" truecount="2" falsecount="0"/>
        <line num="86" count="10" type="stmt"/>
        <line num="87" count="5" type="cond" truecount="2" falsecount="0"/>
        <line num="88" count="3" type="stmt"/>
        <line num="89" count="5" type="cond" truecount="2" falsecount="0"/>
        <line num="91" count="1" type="stmt"/>
      </file>
      <file name="validate-test-config.ts" path="/Users/dattu/Code/chrome.yantrakit.a11yScan/extension/src/shared/validate-test-config.ts">
        <metrics statements="133" coveredstatements="132" conditionals="243" coveredconditionals="234" methods="1" coveredmethods="1"/>
        <line num="21" count="87" type="stmt"/>
        <line num="22" count="87" type="stmt"/>
        <line num="24" count="1" type="cond" truecount="1" falsecount="1"/>
        <line num="25" count="1" type="stmt"/>
        <line num="28" count="86" type="cond" truecount="5" falsecount="0"/>
        <line num="29" count="3" type="stmt"/>
        <line num="32" count="83" type="stmt"/>
        <line num="35" count="83" type="cond" truecount="4" falsecount="0"/>
        <line num="36" count="9" type="cond" truecount="5" falsecount="0"/>
        <line num="37" count="1" type="stmt"/>
        <line num="39" count="8" type="stmt"/>
        <line num="40" count="8" type="cond" truecount="4" falsecount="0"/>
        <line num="41" count="4" type="cond" truecount="2" falsecount="0"/>
        <line num="42" count="1" type="stmt"/>
        <line num="45" count="7" type="cond" truecount="4" falsecount="0"/>
        <line num="46" count="4" type="cond" truecount="2" falsecount="0"/>
        <line num="47" count="1" type="stmt"/>
        <line num="53" count="80" type="cond" truecount="4" falsecount="0"/>
        <line num="54" count="5" type="cond" truecount="2" falsecount="0"/>
        <line num="55" count="1" type="stmt"/>
        <line num="57" count="4" type="stmt"/>
        <line num="58" count="6" type="cond" truecount="5" falsecount="0"/>
        <line num="59" count="3" type="stmt"/>
        <line num="65" count="76" type="cond" truecount="4" falsecount="0"/>
        <line num="66" count="12" type="cond" truecount="5" falsecount="0"/>
        <line num="67" count="1" type="stmt"/>
        <line num="69" count="11" type="stmt"/>
        <line num="70" count="11" type="stmt"/>
        <line num="71" count="21" type="cond" truecount="4" falsecount="0"/>
        <line num="72" count="3" type="cond" truecount="5" falsecount="0"/>
        <line num="73" count="1" type="stmt"/>
        <line num="77" count="10" type="cond" truecount="4" falsecount="0"/>
        <line num="78" count="9" type="stmt"/>
        <line num="79" count="9" type="cond" truecount="4" falsecount="0"/>
        <line num="80" count="4" type="stmt"/>
        <line num="86" count="70" type="cond" truecount="4" falsecount="0"/>
        <line num="87" count="6" type="cond" truecount="5" falsecount="0"/>
        <line num="88" count="1" type="stmt"/>
        <line num="90" count="5" type="stmt"/>
        <line num="91" count="5" type="stmt"/>
        <line num="92" count="8" type="cond" truecount="4" falsecount="0"/>
        <line num="93" count="6" type="cond" truecount="2" falsecount="0"/>
        <line num="94" count="1" type="stmt"/>
        <line num="96" count="5" type="stmt"/>
        <line num="97" count="5" type="cond" truecount="2" falsecount="0"/>
        <line num="98" count="1" type="stmt"/>
        <line num="107" count="3" type="cond" truecount="6" falsecount="0"/>
        <line num="108" count="1" type="stmt"/>
        <line num="113" count="66" type="cond" truecount="4" falsecount="0"/>
        <line num="114" count="9" type="cond" truecount="5" falsecount="0"/>
        <line num="115" count="1" type="stmt"/>
        <line num="117" count="8" type="stmt"/>
        <line num="118" count="8" type="cond" truecount="4" falsecount="0"/>
        <line num="119" count="3" type="cond" truecount="2" falsecount="0"/>
        <line num="120" count="1" type="stmt"/>
        <line num="123" count="7" type="cond" truecount="5" falsecount="0"/>
        <line num="124" count="1" type="stmt"/>
        <line num="126" count="6" type="cond" truecount="4" falsecount="0"/>
        <line num="127" count="3" type="cond" truecount="2" falsecount="0"/>
        <line num="128" count="1" type="stmt"/>
        <line num="130" count="2" type="stmt"/>
        <line num="131" count="3" type="cond" truecount="2" falsecount="0"/>
        <line num="132" count="1" type="stmt"/>
        <line num="139" count="61" type="cond" truecount="4" falsecount="0"/>
        <line num="140" count="9" type="cond" truecount="5" falsecount="0"/>
        <line num="141" count="1" type="stmt"/>
        <line num="143" count="8" type="stmt"/>
        <line num="144" count="8" type="cond" truecount="3" falsecount="1"/>
        <line num="145" count="8" type="cond" truecount="5" falsecount="0"/>
        <line num="146" count="1" type="stmt"/>
        <line num="148" count="7" type="stmt"/>
        <line num="149" count="7" type="cond" truecount="3" falsecount="1"/>
        <line num="150" count="7" type="cond" truecount="2" falsecount="0"/>
        <line num="151" count="1" type="stmt"/>
        <line num="154" count="6" type="cond" truecount="3" falsecount="1"/>
        <line num="155" count="6" type="cond" truecount="2" falsecount="0"/>
        <line num="156" count="1" type="stmt"/>
        <line num="158" count="5" type="stmt"/>
        <line num="159" count="5" type="cond" truecount="2" falsecount="0"/>
        <line num="160" count="1" type="stmt"/>
        <line num="168" count="56" type="cond" truecount="4" falsecount="0"/>
        <line num="169" count="6" type="cond" truecount="2" falsecount="0"/>
        <line num="170" count="1" type="stmt"/>
        <line num="172" count="5" type="stmt"/>
        <line num="173" count="5" type="cond" truecount="5" falsecount="0"/>
        <line num="174" count="1" type="stmt"/>
        <line num="176" count="4" type="stmt"/>
        <line num="177" count="4" type="cond" truecount="2" falsecount="0"/>
        <line num="178" count="1" type="stmt"/>
        <line num="180" count="3" type="cond" truecount="2" falsecount="0"/>
        <line num="181" count="1" type="stmt"/>
        <line num="183" count="2" type="cond" truecount="2" falsecount="0"/>
        <line num="184" count="1" type="stmt"/>
        <line num="190" count="51" type="cond" truecount="4" falsecount="0"/>
        <line num="191" count="17" type="cond" truecount="2" falsecount="0"/>
        <line num="192" count="1" type="stmt"/>
        <line num="194" count="16" type="stmt"/>
        <line num="195" count="16" type="cond" truecount="5" falsecount="0"/>
        <line num="196" count="1" type="stmt"/>
        <line num="198" count="15" type="stmt"/>
        <line num="199" count="15" type="cond" truecount="2" falsecount="0"/>
        <line num="200" count="1" type="stmt"/>
        <line num="202" count="14" type="cond" truecount="4" falsecount="0"/>
        <line num="203" count="13" type="cond" truecount="6" falsecount="0"/>
        <line num="204" count="3" type="stmt"/>
        <line num="207" count="11" type="cond" truecount="4" falsecount="0"/>
        <line num="208" count="8" type="cond" truecount="1" falsecount="1"/>
        <line num="209" count="0" type="stmt"/>
        <line num="211" count="8" type="cond" truecount="2" falsecount="0"/>
        <line num="212" count="1" type="stmt"/>
        <line num="215" count="10" type="cond" truecount="4" falsecount="0"/>
        <line num="216" count="1" type="cond" truecount="2" falsecount="3"/>
        <line num="217" count="1" type="stmt"/>
        <line num="224" count="43" type="cond" truecount="4" falsecount="0"/>
        <line num="225" count="3" type="cond" truecount="5" falsecount="0"/>
        <line num="226" count="1" type="stmt"/>
        <line num="228" count="2" type="stmt"/>
        <line num="229" count="2" type="stmt"/>
        <line num="230" count="5" type="cond" truecount="5" falsecount="0"/>
        <line num="231" count="1" type="stmt"/>
        <line num="237" count="41" type="cond" truecount="4" falsecount="0"/>
        <line num="238" count="5" type="cond" truecount="5" falsecount="0"/>
        <line num="239" count="1" type="stmt"/>
        <line num="241" count="4" type="stmt"/>
        <line num="242" count="4" type="cond" truecount="5" falsecount="0"/>
        <line num="243" count="1" type="stmt"/>
        <line num="245" count="3" type="cond" truecount="3" falsecount="1"/>
        <line num="246" count="3" type="cond" truecount="2" falsecount="0"/>
        <line num="247" count="1" type="stmt"/>
        <line num="249" count="2" type="stmt"/>
        <line num="250" count="4" type="cond" truecount="4" falsecount="0"/>
        <line num="251" count="1" type="stmt"/>
        <line num="257" count="37" type="stmt"/>
      </file>
      <file name="wcag-mapping.ts" path="/Users/dattu/Code/chrome.yantrakit.a11yScan/extension/src/shared/wcag-mapping.ts">
        <metrics statements="17" coveredstatements="17" conditionals="6" coveredconditionals="6" methods="9" coveredmethods="9"/>
        <line num="26" count="1" type="stmt"/>
        <line num="125" count="1" type="stmt"/>
        <line num="160" count="3" type="stmt"/>
        <line num="161" count="3" type="cond" truecount="2" falsecount="0"/>
        <line num="166" count="5" type="stmt"/>
        <line num="167" count="5" type="stmt"/>
        <line num="168" count="5" type="stmt"/>
        <line num="169" count="430" type="cond" truecount="2" falsecount="0"/>
        <line num="170" count="282" type="stmt"/>
        <line num="176" count="110" type="stmt"/>
        <line num="181" count="344" type="stmt"/>
        <line num="195" count="10" type="stmt"/>
        <line num="196" count="10" type="stmt"/>
        <line num="197" count="10" type="stmt"/>
        <line num="198" count="20" type="stmt"/>
        <line num="199" count="20" type="cond" truecount="2" falsecount="0"/>
        <line num="201" count="10" type="stmt"/>
      </file>
    </package>
  </project>
</coverage>
