{"/Users/dattu/Code/chrome.yantrakit.a11yScan/extension/src/background/crawl.ts": {"path":"/Users/dattu/Code/chrome.yantrakit.a11yScan/extension/src/background/crawl.ts","statementMap":{"0":{"start":{"line":11,"column":26},"end":{"line":11,"column":null}},"1":{"start":{"line":13,"column":30},"end":{"line":23,"column":null}},"2":{"start":{"line":25,"column":41},"end":{"line":25,"column":null}},"3":{"start":{"line":26,"column":42},"end":{"line":26,"column":null}},"4":{"start":{"line":27,"column":18},"end":{"line":27,"column":null}},"5":{"start":{"line":28,"column":19},"end":{"line":28,"column":null}},"6":{"start":{"line":38,"column":2},"end":{"line":90,"column":null}},"7":{"start":{"line":40,"column":28},"end":{"line":40,"column":null}},"8":{"start":{"line":41,"column":42},"end":{"line":41,"column":null}},"9":{"start":{"line":42,"column":6},"end":{"line":42,"column":null}},"10":{"start":{"line":43,"column":6},"end":{"line":43,"column":null}},"11":{"start":{"line":44,"column":6},"end":{"line":44,"column":null}},"12":{"start":{"line":45,"column":6},"end":{"line":45,"column":null}},"13":{"start":{"line":46,"column":6},"end":{"line":46,"column":null}},"14":{"start":{"line":47,"column":6},"end":{"line":47,"column":null}},"15":{"start":{"line":48,"column":6},"end":{"line":48,"column":null}},"16":{"start":{"line":52,"column":6},"end":{"line":52,"column":null}},"17":{"start":{"line":53,"column":6},"end":{"line":53,"column":null}},"18":{"start":{"line":54,"column":6},"end":{"line":54,"column":null}},"19":{"start":{"line":55,"column":6},"end":{"line":55,"column":null}},"20":{"start":{"line":56,"column":6},"end":{"line":56,"column":null}},"21":{"start":{"line":57,"column":6},"end":{"line":57,"column":null}},"22":{"start":{"line":60,"column":6},"end":{"line":60,"column":null}},"23":{"start":{"line":61,"column":6},"end":{"line":61,"column":null}},"24":{"start":{"line":62,"column":6},"end":{"line":62,"column":null}},"25":{"start":{"line":63,"column":6},"end":{"line":63,"column":null}},"26":{"start":{"line":64,"column":6},"end":{"line":64,"column":null}},"27":{"start":{"line":65,"column":6},"end":{"line":65,"column":null}},"28":{"start":{"line":66,"column":6},"end":{"line":66,"column":null}},"29":{"start":{"line":69,"column":6},"end":{"line":69,"column":null}},"30":{"start":{"line":70,"column":6},"end":{"line":70,"column":null}},"31":{"start":{"line":71,"column":6},"end":{"line":71,"column":null}},"32":{"start":{"line":72,"column":6},"end":{"line":72,"column":null}},"33":{"start":{"line":73,"column":6},"end":{"line":73,"column":null}},"34":{"start":{"line":74,"column":6},"end":{"line":74,"column":null}},"35":{"start":{"line":75,"column":6},"end":{"line":75,"column":null}},"36":{"start":{"line":78,"column":6},"end":{"line":78,"column":null}},"37":{"start":{"line":79,"column":6},"end":{"line":79,"column":null}},"38":{"start":{"line":82,"column":6},"end":{"line":82,"column":null}},"39":{"start":{"line":83,"column":6},"end":{"line":83,"column":null}},"40":{"start":{"line":84,"column":6},"end":{"line":84,"column":null}},"41":{"start":{"line":85,"column":6},"end":{"line":85,"column":null}},"42":{"start":{"line":86,"column":6},"end":{"line":86,"column":null}},"43":{"start":{"line":87,"column":6},"end":{"line":87,"column":null}},"44":{"start":{"line":90,"column":6},"end":{"line":90,"column":null}},"45":{"start":{"line":99,"column":16},"end":{"line":99,"column":78}},"46":{"start":{"line":100,"column":2},"end":{"line":100,"column":null}},"47":{"start":{"line":100,"column":17},"end":{"line":100,"column":null}},"48":{"start":{"line":102,"column":19},"end":{"line":102,"column":41}},"49":{"start":{"line":103,"column":25},"end":{"line":103,"column":null}},"50":{"start":{"line":105,"column":2},"end":{"line":115,"column":null}},"51":{"start":{"line":117,"column":2},"end":{"line":117,"column":null}},"52":{"start":{"line":118,"column":2},"end":{"line":118,"column":null}},"53":{"start":{"line":119,"column":2},"end":{"line":119,"column":null}},"54":{"start":{"line":122,"column":2},"end":{"line":130,"column":null}},"55":{"start":{"line":123,"column":4},"end":{"line":130,"column":null}},"56":{"start":{"line":124,"column":6},"end":{"line":124,"column":null}},"57":{"start":{"line":126,"column":6},"end":{"line":126,"column":null}},"58":{"start":{"line":127,"column":6},"end":{"line":127,"column":null}},"59":{"start":{"line":128,"column":6},"end":{"line":128,"column":null}},"60":{"start":{"line":129,"column":6},"end":{"line":129,"column":null}},"61":{"start":{"line":130,"column":6},"end":{"line":130,"column":null}},"62":{"start":{"line":134,"column":2},"end":{"line":134,"column":null}},"63":{"start":{"line":139,"column":2},"end":{"line":139,"column":null}},"64":{"start":{"line":140,"column":2},"end":{"line":140,"column":null}},"65":{"start":{"line":143,"column":2},"end":{"line":143,"column":null}},"66":{"start":{"line":144,"column":2},"end":{"line":160,"column":null}},"67":{"start":{"line":147,"column":25},"end":{"line":147,"column":65}},"68":{"start":{"line":148,"column":25},"end":{"line":148,"column":65}},"69":{"start":{"line":149,"column":23},"end":{"line":149,"column":61}},"70":{"start":{"line":150,"column":6},"end":{"line":150,"column":null}},"71":{"start":{"line":150,"column":23},"end":{"line":150,"column":null}},"72":{"start":{"line":151,"column":6},"end":{"line":151,"column":null}},"73":{"start":{"line":151,"column":23},"end":{"line":151,"column":null}},"74":{"start":{"line":152,"column":6},"end":{"line":152,"column":null}},"75":{"start":{"line":152,"column":21},"end":{"line":152,"column":null}},"76":{"start":{"line":153,"column":6},"end":{"line":153,"column":null}},"77":{"start":{"line":154,"column":6},"end":{"line":154,"column":null}},"78":{"start":{"line":155,"column":6},"end":{"line":155,"column":null}},"79":{"start":{"line":156,"column":6},"end":{"line":156,"column":null}},"80":{"start":{"line":157,"column":6},"end":{"line":157,"column":null}},"81":{"start":{"line":163,"column":2},"end":{"line":163,"column":null}},"82":{"start":{"line":167,"column":2},"end":{"line":167,"column":null}},"83":{"start":{"line":168,"column":2},"end":{"line":168,"column":null}},"84":{"start":{"line":172,"column":2},"end":{"line":172,"column":null}},"85":{"start":{"line":172,"column":78},"end":{"line":172,"column":null}},"86":{"start":{"line":173,"column":2},"end":{"line":179,"column":null}},"87":{"start":{"line":174,"column":17},"end":{"line":174,"column":null}},"88":{"start":{"line":174,"column":55},"end":{"line":174,"column":65}},"89":{"start":{"line":175,"column":19},"end":{"line":175,"column":null}},"90":{"start":{"line":175,"column":57},"end":{"line":175,"column":74}},"91":{"start":{"line":176,"column":18},"end":{"line":178,"column":null}},"92":{"start":{"line":177,"column":6},"end":{"line":177,"column":null}},"93":{"start":{"line":177,"column":12},"end":{"line":177,"column":52}},"94":{"start":{"line":177,"column":54},"end":{"line":177,"column":null}},"95":{"start":{"line":179,"column":13},"end":{"line":179,"column":null}},"96":{"start":{"line":188,"column":2},"end":{"line":193,"column":null}},"97":{"start":{"line":189,"column":14},"end":{"line":189,"column":26}},"98":{"start":{"line":190,"column":4},"end":{"line":190,"column":null}},"99":{"start":{"line":191,"column":4},"end":{"line":191,"column":null}},"100":{"start":{"line":193,"column":4},"end":{"line":193,"column":null}},"101":{"start":{"line":198,"column":2},"end":{"line":318,"column":null}},"102":{"start":{"line":199,"column":4},"end":{"line":199,"column":null}},"103":{"start":{"line":199,"column":22},"end":{"line":199,"column":null}},"104":{"start":{"line":201,"column":4},"end":{"line":205,"column":null}},"105":{"start":{"line":202,"column":6},"end":{"line":202,"column":null}},"106":{"start":{"line":203,"column":6},"end":{"line":203,"column":null}},"107":{"start":{"line":204,"column":6},"end":{"line":204,"column":null}},"108":{"start":{"line":205,"column":6},"end":{"line":205,"column":null}},"109":{"start":{"line":208,"column":16},"end":{"line":208,"column":38}},"110":{"start":{"line":209,"column":4},"end":{"line":209,"column":null}},"111":{"start":{"line":209,"column":42},"end":{"line":209,"column":null}},"112":{"start":{"line":212,"column":20},"end":{"line":212,"column":66}},"113":{"start":{"line":215,"column":4},"end":{"line":233,"column":null}},"114":{"start":{"line":216,"column":26},"end":{"line":222,"column":null}},"115":{"start":{"line":217,"column":8},"end":{"line":220,"column":null}},"116":{"start":{"line":218,"column":10},"end":{"line":218,"column":null}},"117":{"start":{"line":220,"column":10},"end":{"line":220,"column":null}},"118":{"start":{"line":224,"column":6},"end":{"line":233,"column":null}},"119":{"start":{"line":225,"column":8},"end":{"line":225,"column":null}},"120":{"start":{"line":226,"column":8},"end":{"line":226,"column":null}},"121":{"start":{"line":227,"column":8},"end":{"line":227,"column":null}},"122":{"start":{"line":228,"column":8},"end":{"line":231,"column":null}},"123":{"start":{"line":232,"column":8},"end":{"line":232,"column":null}},"124":{"start":{"line":233,"column":8},"end":{"line":233,"column":null}},"125":{"start":{"line":238,"column":4},"end":{"line":238,"column":null}},"126":{"start":{"line":239,"column":4},"end":{"line":239,"column":null}},"127":{"start":{"line":240,"column":4},"end":{"line":240,"column":null}},"128":{"start":{"line":242,"column":4},"end":{"line":318,"column":null}},"129":{"start":{"line":243,"column":20},"end":{"line":243,"column":82}},"130":{"start":{"line":244,"column":6},"end":{"line":244,"column":null}},"131":{"start":{"line":244,"column":20},"end":{"line":244,"column":null}},"132":{"start":{"line":246,"column":6},"end":{"line":246,"column":null}},"133":{"start":{"line":247,"column":6},"end":{"line":247,"column":null}},"134":{"start":{"line":250,"column":6},"end":{"line":250,"column":null}},"135":{"start":{"line":251,"column":21},"end":{"line":251,"column":38}},"136":{"start":{"line":254,"column":6},"end":{"line":254,"column":null}},"137":{"start":{"line":254,"column":42},"end":{"line":254,"column":null}},"138":{"start":{"line":255,"column":6},"end":{"line":255,"column":null}},"139":{"start":{"line":255,"column":40},"end":{"line":255,"column":null}},"140":{"start":{"line":256,"column":6},"end":{"line":264,"column":null}},"141":{"start":{"line":257,"column":68},"end":{"line":257,"column":70}},"142":{"start":{"line":258,"column":8},"end":{"line":258,"column":null}},"143":{"start":{"line":258,"column":63},"end":{"line":258,"column":null}},"144":{"start":{"line":259,"column":8},"end":{"line":259,"column":null}},"145":{"start":{"line":259,"column":56},"end":{"line":259,"column":null}},"146":{"start":{"line":260,"column":8},"end":{"line":260,"column":null}},"147":{"start":{"line":261,"column":17},"end":{"line":264,"column":null}},"148":{"start":{"line":262,"column":68},"end":{"line":262,"column":87}},"149":{"start":{"line":263,"column":8},"end":{"line":263,"column":null}},"150":{"start":{"line":263,"column":56},"end":{"line":263,"column":null}},"151":{"start":{"line":264,"column":8},"end":{"line":264,"column":null}},"152":{"start":{"line":268,"column":6},"end":{"line":271,"column":null}},"153":{"start":{"line":269,"column":8},"end":{"line":271,"column":null}},"154":{"start":{"line":270,"column":10},"end":{"line":270,"column":null}},"155":{"start":{"line":274,"column":21},"end":{"line":274,"column":116}},"156":{"start":{"line":276,"column":6},"end":{"line":296,"column":null}},"157":{"start":{"line":277,"column":27},"end":{"line":277,"column":null}},"158":{"start":{"line":278,"column":8},"end":{"line":278,"column":null}},"159":{"start":{"line":278,"column":22},"end":{"line":278,"column":null}},"160":{"start":{"line":279,"column":8},"end":{"line":279,"column":null}},"161":{"start":{"line":280,"column":8},"end":{"line":280,"column":null}},"162":{"start":{"line":281,"column":8},"end":{"line":281,"column":null}},"163":{"start":{"line":284,"column":8},"end":{"line":289,"column":null}},"164":{"start":{"line":285,"column":24},"end":{"line":285,"column":93}},"165":{"start":{"line":287,"column":10},"end":{"line":289,"column":null}},"166":{"start":{"line":288,"column":12},"end":{"line":289,"column":null}},"167":{"start":{"line":289,"column":14},"end":{"line":289,"column":null}},"168":{"start":{"line":294,"column":8},"end":{"line":294,"column":null}},"169":{"start":{"line":295,"column":8},"end":{"line":295,"column":null}},"170":{"start":{"line":296,"column":8},"end":{"line":296,"column":null}},"171":{"start":{"line":299,"column":6},"end":{"line":299,"column":null}},"172":{"start":{"line":300,"column":6},"end":{"line":300,"column":null}},"173":{"start":{"line":303,"column":27},"end":{"line":303,"column":76}},"174":{"start":{"line":304,"column":6},"end":{"line":307,"column":null}},"175":{"start":{"line":305,"column":8},"end":{"line":305,"column":null}},"176":{"start":{"line":306,"column":8},"end":{"line":306,"column":null}},"177":{"start":{"line":307,"column":8},"end":{"line":307,"column":null}},"178":{"start":{"line":311,"column":6},"end":{"line":312,"column":null}},"179":{"start":{"line":312,"column":8},"end":{"line":312,"column":null}},"180":{"start":{"line":315,"column":6},"end":{"line":315,"column":null}},"181":{"start":{"line":316,"column":6},"end":{"line":316,"column":null}},"182":{"start":{"line":317,"column":6},"end":{"line":317,"column":null}},"183":{"start":{"line":318,"column":6},"end":{"line":318,"column":null}},"184":{"start":{"line":323,"column":2},"end":{"line":323,"column":null}},"185":{"start":{"line":324,"column":2},"end":{"line":324,"column":null}},"186":{"start":{"line":325,"column":2},"end":{"line":325,"column":null}},"187":{"start":{"line":326,"column":2},"end":{"line":326,"column":null}},"188":{"start":{"line":334,"column":2},"end":{"line":334,"column":null}},"189":{"start":{"line":338,"column":2},"end":{"line":338,"column":null}},"190":{"start":{"line":342,"column":2},"end":{"line":356,"column":null}},"191":{"start":{"line":343,"column":18},"end":{"line":346,"column":15}},"192":{"start":{"line":344,"column":6},"end":{"line":344,"column":null}},"193":{"start":{"line":345,"column":6},"end":{"line":345,"column":null}},"194":{"start":{"line":349,"column":6},"end":{"line":352,"column":null}},"195":{"start":{"line":350,"column":8},"end":{"line":350,"column":null}},"196":{"start":{"line":351,"column":8},"end":{"line":351,"column":null}},"197":{"start":{"line":352,"column":8},"end":{"line":352,"column":null}},"198":{"start":{"line":355,"column":4},"end":{"line":355,"column":null}},"199":{"start":{"line":360,"column":2},"end":{"line":383,"column":null}},"200":{"start":{"line":361,"column":21},"end":{"line":380,"column":6}},"201":{"start":{"line":364,"column":21},"end":{"line":364,"column":38}},"202":{"start":{"line":365,"column":30},"end":{"line":365,"column":32}},"203":{"start":{"line":366,"column":8},"end":{"line":375,"column":null}},"204":{"start":{"line":367,"column":10},"end":{"line":367,"column":null}},"205":{"start":{"line":367,"column":79},"end":{"line":367,"column":null}},"206":{"start":{"line":368,"column":24},"end":{"line":368,"column":null}},"207":{"start":{"line":369,"column":10},"end":{"line":369,"column":null}},"208":{"start":{"line":369,"column":42},"end":{"line":369,"column":null}},"209":{"start":{"line":371,"column":27},"end":{"line":371,"column":null}},"210":{"start":{"line":372,"column":10},"end":{"line":372,"column":null}},"211":{"start":{"line":372,"column":26},"end":{"line":372,"column":39}},"212":{"start":{"line":372,"column":41},"end":{"line":372,"column":54}},"213":{"start":{"line":372,"column":54},"end":{"line":372,"column":89}},"214":{"start":{"line":373,"column":10},"end":{"line":373,"column":null}},"215":{"start":{"line":373,"column":36},"end":{"line":373,"column":null}},"216":{"start":{"line":374,"column":10},"end":{"line":374,"column":null}},"217":{"start":{"line":375,"column":10},"end":{"line":375,"column":null}},"218":{"start":{"line":377,"column":8},"end":{"line":377,"column":null}},"219":{"start":{"line":381,"column":4},"end":{"line":381,"column":null}},"220":{"start":{"line":383,"column":4},"end":{"line":383,"column":null}},"221":{"start":{"line":388,"column":2},"end":{"line":388,"column":null}},"222":{"start":{"line":388,"column":34},"end":{"line":388,"column":57}}},"fnMap":{"0":{"name":"handleCrawlMessage","decl":{"start":{"line":34,"column":22},"end":{"line":34,"column":null}},"loc":{"start":{"line":37,"column":17},"end":{"line":90,"column":null}},"line":37},"1":{"name":"startCrawl","decl":{"start":{"line":98,"column":15},"end":{"line":98,"column":26}},"loc":{"start":{"line":98,"column":65},"end":{"line":134,"column":null}},"line":98},"2":{"name":"performAuth","decl":{"start":{"line":137,"column":15},"end":{"line":137,"column":27}},"loc":{"start":{"line":137,"column":75},"end":{"line":163,"column":null}},"line":137},"3":{"name":"(anonymous_3)","decl":{"start":{"line":146,"column":4},"end":{"line":146,"column":11}},"loc":{"start":{"line":146,"column":126},"end":{"line":157,"column":null}},"line":146},"4":{"name":"resumeCrawl","decl":{"start":{"line":166,"column":15},"end":{"line":166,"column":44}},"loc":{"start":{"line":166,"column":44},"end":{"line":168,"column":null}},"line":166},"5":{"name":"isUrlGated","decl":{"start":{"line":171,"column":16},"end":{"line":171,"column":27}},"loc":{"start":{"line":171,"column":99},"end":{"line":179,"column":null}},"line":171},"6":{"name":"(anonymous_6)","decl":{"start":{"line":174,"column":43},"end":{"line":174,"column":49}},"loc":{"start":{"line":174,"column":55},"end":{"line":174,"column":65}},"line":174},"7":{"name":"(anonymous_7)","decl":{"start":{"line":175,"column":45},"end":{"line":175,"column":51}},"loc":{"start":{"line":175,"column":57},"end":{"line":175,"column":74}},"line":175},"8":{"name":"(anonymous_8)","decl":{"start":{"line":176,"column":44},"end":{"line":176,"column":50}},"loc":{"start":{"line":176,"column":56},"end":{"line":178,"column":null}},"line":176},"9":{"name":"stripFragment","decl":{"start":{"line":187,"column":16},"end":{"line":187,"column":30}},"loc":{"start":{"line":187,"column":51},"end":{"line":193,"column":null}},"line":187},"10":{"name":"processCrawlQueue","decl":{"start":{"line":197,"column":15},"end":{"line":197,"column":50}},"loc":{"start":{"line":197,"column":50},"end":{"line":326,"column":null}},"line":197},"11":{"name":"(anonymous_11)","decl":{"start":{"line":216,"column":49},"end":{"line":216,"column":55}},"loc":{"start":{"line":216,"column":64},"end":{"line":222,"column":null}},"line":216},"12":{"name":"broadcastState","decl":{"start":{"line":333,"column":9},"end":{"line":333,"column":32}},"loc":{"start":{"line":333,"column":32},"end":{"line":334,"column":null}},"line":333},"13":{"name":"saveCrawlState","decl":{"start":{"line":337,"column":15},"end":{"line":337,"column":47}},"loc":{"start":{"line":337,"column":47},"end":{"line":338,"column":null}},"line":337},"14":{"name":"waitForPageLoad","decl":{"start":{"line":341,"column":9},"end":{"line":341,"column":25}},"loc":{"start":{"line":341,"column":72},"end":{"line":356,"column":null}},"line":341},"15":{"name":"(anonymous_15)","decl":{"start":{"line":342,"column":13},"end":{"line":342,"column":22}},"loc":{"start":{"line":342,"column":42},"end":{"line":356,"column":null}},"line":342},"16":{"name":"(anonymous_16)","decl":{"start":{"line":343,"column":18},"end":{"line":343,"column":35}},"loc":{"start":{"line":343,"column":35},"end":{"line":346,"column":15}},"line":343},"17":{"name":"listener","decl":{"start":{"line":348,"column":13},"end":{"line":348,"column":22}},"loc":{"start":{"line":348,"column":67},"end":{"line":352,"column":null}},"line":348},"18":{"name":"collectLinks","decl":{"start":{"line":359,"column":15},"end":{"line":359,"column":28}},"loc":{"start":{"line":359,"column":77},"end":{"line":383,"column":null}},"line":359},"19":{"name":"(anonymous_19)","decl":{"start":{"line":363,"column":6},"end":{"line":363,"column":13}},"loc":{"start":{"line":363,"column":34},"end":{"line":377,"column":null}},"line":363},"20":{"name":"sleep","decl":{"start":{"line":387,"column":9},"end":{"line":387,"column":15}},"loc":{"start":{"line":387,"column":42},"end":{"line":388,"column":null}},"line":387},"21":{"name":"(anonymous_21)","decl":{"start":{"line":388,"column":13},"end":{"line":388,"column":22}},"loc":{"start":{"line":388,"column":34},"end":{"line":388,"column":57}},"line":388}},"branchMap":{"0":{"loc":{"start":{"line":38,"column":2},"end":{"line":90,"column":null}},"type":"switch","locations":[{"start":{"line":39,"column":4},"end":{"line":48,"column":null}},{"start":{"line":51,"column":4},"end":{"line":57,"column":null}},{"start":{"line":59,"column":4},"end":{"line":66,"column":null}},{"start":{"line":68,"column":4},"end":{"line":75,"column":null}},{"start":{"line":77,"column":4},"end":{"line":79,"column":null}},{"start":{"line":81,"column":4},"end":{"line":87,"column":null}},{"start":{"line":89,"column":4},"end":{"line":90,"column":null}}],"line":38},"1":{"loc":{"start":{"line":43,"column":24},"end":{"line":43,"column":null}},"type":"binary-expr","locations":[{"start":{"line":43,"column":24},"end":{"line":43,"column":30}},{"start":{"line":43,"column":30},"end":{"line":43,"column":null}}],"line":43},"2":{"loc":{"start":{"line":100,"column":2},"end":{"line":100,"column":null}},"type":"if","locations":[{"start":{"line":100,"column":2},"end":{"line":100,"column":null}},{"start":{},"end":{}}],"line":100},"3":{"loc":{"start":{"line":103,"column":25},"end":{"line":103,"column":null}},"type":"cond-expr","locations":[{"start":{"line":103,"column":54},"end":{"line":103,"column":88}},{"start":{"line":103,"column":91},"end":{"line":103,"column":null}}],"line":103},"4":{"loc":{"start":{"line":109,"column":16},"end":{"line":109,"column":null}},"type":"cond-expr","locations":[{"start":{"line":109,"column":33},"end":{"line":109,"column":57}},{"start":{"line":109,"column":57},"end":{"line":109,"column":null}}],"line":109},"5":{"loc":{"start":{"line":113,"column":11},"end":{"line":113,"column":39}},"type":"binary-expr","locations":[{"start":{"line":113,"column":11},"end":{"line":113,"column":29}},{"start":{"line":113,"column":29},"end":{"line":113,"column":39}}],"line":113},"6":{"loc":{"start":{"line":122,"column":2},"end":{"line":130,"column":null}},"type":"if","locations":[{"start":{"line":122,"column":2},"end":{"line":130,"column":null}},{"start":{},"end":{}}],"line":122},"7":{"loc":{"start":{"line":140,"column":31},"end":{"line":140,"column":62}},"type":"binary-expr","locations":[{"start":{"line":140,"column":31},"end":{"line":140,"column":56}},{"start":{"line":140,"column":56},"end":{"line":140,"column":62}}],"line":140},"8":{"loc":{"start":{"line":150,"column":6},"end":{"line":150,"column":null}},"type":"if","locations":[{"start":{"line":150,"column":6},"end":{"line":150,"column":null}},{"start":{},"end":{}}],"line":150},"9":{"loc":{"start":{"line":151,"column":6},"end":{"line":151,"column":null}},"type":"if","locations":[{"start":{"line":151,"column":6},"end":{"line":151,"column":null}},{"start":{},"end":{}}],"line":151},"10":{"loc":{"start":{"line":152,"column":6},"end":{"line":152,"column":null}},"type":"if","locations":[{"start":{"line":152,"column":6},"end":{"line":152,"column":null}},{"start":{},"end":{}}],"line":152},"11":{"loc":{"start":{"line":163,"column":31},"end":{"line":163,"column":62}},"type":"binary-expr","locations":[{"start":{"line":163,"column":31},"end":{"line":163,"column":56}},{"start":{"line":163,"column":56},"end":{"line":163,"column":62}}],"line":163},"12":{"loc":{"start":{"line":172,"column":2},"end":{"line":172,"column":null}},"type":"if","locations":[{"start":{"line":172,"column":2},"end":{"line":172,"column":null}},{"start":{},"end":{}}],"line":172},"13":{"loc":{"start":{"line":172,"column":6},"end":{"line":172,"column":78}},"type":"binary-expr","locations":[{"start":{"line":172,"column":6},"end":{"line":172,"column":20}},{"start":{"line":172,"column":20},"end":{"line":172,"column":49}},{"start":{"line":172,"column":49},"end":{"line":172,"column":78}}],"line":172},"14":{"loc":{"start":{"line":173,"column":2},"end":{"line":179,"column":null}},"type":"switch","locations":[{"start":{"line":174,"column":4},"end":{"line":174,"column":null}},{"start":{"line":175,"column":4},"end":{"line":175,"column":null}},{"start":{"line":176,"column":4},"end":{"line":178,"column":null}},{"start":{"line":179,"column":4},"end":{"line":179,"column":null}}],"line":173},"15":{"loc":{"start":{"line":199,"column":4},"end":{"line":199,"column":null}},"type":"if","locations":[{"start":{"line":199,"column":4},"end":{"line":199,"column":null}},{"start":{},"end":{}}],"line":199},"16":{"loc":{"start":{"line":201,"column":4},"end":{"line":205,"column":null}},"type":"if","locations":[{"start":{"line":201,"column":4},"end":{"line":205,"column":null}},{"start":{},"end":{}}],"line":201},"17":{"loc":{"start":{"line":209,"column":4},"end":{"line":209,"column":null}},"type":"if","locations":[{"start":{"line":209,"column":4},"end":{"line":209,"column":null}},{"start":{},"end":{}}],"line":209},"18":{"loc":{"start":{"line":215,"column":4},"end":{"line":233,"column":null}},"type":"if","locations":[{"start":{"line":215,"column":4},"end":{"line":233,"column":null}},{"start":{},"end":{}}],"line":215},"19":{"loc":{"start":{"line":218,"column":17},"end":{"line":218,"column":81}},"type":"binary-expr","locations":[{"start":{"line":218,"column":17},"end":{"line":218,"column":51}},{"start":{"line":218,"column":55},"end":{"line":218,"column":81}}],"line":218},"20":{"loc":{"start":{"line":224,"column":6},"end":{"line":233,"column":null}},"type":"if","locations":[{"start":{"line":224,"column":6},"end":{"line":233,"column":null}},{"start":{},"end":{}}],"line":224},"21":{"loc":{"start":{"line":244,"column":6},"end":{"line":244,"column":null}},"type":"if","locations":[{"start":{"line":244,"column":6},"end":{"line":244,"column":null}},{"start":{},"end":{}}],"line":244},"22":{"loc":{"start":{"line":247,"column":36},"end":{"line":247,"column":67}},"type":"binary-expr","locations":[{"start":{"line":247,"column":36},"end":{"line":247,"column":61}},{"start":{"line":247,"column":61},"end":{"line":247,"column":67}}],"line":247},"23":{"loc":{"start":{"line":254,"column":6},"end":{"line":254,"column":null}},"type":"if","locations":[{"start":{"line":254,"column":6},"end":{"line":254,"column":null}},{"start":{},"end":{}}],"line":254},"24":{"loc":{"start":{"line":255,"column":6},"end":{"line":255,"column":null}},"type":"if","locations":[{"start":{"line":255,"column":6},"end":{"line":255,"column":null}},{"start":{},"end":{}}],"line":255},"25":{"loc":{"start":{"line":256,"column":6},"end":{"line":264,"column":null}},"type":"if","locations":[{"start":{"line":256,"column":6},"end":{"line":264,"column":null}},{"start":{"line":261,"column":17},"end":{"line":264,"column":null}}],"line":256},"26":{"loc":{"start":{"line":258,"column":42},"end":{"line":258,"column":60}},"type":"binary-expr","locations":[{"start":{"line":258,"column":42},"end":{"line":258,"column":58}},{"start":{"line":258,"column":58},"end":{"line":258,"column":60}}],"line":258},"27":{"loc":{"start":{"line":261,"column":17},"end":{"line":264,"column":null}},"type":"if","locations":[{"start":{"line":261,"column":17},"end":{"line":264,"column":null}},{"start":{},"end":{}}],"line":261},"28":{"loc":{"start":{"line":268,"column":6},"end":{"line":271,"column":null}},"type":"if","locations":[{"start":{"line":268,"column":6},"end":{"line":271,"column":null}},{"start":{},"end":{}}],"line":268},"29":{"loc":{"start":{"line":268,"column":10},"end":{"line":268,"column":70}},"type":"binary-expr","locations":[{"start":{"line":268,"column":10},"end":{"line":268,"column":36}},{"start":{"line":268,"column":36},"end":{"line":268,"column":70}}],"line":268},"30":{"loc":{"start":{"line":276,"column":6},"end":{"line":296,"column":null}},"type":"if","locations":[{"start":{"line":276,"column":6},"end":{"line":296,"column":null}},{"start":{"line":293,"column":13},"end":{"line":296,"column":null}}],"line":276},"31":{"loc":{"start":{"line":278,"column":8},"end":{"line":278,"column":null}},"type":"if","locations":[{"start":{"line":278,"column":8},"end":{"line":278,"column":null}},{"start":{},"end":{}}],"line":278},"32":{"loc":{"start":{"line":284,"column":8},"end":{"line":289,"column":null}},"type":"if","locations":[{"start":{"line":284,"column":8},"end":{"line":289,"column":null}},{"start":{},"end":{}}],"line":284},"33":{"loc":{"start":{"line":285,"column":51},"end":{"line":285,"column":93}},"type":"binary-expr","locations":[{"start":{"line":285,"column":51},"end":{"line":285,"column":73}},{"start":{"line":285,"column":73},"end":{"line":285,"column":93}}],"line":285},"34":{"loc":{"start":{"line":288,"column":12},"end":{"line":289,"column":null}},"type":"if","locations":[{"start":{"line":288,"column":12},"end":{"line":289,"column":null}},{"start":{},"end":{}}],"line":288},"35":{"loc":{"start":{"line":288,"column":16},"end":{"line":288,"column":86}},"type":"binary-expr","locations":[{"start":{"line":288,"column":16},"end":{"line":288,"column":50}},{"start":{"line":288,"column":54},"end":{"line":288,"column":86}}],"line":288},"36":{"loc":{"start":{"line":294,"column":33},"end":{"line":294,"column":null}},"type":"binary-expr","locations":[{"start":{"line":294,"column":33},"end":{"line":294,"column":61}},{"start":{"line":294,"column":61},"end":{"line":294,"column":null}}],"line":294},"37":{"loc":{"start":{"line":304,"column":6},"end":{"line":307,"column":null}},"type":"if","locations":[{"start":{"line":304,"column":6},"end":{"line":307,"column":null}},{"start":{},"end":{}}],"line":304},"38":{"loc":{"start":{"line":304,"column":10},"end":{"line":304,"column":49}},"type":"binary-expr","locations":[{"start":{"line":304,"column":10},"end":{"line":304,"column":40}},{"start":{"line":304,"column":40},"end":{"line":304,"column":49}}],"line":304},"39":{"loc":{"start":{"line":311,"column":6},"end":{"line":312,"column":null}},"type":"if","locations":[{"start":{"line":311,"column":6},"end":{"line":312,"column":null}},{"start":{},"end":{}}],"line":311},"40":{"loc":{"start":{"line":349,"column":6},"end":{"line":352,"column":null}},"type":"if","locations":[{"start":{"line":349,"column":6},"end":{"line":352,"column":null}},{"start":{},"end":{}}],"line":349},"41":{"loc":{"start":{"line":349,"column":10},"end":{"line":349,"column":54}},"type":"binary-expr","locations":[{"start":{"line":349,"column":10},"end":{"line":349,"column":26}},{"start":{"line":349,"column":26},"end":{"line":349,"column":54}}],"line":349},"42":{"loc":{"start":{"line":367,"column":10},"end":{"line":367,"column":null}},"type":"if","locations":[{"start":{"line":367,"column":10},"end":{"line":367,"column":null}},{"start":{},"end":{}}],"line":367},"43":{"loc":{"start":{"line":369,"column":10},"end":{"line":369,"column":null}},"type":"if","locations":[{"start":{"line":369,"column":10},"end":{"line":369,"column":null}},{"start":{},"end":{}}],"line":369},"44":{"loc":{"start":{"line":373,"column":10},"end":{"line":373,"column":null}},"type":"if","locations":[{"start":{"line":373,"column":10},"end":{"line":373,"column":null}},{"start":{},"end":{}}],"line":373},"45":{"loc":{"start":{"line":381,"column":11},"end":{"line":381,"column":31}},"type":"binary-expr","locations":[{"start":{"line":381,"column":11},"end":{"line":381,"column":29}},{"start":{"line":381,"column":29},"end":{"line":381,"column":31}}],"line":381}},"s":{"0":1,"1":1,"2":1,"3":1,"4":1,"5":1,"6":0,"7":0,"8":0,"9":0,"10":0,"11":0,"12":0,"13":0,"14":0,"15":0,"16":0,"17":0,"18":0,"19":0,"20":0,"21":0,"22":0,"23":0,"24":0,"25":0,"26":0,"27":0,"28":0,"29":0,"30":0,"31":0,"32":0,"33":0,"34":0,"35":0,"36":0,"37":0,"38":0,"39":0,"40":0,"41":0,"42":0,"43":0,"44":0,"45":0,"46":0,"47":0,"48":0,"49":0,"50":0,"51":0,"52":0,"53":0,"54":0,"55":0,"56":0,"57":0,"58":0,"59":0,"60":0,"61":0,"62":0,"63":0,"64":0,"65":0,"66":0,"67":0,"68":0,"69":0,"70":0,"71":0,"72":0,"73":0,"74":0,"75":0,"76":0,"77":0,"78":0,"79":0,"80":0,"81":0,"82":0,"83":0,"84":15,"85":3,"86":12,"87":3,"88":3,"89":4,"90":5,"91":4,"92":4,"93":4,"94":1,"95":1,"96":7,"97":7,"98":7,"99":7,"100":1,"101":0,"102":0,"103":0,"104":0,"105":0,"106":0,"107":0,"108":0,"109":0,"110":0,"111":0,"112":0,"113":0,"114":0,"115":0,"116":0,"117":0,"118":0,"119":0,"120":0,"121":0,"122":0,"123":0,"124":0,"125":0,"126":0,"127":0,"128":0,"129":0,"130":0,"131":0,"132":0,"133":0,"134":0,"135":0,"136":0,"137":0,"138":0,"139":0,"140":0,"141":0,"142":0,"143":0,"144":0,"145":0,"146":0,"147":0,"148":0,"149":0,"150":0,"151":0,"152":0,"153":0,"154":0,"155":0,"156":0,"157":0,"158":0,"159":0,"160":0,"161":0,"162":0,"163":0,"164":0,"165":0,"166":0,"167":0,"168":0,"169":0,"170":0,"171":0,"172":0,"173":0,"174":0,"175":0,"176":0,"177":0,"178":0,"179":0,"180":0,"181":0,"182":0,"183":0,"184":0,"185":0,"186":0,"187":0,"188":0,"189":0,"190":0,"191":0,"192":0,"193":0,"194":0,"195":0,"196":0,"197":0,"198":0,"199":0,"200":0,"201":0,"202":0,"203":0,"204":0,"205":0,"206":0,"207":0,"208":0,"209":0,"210":0,"211":0,"212":0,"213":0,"214":0,"215":0,"216":0,"217":0,"218":0,"219":0,"220":0,"221":0,"222":0},"f":{"0":0,"1":0,"2":0,"3":0,"4":0,"5":15,"6":3,"7":5,"8":4,"9":7,"10":0,"11":0,"12":0,"13":0,"14":0,"15":0,"16":0,"17":0,"18":0,"19":0,"20":0,"21":0},"b":{"0":[0,0,0,0,0,0,0],"1":[0,0],"2":[0,0],"3":[0,0],"4":[0,0],"5":[0,0],"6":[0,0],"7":[0,0],"8":[0,0],"9":[0,0],"10":[0,0],"11":[0,0],"12":[3,12],"13":[15,14,13],"14":[12,4,4,1],"15":[0,0],"16":[0,0],"17":[0,0],"18":[0,0],"19":[0,0],"20":[0,0],"21":[0,0],"22":[0,0],"23":[0,0],"24":[0,0],"25":[0,0],"26":[0,0],"27":[0,0],"28":[0,0],"29":[0,0],"30":[0,0],"31":[0,0],"32":[0,0],"33":[0,0],"34":[0,0],"35":[0,0],"36":[0,0],"37":[0,0],"38":[0,0],"39":[0,0],"40":[0,0],"41":[0,0],"42":[0,0],"43":[0,0],"44":[0,0],"45":[0,0]},"meta":{"lastBranch":46,"lastFunction":22,"lastStatement":223,"seen":{"s:11:26:11:Infinity":0,"s:13:30:23:Infinity":1,"s:25:41:25:Infinity":2,"s:26:42:26:Infinity":3,"s:27:18:27:Infinity":4,"s:28:19:28:Infinity":5,"f:34:22:34:Infinity":0,"b:39:4:48:Infinity:51:4:57:Infinity:59:4:66:Infinity:68:4:75:Infinity:77:4:79:Infinity:81:4:87:Infinity:89:4:90:Infinity":0,"s:38:2:90:Infinity":6,"s:40:28:40:Infinity":7,"s:41:42:41:Infinity":8,"s:42:6:42:Infinity":9,"s:43:6:43:Infinity":10,"b:43:24:43:30:43:30:43:Infinity":1,"s:44:6:44:Infinity":11,"s:45:6:45:Infinity":12,"s:46:6:46:Infinity":13,"s:47:6:47:Infinity":14,"s:48:6:48:Infinity":15,"s:52:6:52:Infinity":16,"s:53:6:53:Infinity":17,"s:54:6:54:Infinity":18,"s:55:6:55:Infinity":19,"s:56:6:56:Infinity":20,"s:57:6:57:Infinity":21,"s:60:6:60:Infinity":22,"s:61:6:61:Infinity":23,"s:62:6:62:Infinity":24,"s:63:6:63:Infinity":25,"s:64:6:64:Infinity":26,"s:65:6:65:Infinity":27,"s:66:6:66:Infinity":28,"s:69:6:69:Infinity":29,"s:70:6:70:Infinity":30,"s:71:6:71:Infinity":31,"s:72:6:72:Infinity":32,"s:73:6:73:Infinity":33,"s:74:6:74:Infinity":34,"s:75:6:75:Infinity":35,"s:78:6:78:Infinity":36,"s:79:6:79:Infinity":37,"s:82:6:82:Infinity":38,"s:83:6:83:Infinity":39,"s:84:6:84:Infinity":40,"s:85:6:85:Infinity":41,"s:86:6:86:Infinity":42,"s:87:6:87:Infinity":43,"s:90:6:90:Infinity":44,"f:98:15:98:26":1,"s:99:16:99:78":45,"b:100:2:100:Infinity:undefined:undefined:undefined:undefined":2,"s:100:2:100:Infinity":46,"s:100:17:100:Infinity":47,"s:102:19:102:41":48,"s:103:25:103:Infinity":49,"b:103:54:103:88:103:91:103:Infinity":3,"s:105:2:115:Infinity":50,"b:109:33:109:57:109:57:109:Infinity":4,"b:113:11:113:29:113:29:113:39":5,"s:117:2:117:Infinity":51,"s:118:2:118:Infinity":52,"s:119:2:119:Infinity":53,"b:122:2:130:Infinity:undefined:undefined:undefined:undefined":6,"s:122:2:130:Infinity":54,"s:123:4:130:Infinity":55,"s:124:6:124:Infinity":56,"s:126:6:126:Infinity":57,"s:127:6:127:Infinity":58,"s:128:6:128:Infinity":59,"s:129:6:129:Infinity":60,"s:130:6:130:Infinity":61,"s:134:2:134:Infinity":62,"f:137:15:137:27":2,"s:139:2:139:Infinity":63,"s:140:2:140:Infinity":64,"b:140:31:140:56:140:56:140:62":7,"s:143:2:143:Infinity":65,"s:144:2:160:Infinity":66,"f:146:4:146:11":3,"s:147:25:147:65":67,"s:148:25:148:65":68,"s:149:23:149:61":69,"b:150:6:150:Infinity:undefined:undefined:undefined:undefined":8,"s:150:6:150:Infinity":70,"s:150:23:150:Infinity":71,"b:151:6:151:Infinity:undefined:undefined:undefined:undefined":9,"s:151:6:151:Infinity":72,"s:151:23:151:Infinity":73,"b:152:6:152:Infinity:undefined:undefined:undefined:undefined":10,"s:152:6:152:Infinity":74,"s:152:21:152:Infinity":75,"s:153:6:153:Infinity":76,"s:154:6:154:Infinity":77,"s:155:6:155:Infinity":78,"s:156:6:156:Infinity":79,"s:157:6:157:Infinity":80,"s:163:2:163:Infinity":81,"b:163:31:163:56:163:56:163:62":11,"f:166:15:166:44":4,"s:167:2:167:Infinity":82,"s:168:2:168:Infinity":83,"f:171:16:171:27":5,"b:172:2:172:Infinity:undefined:undefined:undefined:undefined":12,"s:172:2:172:Infinity":84,"b:172:6:172:20:172:20:172:49:172:49:172:78":13,"s:172:78:172:Infinity":85,"b:174:4:174:Infinity:175:4:175:Infinity:176:4:178:Infinity:179:4:179:Infinity":14,"s:173:2:179:Infinity":86,"s:174:17:174:Infinity":87,"f:174:43:174:49":6,"s:174:55:174:65":88,"s:175:19:175:Infinity":89,"f:175:45:175:51":7,"s:175:57:175:74":90,"s:176:18:178:Infinity":91,"f:176:44:176:50":8,"s:177:6:177:Infinity":92,"s:177:12:177:52":93,"s:177:54:177:Infinity":94,"s:179:13:179:Infinity":95,"f:187:16:187:30":9,"s:188:2:193:Infinity":96,"s:189:14:189:26":97,"s:190:4:190:Infinity":98,"s:191:4:191:Infinity":99,"s:193:4:193:Infinity":100,"f:197:15:197:50":10,"s:198:2:318:Infinity":101,"b:199:4:199:Infinity:undefined:undefined:undefined:undefined":15,"s:199:4:199:Infinity":102,"s:199:22:199:Infinity":103,"b:201:4:205:Infinity:undefined:undefined:undefined:undefined":16,"s:201:4:205:Infinity":104,"s:202:6:202:Infinity":105,"s:203:6:203:Infinity":106,"s:204:6:204:Infinity":107,"s:205:6:205:Infinity":108,"s:208:16:208:38":109,"b:209:4:209:Infinity:undefined:undefined:undefined:undefined":17,"s:209:4:209:Infinity":110,"s:209:42:209:Infinity":111,"s:212:20:212:66":112,"b:215:4:233:Infinity:undefined:undefined:undefined:undefined":18,"s:215:4:233:Infinity":113,"s:216:26:222:Infinity":114,"f:216:49:216:55":11,"s:217:8:220:Infinity":115,"s:218:10:218:Infinity":116,"b:218:17:218:51:218:55:218:81":19,"s:220:10:220:Infinity":117,"b:224:6:233:Infinity:undefined:undefined:undefined:undefined":20,"s:224:6:233:Infinity":118,"s:225:8:225:Infinity":119,"s:226:8:226:Infinity":120,"s:227:8:227:Infinity":121,"s:228:8:231:Infinity":122,"s:232:8:232:Infinity":123,"s:233:8:233:Infinity":124,"s:238:4:238:Infinity":125,"s:239:4:239:Infinity":126,"s:240:4:240:Infinity":127,"s:242:4:318:Infinity":128,"s:243:20:243:82":129,"b:244:6:244:Infinity:undefined:undefined:undefined:undefined":21,"s:244:6:244:Infinity":130,"s:244:20:244:Infinity":131,"s:246:6:246:Infinity":132,"s:247:6:247:Infinity":133,"b:247:36:247:61:247:61:247:67":22,"s:250:6:250:Infinity":134,"s:251:21:251:38":135,"b:254:6:254:Infinity:undefined:undefined:undefined:undefined":23,"s:254:6:254:Infinity":136,"s:254:42:254:Infinity":137,"b:255:6:255:Infinity:undefined:undefined:undefined:undefined":24,"s:255:6:255:Infinity":138,"s:255:40:255:Infinity":139,"b:256:6:264:Infinity:261:17:264:Infinity":25,"s:256:6:264:Infinity":140,"s:257:68:257:70":141,"s:258:8:258:Infinity":142,"b:258:42:258:58:258:58:258:60":26,"s:258:63:258:Infinity":143,"s:259:8:259:Infinity":144,"s:259:56:259:Infinity":145,"s:260:8:260:Infinity":146,"b:261:17:264:Infinity:undefined:undefined:undefined:undefined":27,"s:261:17:264:Infinity":147,"s:262:68:262:87":148,"s:263:8:263:Infinity":149,"s:263:56:263:Infinity":150,"s:264:8:264:Infinity":151,"b:268:6:271:Infinity:undefined:undefined:undefined:undefined":28,"s:268:6:271:Infinity":152,"b:268:10:268:36:268:36:268:70":29,"s:269:8:271:Infinity":153,"s:270:10:270:Infinity":154,"s:274:21:274:116":155,"b:276:6:296:Infinity:293:13:296:Infinity":30,"s:276:6:296:Infinity":156,"s:277:27:277:Infinity":157,"b:278:8:278:Infinity:undefined:undefined:undefined:undefined":31,"s:278:8:278:Infinity":158,"s:278:22:278:Infinity":159,"s:279:8:279:Infinity":160,"s:280:8:280:Infinity":161,"s:281:8:281:Infinity":162,"b:284:8:289:Infinity:undefined:undefined:undefined:undefined":32,"s:284:8:289:Infinity":163,"s:285:24:285:93":164,"b:285:51:285:73:285:73:285:93":33,"s:287:10:289:Infinity":165,"b:288:12:289:Infinity:undefined:undefined:undefined:undefined":34,"s:288:12:289:Infinity":166,"b:288:16:288:50:288:54:288:86":35,"s:289:14:289:Infinity":167,"s:294:8:294:Infinity":168,"b:294:33:294:61:294:61:294:Infinity":36,"s:295:8:295:Infinity":169,"s:296:8:296:Infinity":170,"s:299:6:299:Infinity":171,"s:300:6:300:Infinity":172,"s:303:27:303:76":173,"b:304:6:307:Infinity:undefined:undefined:undefined:undefined":37,"s:304:6:307:Infinity":174,"b:304:10:304:40:304:40:304:49":38,"s:305:8:305:Infinity":175,"s:306:8:306:Infinity":176,"s:307:8:307:Infinity":177,"b:311:6:312:Infinity:undefined:undefined:undefined:undefined":39,"s:311:6:312:Infinity":178,"s:312:8:312:Infinity":179,"s:315:6:315:Infinity":180,"s:316:6:316:Infinity":181,"s:317:6:317:Infinity":182,"s:318:6:318:Infinity":183,"s:323:2:323:Infinity":184,"s:324:2:324:Infinity":185,"s:325:2:325:Infinity":186,"s:326:2:326:Infinity":187,"f:333:9:333:32":12,"s:334:2:334:Infinity":188,"f:337:15:337:47":13,"s:338:2:338:Infinity":189,"f:341:9:341:25":14,"s:342:2:356:Infinity":190,"f:342:13:342:22":15,"s:343:18:346:15":191,"f:343:18:343:35":16,"s:344:6:344:Infinity":192,"s:345:6:345:Infinity":193,"f:348:13:348:22":17,"b:349:6:352:Infinity:undefined:undefined:undefined:undefined":40,"s:349:6:352:Infinity":194,"b:349:10:349:26:349:26:349:54":41,"s:350:8:350:Infinity":195,"s:351:8:351:Infinity":196,"s:352:8:352:Infinity":197,"s:355:4:355:Infinity":198,"f:359:15:359:28":18,"s:360:2:383:Infinity":199,"s:361:21:380:6":200,"f:363:6:363:13":19,"s:364:21:364:38":201,"s:365:30:365:32":202,"s:366:8:375:Infinity":203,"b:367:10:367:Infinity:undefined:undefined:undefined:undefined":42,"s:367:10:367:Infinity":204,"s:367:79:367:Infinity":205,"s:368:24:368:Infinity":206,"b:369:10:369:Infinity:undefined:undefined:undefined:undefined":43,"s:369:10:369:Infinity":207,"s:369:42:369:Infinity":208,"s:371:27:371:Infinity":209,"s:372:10:372:Infinity":210,"s:372:26:372:39":211,"s:372:41:372:54":212,"s:372:54:372:89":213,"b:373:10:373:Infinity:undefined:undefined:undefined:undefined":44,"s:373:10:373:Infinity":214,"s:373:36:373:Infinity":215,"s:374:10:374:Infinity":216,"s:375:10:375:Infinity":217,"s:377:8:377:Infinity":218,"s:381:4:381:Infinity":219,"b:381:11:381:29:381:29:381:31":45,"s:383:4:383:Infinity":220,"f:387:9:387:15":20,"s:388:2:388:Infinity":221,"f:388:13:388:22":21,"s:388:34:388:57":222}}}
,"/Users/dattu/Code/chrome.yantrakit.a11yScan/extension/src/background/multi-viewport.ts": {"path":"/Users/dattu/Code/chrome.yantrakit.a11yScan/extension/src/background/multi-viewport.ts","statementMap":{"0":{"start":{"line":14,"column":16},"end":{"line":14,"column":78}},"1":{"start":{"line":15,"column":2},"end":{"line":17,"column":null}},"2":{"start":{"line":16,"column":4},"end":{"line":16,"column":null}},"3":{"start":{"line":17,"column":4},"end":{"line":17,"column":null}},"4":{"start":{"line":21,"column":14},"end":{"line":21,"column":52}},"5":{"start":{"line":22,"column":24},"end":{"line":22,"column":null}},"6":{"start":{"line":24,"column":17},"end":{"line":24,"column":34}},"7":{"start":{"line":25,"column":51},"end":{"line":25,"column":53}},"8":{"start":{"line":26,"column":17},"end":{"line":26,"column":53}},"9":{"start":{"line":26,"column":47},"end":{"line":26,"column":53}},"10":{"start":{"line":28,"column":2},"end":{"line":50,"column":null}},"11":{"start":{"line":28,"column":15},"end":{"line":28,"column":18}},"12":{"start":{"line":29,"column":18},"end":{"line":29,"column":null}},"13":{"start":{"line":32,"column":4},"end":{"line":35,"column":null}},"14":{"start":{"line":38,"column":4},"end":{"line":38,"column":null}},"15":{"start":{"line":39,"column":4},"end":{"line":39,"column":null}},"16":{"start":{"line":42,"column":4},"end":{"line":50,"column":null}},"17":{"start":{"line":43,"column":6},"end":{"line":43,"column":null}},"18":{"start":{"line":44,"column":21},"end":{"line":44,"column":101}},"19":{"start":{"line":45,"column":6},"end":{"line":46,"column":null}},"20":{"start":{"line":46,"column":8},"end":{"line":46,"column":null}},"21":{"start":{"line":50,"column":6},"end":{"line":50,"column":null}},"22":{"start":{"line":55,"column":2},"end":{"line":55,"column":null}},"23":{"start":{"line":58,"column":39},"end":{"line":58,"column":71}},"24":{"start":{"line":60,"column":41},"end":{"line":65,"column":null}},"25":{"start":{"line":67,"column":2},"end":{"line":67,"column":null}},"26":{"start":{"line":84,"column":21},"end":{"line":84,"column":38}},"27":{"start":{"line":85,"column":2},"end":{"line":87,"column":null}},"28":{"start":{"line":86,"column":4},"end":{"line":87,"column":null}},"29":{"start":{"line":87,"column":6},"end":{"line":87,"column":null}},"30":{"start":{"line":91,"column":31},"end":{"line":91,"column":33}},"31":{"start":{"line":92,"column":49},"end":{"line":92,"column":51}},"32":{"start":{"line":93,"column":25},"end":{"line":93,"column":84}},"33":{"start":{"line":93,"column":52},"end":{"line":93,"column":82}},"34":{"start":{"line":95,"column":2},"end":{"line":114,"column":null}},"35":{"start":{"line":96,"column":32},"end":{"line":96,"column":34}},"36":{"start":{"line":97,"column":44},"end":{"line":97,"column":null}},"37":{"start":{"line":99,"column":4},"end":{"line":105,"column":null}},"38":{"start":{"line":100,"column":21},"end":{"line":100,"column":null}},"39":{"start":{"line":101,"column":6},"end":{"line":101,"column":null}},"40":{"start":{"line":101,"column":19},"end":{"line":101,"column":null}},"41":{"start":{"line":102,"column":20},"end":{"line":102,"column":66}},"42":{"start":{"line":102,"column":50},"end":{"line":102,"column":66}},"43":{"start":{"line":103,"column":6},"end":{"line":105,"column":null}},"44":{"start":{"line":104,"column":8},"end":{"line":104,"column":null}},"45":{"start":{"line":105,"column":8},"end":{"line":105,"column":null}},"46":{"start":{"line":105,"column":29},"end":{"line":105,"column":null}},"47":{"start":{"line":109,"column":4},"end":{"line":109,"column":null}},"48":{"start":{"line":109,"column":25},"end":{"line":109,"column":null}},"49":{"start":{"line":111,"column":4},"end":{"line":114,"column":null}},"50":{"start":{"line":112,"column":6},"end":{"line":112,"column":null}},"51":{"start":{"line":114,"column":6},"end":{"line":114,"column":null}},"52":{"start":{"line":118,"column":2},"end":{"line":118,"column":null}},"53":{"start":{"line":122,"column":2},"end":{"line":122,"column":null}},"54":{"start":{"line":122,"column":34},"end":{"line":122,"column":57}}},"fnMap":{"0":{"name":"multiViewportScan","decl":{"start":{"line":10,"column":22},"end":{"line":10,"column":null}},"loc":{"start":{"line":13,"column":17},"end":{"line":67,"column":null}},"line":13},"1":{"name":"(anonymous_1)","decl":{"start":{"line":26,"column":32},"end":{"line":26,"column":38}},"loc":{"start":{"line":26,"column":47},"end":{"line":26,"column":53}},"line":26},"2":{"name":"diffResults","decl":{"start":{"line":79,"column":16},"end":{"line":79,"column":null}},"loc":{"start":{"line":82,"column":68},"end":{"line":118,"column":null}},"line":82},"3":{"name":"(anonymous_3)","decl":{"start":{"line":93,"column":35},"end":{"line":93,"column":43}},"loc":{"start":{"line":93,"column":52},"end":{"line":93,"column":82}},"line":93},"4":{"name":"(anonymous_4)","decl":{"start":{"line":102,"column":38},"end":{"line":102,"column":44}},"loc":{"start":{"line":102,"column":50},"end":{"line":102,"column":66}},"line":102},"5":{"name":"sleep","decl":{"start":{"line":121,"column":9},"end":{"line":121,"column":15}},"loc":{"start":{"line":121,"column":42},"end":{"line":122,"column":null}},"line":121},"6":{"name":"(anonymous_6)","decl":{"start":{"line":122,"column":13},"end":{"line":122,"column":22}},"loc":{"start":{"line":122,"column":34},"end":{"line":122,"column":57}},"line":122}},"branchMap":{"0":{"loc":{"start":{"line":15,"column":2},"end":{"line":17,"column":null}},"type":"if","locations":[{"start":{"line":15,"column":2},"end":{"line":17,"column":null}},{"start":{},"end":{}}],"line":15},"1":{"loc":{"start":{"line":15,"column":6},"end":{"line":15,"column":33}},"type":"binary-expr","locations":[{"start":{"line":15,"column":6},"end":{"line":15,"column":18}},{"start":{"line":15,"column":18},"end":{"line":15,"column":33}}],"line":15},"2":{"loc":{"start":{"line":22,"column":24},"end":{"line":22,"column":null}},"type":"binary-expr","locations":[{"start":{"line":22,"column":24},"end":{"line":22,"column":37}},{"start":{"line":22,"column":37},"end":{"line":22,"column":null}}],"line":22},"3":{"loc":{"start":{"line":45,"column":6},"end":{"line":46,"column":null}},"type":"if","locations":[{"start":{"line":45,"column":6},"end":{"line":46,"column":null}},{"start":{},"end":{}}],"line":45},"4":{"loc":{"start":{"line":93,"column":57},"end":{"line":93,"column":82}},"type":"cond-expr","locations":[{"start":{"line":93,"column":74},"end":{"line":93,"column":78}},{"start":{"line":93,"column":78},"end":{"line":93,"column":82}}],"line":93},"5":{"loc":{"start":{"line":101,"column":6},"end":{"line":101,"column":null}},"type":"if","locations":[{"start":{"line":101,"column":6},"end":{"line":101,"column":null}},{"start":{},"end":{}}],"line":101},"6":{"loc":{"start":{"line":103,"column":6},"end":{"line":105,"column":null}},"type":"if","locations":[{"start":{"line":103,"column":6},"end":{"line":105,"column":null}},{"start":{},"end":{}}],"line":103},"7":{"loc":{"start":{"line":105,"column":8},"end":{"line":105,"column":null}},"type":"if","locations":[{"start":{"line":105,"column":8},"end":{"line":105,"column":null}},{"start":{},"end":{}}],"line":105},"8":{"loc":{"start":{"line":109,"column":4},"end":{"line":109,"column":null}},"type":"if","locations":[{"start":{"line":109,"column":4},"end":{"line":109,"column":null}},{"start":{},"end":{}}],"line":109},"9":{"loc":{"start":{"line":111,"column":4},"end":{"line":114,"column":null}},"type":"if","locations":[{"start":{"line":111,"column":4},"end":{"line":114,"column":null}},{"start":{"line":113,"column":11},"end":{"line":114,"column":null}}],"line":111},"10":{"loc":{"start":{"line":111,"column":8},"end":{"line":111,"column":67}},"type":"binary-expr","locations":[{"start":{"line":111,"column":8},"end":{"line":111,"column":47}},{"start":{"line":111,"column":47},"end":{"line":111,"column":67}}],"line":111}},"s":{"0":0,"1":0,"2":0,"3":0,"4":0,"5":0,"6":0,"7":0,"8":0,"9":0,"10":0,"11":0,"12":0,"13":0,"14":0,"15":0,"16":0,"17":0,"18":0,"19":0,"20":0,"21":0,"22":0,"23":0,"24":0,"25":0,"26":7,"27":7,"28":14,"29":13,"30":7,"31":7,"32":7,"33":17,"34":7,"35":7,"36":7,"37":7,"38":17,"39":17,"40":1,"41":16,"42":19,"43":16,"44":13,"45":13,"46":7,"47":7,"48":0,"49":7,"50":4,"51":3,"52":7,"53":0,"54":0},"f":{"0":0,"1":0,"2":7,"3":17,"4":19,"5":0,"6":0},"b":{"0":[0,0],"1":[0,0],"2":[0,0],"3":[0,0],"4":[14,3],"5":[1,16],"6":[13,3],"7":[7,6],"8":[0,7],"9":[4,3],"10":[7,4]},"meta":{"lastBranch":11,"lastFunction":7,"lastStatement":55,"seen":{"f:10:22:10:Infinity":0,"s:14:16:14:78":0,"b:15:2:17:Infinity:undefined:undefined:undefined:undefined":0,"s:15:2:17:Infinity":1,"b:15:6:15:18:15:18:15:33":1,"s:16:4:16:Infinity":2,"s:17:4:17:Infinity":3,"s:21:14:21:52":4,"s:22:24:22:Infinity":5,"b:22:24:22:37:22:37:22:Infinity":2,"s:24:17:24:34":6,"s:25:51:25:53":7,"s:26:17:26:53":8,"f:26:32:26:38":1,"s:26:47:26:53":9,"s:28:2:50:Infinity":10,"s:28:15:28:18":11,"s:29:18:29:Infinity":12,"s:32:4:35:Infinity":13,"s:38:4:38:Infinity":14,"s:39:4:39:Infinity":15,"s:42:4:50:Infinity":16,"s:43:6:43:Infinity":17,"s:44:21:44:101":18,"b:45:6:46:Infinity:undefined:undefined:undefined:undefined":3,"s:45:6:46:Infinity":19,"s:46:8:46:Infinity":20,"s:50:6:50:Infinity":21,"s:55:2:55:Infinity":22,"s:58:39:58:71":23,"s:60:41:65:Infinity":24,"s:67:2:67:Infinity":25,"f:79:16:79:Infinity":2,"s:84:21:84:38":26,"s:85:2:87:Infinity":27,"s:86:4:87:Infinity":28,"s:87:6:87:Infinity":29,"s:91:31:91:33":30,"s:92:49:92:51":31,"s:93:25:93:84":32,"f:93:35:93:43":3,"s:93:52:93:82":33,"b:93:74:93:78:93:78:93:82":4,"s:95:2:114:Infinity":34,"s:96:32:96:34":35,"s:97:44:97:Infinity":36,"s:99:4:105:Infinity":37,"s:100:21:100:Infinity":38,"b:101:6:101:Infinity:undefined:undefined:undefined:undefined":5,"s:101:6:101:Infinity":39,"s:101:19:101:Infinity":40,"s:102:20:102:66":41,"f:102:38:102:44":4,"s:102:50:102:66":42,"b:103:6:105:Infinity:undefined:undefined:undefined:undefined":6,"s:103:6:105:Infinity":43,"s:104:8:104:Infinity":44,"b:105:8:105:Infinity:undefined:undefined:undefined:undefined":7,"s:105:8:105:Infinity":45,"s:105:29:105:Infinity":46,"b:109:4:109:Infinity:undefined:undefined:undefined:undefined":8,"s:109:4:109:Infinity":47,"s:109:25:109:Infinity":48,"b:111:4:114:Infinity:113:11:114:Infinity":9,"s:111:4:114:Infinity":49,"b:111:8:111:47:111:47:111:67":10,"s:112:6:112:Infinity":50,"s:114:6:114:Infinity":51,"s:118:2:118:Infinity":52,"f:121:9:121:15":5,"s:122:2:122:Infinity":53,"f:122:13:122:22":6,"s:122:34:122:57":54}}}
,"/Users/dattu/Code/chrome.yantrakit.a11yScan/extension/src/background/observer.ts": {"path":"/Users/dattu/Code/chrome.yantrakit.a11yScan/extension/src/background/observer.ts","statementMap":{"0":{"start":{"line":13,"column":20},"end":{"line":13,"column":45}},"1":{"start":{"line":16,"column":18},"end":{"line":16,"column":null}},"2":{"start":{"line":17,"column":56},"end":{"line":17,"column":null}},"3":{"start":{"line":24,"column":15},"end":{"line":24,"column":74}},"4":{"start":{"line":25,"column":2},"end":{"line":25,"column":null}},"5":{"start":{"line":29,"column":2},"end":{"line":29,"column":null}},"6":{"start":{"line":33,"column":15},"end":{"line":33,"column":76}},"7":{"start":{"line":34,"column":2},"end":{"line":34,"column":null}},"8":{"start":{"line":38,"column":2},"end":{"line":38,"column":null}},"9":{"start":{"line":46,"column":16},"end":{"line":46,"column":32}},"10":{"start":{"line":47,"column":2},"end":{"line":47,"column":null}},"11":{"start":{"line":47,"column":22},"end":{"line":47,"column":null}},"12":{"start":{"line":48,"column":2},"end":{"line":48,"column":null}},"13":{"start":{"line":48,"column":19},"end":{"line":48,"column":null}},"14":{"start":{"line":49,"column":2},"end":{"line":49,"column":null}},"15":{"start":{"line":49,"column":44},"end":{"line":49,"column":null}},"16":{"start":{"line":51,"column":23},"end":{"line":51,"column":null}},"17":{"start":{"line":54,"column":2},"end":{"line":54,"column":null}},"18":{"start":{"line":54,"column":56},"end":{"line":54,"column":null}},"19":{"start":{"line":55,"column":2},"end":{"line":55,"column":null}},"20":{"start":{"line":55,"column":93},"end":{"line":55,"column":null}},"21":{"start":{"line":58,"column":19},"end":{"line":58,"column":43}},"22":{"start":{"line":59,"column":2},"end":{"line":59,"column":null}},"23":{"start":{"line":59,"column":77},"end":{"line":59,"column":null}},"24":{"start":{"line":62,"column":2},"end":{"line":99,"column":null}},"25":{"start":{"line":63,"column":19},"end":{"line":63,"column":36}},"26":{"start":{"line":64,"column":4},"end":{"line":64,"column":null}},"27":{"start":{"line":65,"column":19},"end":{"line":65,"column":98}},"28":{"start":{"line":67,"column":4},"end":{"line":97,"column":null}},"29":{"start":{"line":68,"column":6},"end":{"line":68,"column":null}},"30":{"start":{"line":70,"column":24},"end":{"line":70,"column":null}},"31":{"start":{"line":71,"column":36},"end":{"line":83,"column":null}},"32":{"start":{"line":80,"column":52},"end":{"line":80,"column":74}},"33":{"start":{"line":86,"column":22},"end":{"line":86,"column":40}},"34":{"start":{"line":87,"column":6},"end":{"line":87,"column":null}},"35":{"start":{"line":90,"column":6},"end":{"line":91,"column":null}},"36":{"start":{"line":91,"column":8},"end":{"line":91,"column":null}},"37":{"start":{"line":94,"column":6},"end":{"line":94,"column":null}},"38":{"start":{"line":97,"column":6},"end":{"line":97,"column":null}},"39":{"start":{"line":112,"column":2},"end":{"line":176,"column":null}},"40":{"start":{"line":114,"column":20},"end":{"line":114,"column":36}},"41":{"start":{"line":115,"column":6},"end":{"line":115,"column":null}},"42":{"start":{"line":116,"column":6},"end":{"line":116,"column":null}},"43":{"start":{"line":117,"column":6},"end":{"line":117,"column":null}},"44":{"start":{"line":118,"column":6},"end":{"line":118,"column":null}},"45":{"start":{"line":122,"column":20},"end":{"line":122,"column":36}},"46":{"start":{"line":123,"column":6},"end":{"line":123,"column":null}},"47":{"start":{"line":124,"column":6},"end":{"line":124,"column":null}},"48":{"start":{"line":125,"column":6},"end":{"line":125,"column":null}},"49":{"start":{"line":126,"column":6},"end":{"line":126,"column":null}},"50":{"start":{"line":130,"column":20},"end":{"line":130,"column":36}},"51":{"start":{"line":131,"column":6},"end":{"line":131,"column":null}},"52":{"start":{"line":132,"column":6},"end":{"line":132,"column":null}},"53":{"start":{"line":136,"column":20},"end":{"line":136,"column":36}},"54":{"start":{"line":137,"column":6},"end":{"line":137,"column":null}},"55":{"start":{"line":138,"column":6},"end":{"line":138,"column":null}},"56":{"start":{"line":139,"column":6},"end":{"line":139,"column":null}},"57":{"start":{"line":140,"column":6},"end":{"line":140,"column":null}},"58":{"start":{"line":144,"column":22},"end":{"line":144,"column":40}},"59":{"start":{"line":145,"column":6},"end":{"line":145,"column":null}},"60":{"start":{"line":146,"column":6},"end":{"line":146,"column":null}},"61":{"start":{"line":150,"column":6},"end":{"line":150,"column":null}},"62":{"start":{"line":151,"column":6},"end":{"line":151,"column":null}},"63":{"start":{"line":152,"column":6},"end":{"line":152,"column":null}},"64":{"start":{"line":153,"column":6},"end":{"line":153,"column":null}},"65":{"start":{"line":157,"column":22},"end":{"line":157,"column":40}},"66":{"start":{"line":158,"column":6},"end":{"line":158,"column":null}},"67":{"start":{"line":159,"column":6},"end":{"line":159,"column":null}},"68":{"start":{"line":163,"column":21},"end":{"line":163,"column":null}},"69":{"start":{"line":164,"column":22},"end":{"line":164,"column":40}},"70":{"start":{"line":165,"column":6},"end":{"line":165,"column":null}},"71":{"start":{"line":166,"column":20},"end":{"line":166,"column":36}},"72":{"start":{"line":167,"column":6},"end":{"line":168,"column":null}},"73":{"start":{"line":168,"column":8},"end":{"line":168,"column":null}},"74":{"start":{"line":170,"column":6},"end":{"line":170,"column":null}},"75":{"start":{"line":171,"column":6},"end":{"line":171,"column":null}},"76":{"start":{"line":172,"column":6},"end":{"line":172,"column":null}},"77":{"start":{"line":176,"column":6},"end":{"line":176,"column":null}}},"fnMap":{"0":{"name":"setCrawlActive","decl":{"start":{"line":17,"column":16},"end":{"line":17,"column":31}},"loc":{"start":{"line":17,"column":54},"end":{"line":17,"column":null}},"line":17},"1":{"name":"getState","decl":{"start":{"line":23,"column":15},"end":{"line":23,"column":51}},"loc":{"start":{"line":23,"column":51},"end":{"line":25,"column":null}},"line":23},"2":{"name":"setState","decl":{"start":{"line":28,"column":15},"end":{"line":28,"column":24}},"loc":{"start":{"line":28,"column":62},"end":{"line":29,"column":null}},"line":28},"3":{"name":"getHistory","decl":{"start":{"line":32,"column":15},"end":{"line":32,"column":55}},"loc":{"start":{"line":32,"column":55},"end":{"line":34,"column":null}},"line":32},"4":{"name":"setHistory","decl":{"start":{"line":37,"column":15},"end":{"line":37,"column":26}},"loc":{"start":{"line":37,"column":68},"end":{"line":38,"column":null}},"line":37},"5":{"name":"onTabUpdated","decl":{"start":{"line":45,"column":22},"end":{"line":45,"column":35}},"loc":{"start":{"line":45,"column":87},"end":{"line":99,"column":null}},"line":45},"6":{"name":"(anonymous_6)","decl":{"start":{"line":79,"column":50},"end":{"line":79,"column":null}},"loc":{"start":{"line":80,"column":52},"end":{"line":80,"column":74}},"line":80},"7":{"name":"handleObserverMessage","decl":{"start":{"line":108,"column":22},"end":{"line":108,"column":null}},"loc":{"start":{"line":111,"column":17},"end":{"line":176,"column":null}},"line":111}},"branchMap":{"0":{"loc":{"start":{"line":25,"column":10},"end":{"line":25,"column":null}},"type":"binary-expr","locations":[{"start":{"line":25,"column":10},"end":{"line":25,"column":66}},{"start":{"line":25,"column":66},"end":{"line":25,"column":null}}],"line":25},"1":{"loc":{"start":{"line":34,"column":10},"end":{"line":34,"column":72}},"type":"binary-expr","locations":[{"start":{"line":34,"column":10},"end":{"line":34,"column":70}},{"start":{"line":34,"column":70},"end":{"line":34,"column":72}}],"line":34},"2":{"loc":{"start":{"line":47,"column":2},"end":{"line":47,"column":null}},"type":"if","locations":[{"start":{"line":47,"column":2},"end":{"line":47,"column":null}},{"start":{},"end":{}}],"line":47},"3":{"loc":{"start":{"line":48,"column":2},"end":{"line":48,"column":null}},"type":"if","locations":[{"start":{"line":48,"column":2},"end":{"line":48,"column":null}},{"start":{},"end":{}}],"line":48},"4":{"loc":{"start":{"line":49,"column":2},"end":{"line":49,"column":null}},"type":"if","locations":[{"start":{"line":49,"column":2},"end":{"line":49,"column":null}},{"start":{},"end":{}}],"line":49},"5":{"loc":{"start":{"line":49,"column":6},"end":{"line":49,"column":42}},"type":"binary-expr","locations":[{"start":{"line":49,"column":6},"end":{"line":49,"column":18}},{"start":{"line":49,"column":18},"end":{"line":49,"column":42}}],"line":49},"6":{"loc":{"start":{"line":54,"column":2},"end":{"line":54,"column":null}},"type":"if","locations":[{"start":{"line":54,"column":2},"end":{"line":54,"column":null}},{"start":{},"end":{}}],"line":54},"7":{"loc":{"start":{"line":55,"column":2},"end":{"line":55,"column":null}},"type":"if","locations":[{"start":{"line":55,"column":2},"end":{"line":55,"column":null}},{"start":{},"end":{}}],"line":55},"8":{"loc":{"start":{"line":55,"column":6},"end":{"line":55,"column":91}},"type":"binary-expr","locations":[{"start":{"line":55,"column":6},"end":{"line":55,"column":44}},{"start":{"line":55,"column":39},"end":{"line":55,"column":91}}],"line":55},"9":{"loc":{"start":{"line":59,"column":2},"end":{"line":59,"column":null}},"type":"if","locations":[{"start":{"line":59,"column":2},"end":{"line":59,"column":null}},{"start":{},"end":{}}],"line":59},"10":{"loc":{"start":{"line":59,"column":6},"end":{"line":59,"column":77}},"type":"binary-expr","locations":[{"start":{"line":59,"column":6},"end":{"line":59,"column":19}},{"start":{"line":59,"column":6},"end":{"line":59,"column":77}}],"line":59},"11":{"loc":{"start":{"line":67,"column":4},"end":{"line":97,"column":null}},"type":"if","locations":[{"start":{"line":67,"column":4},"end":{"line":97,"column":null}},{"start":{},"end":{}}],"line":67},"12":{"loc":{"start":{"line":70,"column":24},"end":{"line":70,"column":null}},"type":"binary-expr","locations":[{"start":{"line":70,"column":24},"end":{"line":70,"column":60}},{"start":{"line":70,"column":60},"end":{"line":70,"column":null}}],"line":70},"13":{"loc":{"start":{"line":74,"column":15},"end":{"line":74,"column":null}},"type":"binary-expr","locations":[{"start":{"line":74,"column":15},"end":{"line":74,"column":28}},{"start":{"line":74,"column":28},"end":{"line":74,"column":null}}],"line":74},"14":{"loc":{"start":{"line":90,"column":6},"end":{"line":91,"column":null}},"type":"if","locations":[{"start":{"line":90,"column":6},"end":{"line":91,"column":null}},{"start":{},"end":{}}],"line":90},"15":{"loc":{"start":{"line":112,"column":2},"end":{"line":176,"column":null}},"type":"switch","locations":[{"start":{"line":113,"column":4},"end":{"line":118,"column":null}},{"start":{"line":121,"column":4},"end":{"line":126,"column":null}},{"start":{"line":129,"column":4},"end":{"line":132,"column":null}},{"start":{"line":135,"column":4},"end":{"line":140,"column":null}},{"start":{"line":143,"column":4},"end":{"line":146,"column":null}},{"start":{"line":149,"column":4},"end":{"line":153,"column":null}},{"start":{"line":156,"column":4},"end":{"line":159,"column":null}},{"start":{"line":162,"column":4},"end":{"line":172,"column":null}},{"start":{"line":175,"column":4},"end":{"line":176,"column":null}}],"line":112},"16":{"loc":{"start":{"line":167,"column":6},"end":{"line":168,"column":null}},"type":"if","locations":[{"start":{"line":167,"column":6},"end":{"line":168,"column":null}},{"start":{},"end":{}}],"line":167}},"s":{"0":1,"1":1,"2":0,"3":0,"4":0,"5":0,"6":0,"7":0,"8":0,"9":0,"10":0,"11":0,"12":0,"13":0,"14":0,"15":0,"16":0,"17":0,"18":0,"19":0,"20":0,"21":0,"22":0,"23":0,"24":0,"25":0,"26":0,"27":0,"28":0,"29":0,"30":0,"31":0,"32":0,"33":0,"34":0,"35":0,"36":0,"37":0,"38":0,"39":0,"40":0,"41":0,"42":0,"43":0,"44":0,"45":0,"46":0,"47":0,"48":0,"49":0,"50":0,"51":0,"52":0,"53":0,"54":0,"55":0,"56":0,"57":0,"58":0,"59":0,"60":0,"61":0,"62":0,"63":0,"64":0,"65":0,"66":0,"67":0,"68":0,"69":0,"70":0,"71":0,"72":0,"73":0,"74":0,"75":0,"76":0,"77":0},"f":{"0":0,"1":0,"2":0,"3":0,"4":0,"5":0,"6":0,"7":0},"b":{"0":[0,0],"1":[0,0],"2":[0,0],"3":[0,0],"4":[0,0],"5":[0,0],"6":[0,0],"7":[0,0],"8":[0,0],"9":[0,0],"10":[0,0],"11":[0,0],"12":[0,0],"13":[0,0],"14":[0,0],"15":[0,0,0,0,0,0,0,0,0],"16":[0,0]},"meta":{"lastBranch":17,"lastFunction":8,"lastStatement":78,"seen":{"s:13:20:13:45":0,"s:16:18:16:Infinity":1,"f:17:16:17:31":0,"s:17:56:17:Infinity":2,"f:23:15:23:51":1,"s:24:15:24:74":3,"s:25:2:25:Infinity":4,"b:25:10:25:66:25:66:25:Infinity":0,"f:28:15:28:24":2,"s:29:2:29:Infinity":5,"f:32:15:32:55":3,"s:33:15:33:76":6,"s:34:2:34:Infinity":7,"b:34:10:34:70:34:70:34:72":1,"f:37:15:37:26":4,"s:38:2:38:Infinity":8,"f:45:22:45:35":5,"s:46:16:46:32":9,"b:47:2:47:Infinity:undefined:undefined:undefined:undefined":2,"s:47:2:47:Infinity":10,"s:47:22:47:Infinity":11,"b:48:2:48:Infinity:undefined:undefined:undefined:undefined":3,"s:48:2:48:Infinity":12,"s:48:19:48:Infinity":13,"b:49:2:49:Infinity:undefined:undefined:undefined:undefined":4,"s:49:2:49:Infinity":14,"b:49:6:49:18:49:18:49:42":5,"s:49:44:49:Infinity":15,"s:51:23:51:Infinity":16,"b:54:2:54:Infinity:undefined:undefined:undefined:undefined":6,"s:54:2:54:Infinity":17,"s:54:56:54:Infinity":18,"b:55:2:55:Infinity:undefined:undefined:undefined:undefined":7,"s:55:2:55:Infinity":19,"b:55:6:55:44:55:39:55:91":8,"s:55:93:55:Infinity":20,"s:58:19:58:43":21,"b:59:2:59:Infinity:undefined:undefined:undefined:undefined":9,"s:59:2:59:Infinity":22,"b:59:6:59:19:59:6:59:77":10,"s:59:77:59:Infinity":23,"s:62:2:99:Infinity":24,"s:63:19:63:36":25,"s:64:4:64:Infinity":26,"s:65:19:65:98":27,"b:67:4:97:Infinity:undefined:undefined:undefined:undefined":11,"s:67:4:97:Infinity":28,"s:68:6:68:Infinity":29,"s:70:24:70:Infinity":30,"b:70:24:70:60:70:60:70:Infinity":12,"s:71:36:83:Infinity":31,"b:74:15:74:28:74:28:74:Infinity":13,"f:79:50:79:Infinity":6,"s:80:52:80:74":32,"s:86:22:86:40":33,"s:87:6:87:Infinity":34,"b:90:6:91:Infinity:undefined:undefined:undefined:undefined":14,"s:90:6:91:Infinity":35,"s:91:8:91:Infinity":36,"s:94:6:94:Infinity":37,"s:97:6:97:Infinity":38,"f:108:22:108:Infinity":7,"b:113:4:118:Infinity:121:4:126:Infinity:129:4:132:Infinity:135:4:140:Infinity:143:4:146:Infinity:149:4:153:Infinity:156:4:159:Infinity:162:4:172:Infinity:175:4:176:Infinity":15,"s:112:2:176:Infinity":39,"s:114:20:114:36":40,"s:115:6:115:Infinity":41,"s:116:6:116:Infinity":42,"s:117:6:117:Infinity":43,"s:118:6:118:Infinity":44,"s:122:20:122:36":45,"s:123:6:123:Infinity":46,"s:124:6:124:Infinity":47,"s:125:6:125:Infinity":48,"s:126:6:126:Infinity":49,"s:130:20:130:36":50,"s:131:6:131:Infinity":51,"s:132:6:132:Infinity":52,"s:136:20:136:36":53,"s:137:6:137:Infinity":54,"s:138:6:138:Infinity":55,"s:139:6:139:Infinity":56,"s:140:6:140:Infinity":57,"s:144:22:144:40":58,"s:145:6:145:Infinity":59,"s:146:6:146:Infinity":60,"s:150:6:150:Infinity":61,"s:151:6:151:Infinity":62,"s:152:6:152:Infinity":63,"s:153:6:153:Infinity":64,"s:157:22:157:40":65,"s:158:6:158:Infinity":66,"s:159:6:159:Infinity":67,"s:163:21:163:Infinity":68,"s:164:22:164:40":69,"s:165:6:165:Infinity":70,"s:166:20:166:36":71,"b:167:6:168:Infinity:undefined:undefined:undefined:undefined":16,"s:167:6:168:Infinity":72,"s:168:8:168:Infinity":73,"s:170:6:170:Infinity":74,"s:171:6:171:Infinity":75,"s:172:6:172:Infinity":76,"s:176:6:176:Infinity":77}}}
,"/Users/dattu/Code/chrome.yantrakit.a11yScan/extension/src/content/aria-scanner.ts": {"path":"/Users/dattu/Code/chrome.yantrakit.a11yScan/extension/src/content/aria-scanner.ts","statementMap":{"0":{"start":{"line":11,"column":33},"end":{"line":11,"column":35}},"1":{"start":{"line":13,"column":2},"end":{"line":33,"column":null}},"2":{"start":{"line":14,"column":21},"end":{"line":14,"column":64}},"3":{"start":{"line":16,"column":4},"end":{"line":33,"column":null}},"4":{"start":{"line":17,"column":21},"end":{"line":20,"column":null}},"5":{"start":{"line":18,"column":23},"end":{"line":18,"column":41}},"6":{"start":{"line":19,"column":8},"end":{"line":19,"column":null}},"7":{"start":{"line":22,"column":24},"end":{"line":22,"column":null}},"8":{"start":{"line":22,"column":45},"end":{"line":22,"column":52}},"9":{"start":{"line":23,"column":24},"end":{"line":23,"column":null}},"10":{"start":{"line":23,"column":45},"end":{"line":23,"column":53}},"11":{"start":{"line":25,"column":6},"end":{"line":33,"column":null}},"12":{"start":{"line":37,"column":2},"end":{"line":37,"column":null}},"13":{"start":{"line":41,"column":2},"end":{"line":41,"column":null}},"14":{"start":{"line":41,"column":13},"end":{"line":41,"column":null}},"15":{"start":{"line":42,"column":14},"end":{"line":42,"column":38}},"16":{"start":{"line":43,"column":15},"end":{"line":43,"column":38}},"17":{"start":{"line":46,"column":2},"end":{"line":46,"column":null}},"18":{"start":{"line":46,"column":47},"end":{"line":46,"column":null}},"19":{"start":{"line":47,"column":18},"end":{"line":47,"column":121}},"20":{"start":{"line":47,"column":55},"end":{"line":47,"column":74}},"21":{"start":{"line":47,"column":97},"end":{"line":47,"column":110}},"22":{"start":{"line":48,"column":2},"end":{"line":48,"column":null}},"23":{"start":{"line":52,"column":20},"end":{"line":52,"column":49}},"24":{"start":{"line":53,"column":2},"end":{"line":53,"column":null}},"25":{"start":{"line":53,"column":17},"end":{"line":53,"column":null}},"26":{"start":{"line":54,"column":21},"end":{"line":54,"column":55}},"27":{"start":{"line":55,"column":2},"end":{"line":57,"column":null}},"28":{"start":{"line":56,"column":16},"end":{"line":56,"column":51}},"29":{"start":{"line":57,"column":4},"end":{"line":57,"column":null}},"30":{"start":{"line":57,"column":13},"end":{"line":57,"column":null}},"31":{"start":{"line":59,"column":2},"end":{"line":59,"column":null}}},"fnMap":{"0":{"name":"scanAriaPatterns","decl":{"start":{"line":10,"column":16},"end":{"line":10,"column":50}},"loc":{"start":{"line":10,"column":50},"end":{"line":37,"column":null}},"line":10},"1":{"name":"(anonymous_1)","decl":{"start":{"line":17,"column":36},"end":{"line":17,"column":41}},"loc":{"start":{"line":17,"column":51},"end":{"line":20,"column":null}},"line":17},"2":{"name":"(anonymous_2)","decl":{"start":{"line":22,"column":31},"end":{"line":22,"column":39}},"loc":{"start":{"line":22,"column":45},"end":{"line":22,"column":52}},"line":22},"3":{"name":"(anonymous_3)","decl":{"start":{"line":23,"column":31},"end":{"line":23,"column":39}},"loc":{"start":{"line":23,"column":45},"end":{"line":23,"column":53}},"line":23},"4":{"name":"getSelector","decl":{"start":{"line":40,"column":9},"end":{"line":40,"column":21}},"loc":{"start":{"line":40,"column":42},"end":{"line":48,"column":null}},"line":40},"5":{"name":"(anonymous_5)","decl":{"start":{"line":47,"column":43},"end":{"line":47,"column":50}},"loc":{"start":{"line":47,"column":55},"end":{"line":47,"column":74}},"line":47},"6":{"name":"(anonymous_6)","decl":{"start":{"line":47,"column":88},"end":{"line":47,"column":92}},"loc":{"start":{"line":47,"column":97},"end":{"line":47,"column":110}},"line":47},"7":{"name":"getLabel","decl":{"start":{"line":51,"column":9},"end":{"line":51,"column":18}},"loc":{"start":{"line":51,"column":39},"end":{"line":59,"column":null}},"line":51}},"branchMap":{"0":{"loc":{"start":{"line":41,"column":2},"end":{"line":41,"column":null}},"type":"if","locations":[{"start":{"line":41,"column":2},"end":{"line":41,"column":null}},{"start":{},"end":{}}],"line":41},"1":{"loc":{"start":{"line":46,"column":2},"end":{"line":46,"column":null}},"type":"if","locations":[{"start":{"line":46,"column":2},"end":{"line":46,"column":null}},{"start":{},"end":{}}],"line":46},"2":{"loc":{"start":{"line":46,"column":6},"end":{"line":46,"column":45}},"type":"binary-expr","locations":[{"start":{"line":46,"column":6},"end":{"line":46,"column":14}},{"start":{"line":46,"column":14},"end":{"line":46,"column":45}}],"line":46},"3":{"loc":{"start":{"line":48,"column":9},"end":{"line":48,"column":null}},"type":"cond-expr","locations":[{"start":{"line":48,"column":19},"end":{"line":48,"column":41}},{"start":{"line":48,"column":41},"end":{"line":48,"column":null}}],"line":48},"4":{"loc":{"start":{"line":53,"column":2},"end":{"line":53,"column":null}},"type":"if","locations":[{"start":{"line":53,"column":2},"end":{"line":53,"column":null}},{"start":{},"end":{}}],"line":53},"5":{"loc":{"start":{"line":55,"column":2},"end":{"line":57,"column":null}},"type":"if","locations":[{"start":{"line":55,"column":2},"end":{"line":57,"column":null}},{"start":{},"end":{}}],"line":55},"6":{"loc":{"start":{"line":57,"column":4},"end":{"line":57,"column":null}},"type":"if","locations":[{"start":{"line":57,"column":4},"end":{"line":57,"column":null}},{"start":{},"end":{}}],"line":57},"7":{"loc":{"start":{"line":57,"column":20},"end":{"line":57,"column":null}},"type":"binary-expr","locations":[{"start":{"line":57,"column":20},"end":{"line":57,"column":43}},{"start":{"line":57,"column":47},"end":{"line":57,"column":null}}],"line":57},"8":{"loc":{"start":{"line":59,"column":9},"end":{"line":59,"column":null}},"type":"binary-expr","locations":[{"start":{"line":59,"column":9},"end":{"line":59,"column":48}},{"start":{"line":59,"column":52},"end":{"line":59,"column":null}}],"line":59}},"s":{"0":8,"1":8,"2":96,"3":96,"4":7,"5":18,"6":18,"7":7,"8":18,"9":7,"10":18,"11":7,"12":8,"13":7,"14":2,"15":5,"16":5,"17":5,"18":5,"19":0,"20":0,"21":0,"22":0,"23":7,"24":7,"25":3,"26":4,"27":4,"28":1,"29":1,"30":1,"31":3},"f":{"0":8,"1":18,"2":18,"3":18,"4":7,"5":0,"6":0,"7":7},"b":{"0":[2,5],"1":[5,0],"2":[5,5],"3":[0,0],"4":[3,4],"5":[1,3],"6":[1,0],"7":[1,0],"8":[3,0]},"meta":{"lastBranch":9,"lastFunction":8,"lastStatement":32,"seen":{"f:10:16:10:50":0,"s:11:33:11:35":0,"s:13:2:33:Infinity":1,"s:14:21:14:64":2,"s:16:4:33:Infinity":3,"s:17:21:20:Infinity":4,"f:17:36:17:41":1,"s:18:23:18:41":5,"s:19:8:19:Infinity":6,"s:22:24:22:Infinity":7,"f:22:31:22:39":2,"s:22:45:22:52":8,"s:23:24:23:Infinity":9,"f:23:31:23:39":3,"s:23:45:23:53":10,"s:25:6:33:Infinity":11,"s:37:2:37:Infinity":12,"f:40:9:40:21":4,"b:41:2:41:Infinity:undefined:undefined:undefined:undefined":0,"s:41:2:41:Infinity":13,"s:41:13:41:Infinity":14,"s:42:14:42:38":15,"s:43:15:43:38":16,"b:46:2:46:Infinity:undefined:undefined:undefined:undefined":1,"s:46:2:46:Infinity":17,"b:46:6:46:14:46:14:46:45":2,"s:46:47:46:Infinity":18,"s:47:18:47:121":19,"f:47:43:47:50":5,"s:47:55:47:74":20,"f:47:88:47:92":6,"s:47:97:47:110":21,"s:48:2:48:Infinity":22,"b:48:19:48:41:48:41:48:Infinity":3,"f:51:9:51:18":7,"s:52:20:52:49":23,"b:53:2:53:Infinity:undefined:undefined:undefined:undefined":4,"s:53:2:53:Infinity":24,"s:53:17:53:Infinity":25,"s:54:21:54:55":26,"b:55:2:57:Infinity:undefined:undefined:undefined:undefined":5,"s:55:2:57:Infinity":27,"s:56:16:56:51":28,"b:57:4:57:Infinity:undefined:undefined:undefined:undefined":6,"s:57:4:57:Infinity":29,"s:57:13:57:Infinity":30,"b:57:20:57:43:57:47:57:Infinity":7,"s:59:2:59:Infinity":31,"b:59:9:59:48:59:52:59:Infinity":8}}}
,"/Users/dattu/Code/chrome.yantrakit.a11yScan/extension/src/content/enriched-context.ts": {"path":"/Users/dattu/Code/chrome.yantrakit.a11yScan/extension/src/content/enriched-context.ts","statementMap":{"0":{"start":{"line":11,"column":51},"end":{"line":11,"column":53}},"1":{"start":{"line":13,"column":2},"end":{"line":22,"column":null}},"2":{"start":{"line":14,"column":15},"end":{"line":14,"column":47}},"3":{"start":{"line":15,"column":4},"end":{"line":15,"column":null}},"4":{"start":{"line":15,"column":13},"end":{"line":15,"column":null}},"5":{"start":{"line":17,"column":4},"end":{"line":22,"column":null}},"6":{"start":{"line":25,"column":2},"end":{"line":25,"column":null}},"7":{"start":{"line":29,"column":17},"end":{"line":29,"column":null}},"8":{"start":{"line":30,"column":19},"end":{"line":32,"column":8}},"9":{"start":{"line":31,"column":57},"end":{"line":31,"column":71}},"10":{"start":{"line":35,"column":24},"end":{"line":35,"column":null}},"11":{"start":{"line":36,"column":20},"end":{"line":36,"column":null}},"12":{"start":{"line":37,"column":31},"end":{"line":37,"column":null}},"13":{"start":{"line":38,"column":2},"end":{"line":43,"column":null}},"14":{"start":{"line":39,"column":4},"end":{"line":41,"column":null}},"15":{"start":{"line":40,"column":6},"end":{"line":40,"column":null}},"16":{"start":{"line":41,"column":6},"end":{"line":41,"column":null}},"17":{"start":{"line":43,"column":4},"end":{"line":43,"column":null}},"18":{"start":{"line":47,"column":23},"end":{"line":47,"column":null}},"19":{"start":{"line":48,"column":20},"end":{"line":48,"column":102}},"20":{"start":{"line":49,"column":2},"end":{"line":49,"column":null}},"21":{"start":{"line":49,"column":17},"end":{"line":49,"column":null}},"22":{"start":{"line":51,"column":2},"end":{"line":57,"column":null}},"23":{"start":{"line":61,"column":16},"end":{"line":61,"column":36}},"24":{"start":{"line":62,"column":2},"end":{"line":69,"column":null}},"25":{"start":{"line":74,"column":21},"end":{"line":74,"column":123}},"26":{"start":{"line":74,"column":49},"end":{"line":74,"column":122}},"27":{"start":{"line":76,"column":15},"end":{"line":76,"column":null}},"28":{"start":{"line":78,"column":17},"end":{"line":78,"column":108}},"29":{"start":{"line":78,"column":55},"end":{"line":78,"column":107}},"30":{"start":{"line":80,"column":19},"end":{"line":80,"column":null}},"31":{"start":{"line":83,"column":37},"end":{"line":83,"column":null}},"32":{"start":{"line":84,"column":2},"end":{"line":87,"column":null}},"33":{"start":{"line":85,"column":19},"end":{"line":85,"column":null}},"34":{"start":{"line":86,"column":4},"end":{"line":87,"column":null}},"35":{"start":{"line":87,"column":6},"end":{"line":87,"column":null}},"36":{"start":{"line":92,"column":17},"end":{"line":92,"column":null}},"37":{"start":{"line":94,"column":2},"end":{"line":94,"column":null}},"38":{"start":{"line":98,"column":36},"end":{"line":98,"column":38}},"39":{"start":{"line":101,"column":18},"end":{"line":101,"column":42}},"40":{"start":{"line":102,"column":2},"end":{"line":107,"column":null}},"41":{"start":{"line":103,"column":4},"end":{"line":107,"column":null}},"42":{"start":{"line":105,"column":24},"end":{"line":105,"column":null}},"43":{"start":{"line":106,"column":6},"end":{"line":106,"column":null}},"44":{"start":{"line":107,"column":6},"end":{"line":107,"column":null}},"45":{"start":{"line":112,"column":24},"end":{"line":112,"column":57}},"46":{"start":{"line":113,"column":2},"end":{"line":114,"column":null}},"47":{"start":{"line":114,"column":4},"end":{"line":114,"column":null}},"48":{"start":{"line":117,"column":2},"end":{"line":117,"column":null}},"49":{"start":{"line":120,"column":20},"end":{"line":120,"column":null}}},"fnMap":{"0":{"name":"collectEnrichedContext","decl":{"start":{"line":10,"column":16},"end":{"line":10,"column":39}},"loc":{"start":{"line":10,"column":94},"end":{"line":25,"column":null}},"line":10},"
[...]
{"start":{"line":230,"column":50},"end":{"line":230,"column":81}}],"line":230},"100":{"loc":{"start":{"line":237,"column":2},"end":{"line":251,"column":null}},"type":"if","locations":[{"start":{"line":237,"column":2},"end":{"line":251,"column":null}},{"start":{},"end":{}}],"line":237},"101":{"loc":{"start":{"line":237,"column":6},"end":{"line":237,"column":59}},"type":"binary-expr","locations":[{"start":{"line":237,"column":6},"end":{"line":237,"column":29}},{"start":{"line":237,"column":29},"end":{"line":237,"column":59}}],"line":237},"102":{"loc":{"start":{"line":238,"column":4},"end":{"line":239,"column":null}},"type":"if","locations":[{"start":{"line":238,"column":4},"end":{"line":239,"column":null}},{"start":{},"end":{}}],"line":238},"103":{"loc":{"start":{"line":238,"column":8},"end":{"line":238,"column":102}},"type":"binary-expr","locations":[{"start":{"line":238,"column":8},"end":{"line":238,"column":46}},{"start":{"line":238,"column":46},"end":{"line":238,"column":73}},{"start":{"line":238,"column":73},"end":{"line":238,"column":102}}],"line":238},"104":{"loc":{"start":{"line":242,"column":4},"end":{"line":243,"column":null}},"type":"if","locations":[{"start":{"line":242,"column":4},"end":{"line":243,"column":null}},{"start":{},"end":{}}],"line":242},"105":{"loc":{"start":{"line":242,"column":8},"end":{"line":242,"column":85}},"type":"binary-expr","locations":[{"start":{"line":242,"column":8},"end":{"line":242,"column":26}},{"start":{"line":242,"column":26},"end":{"line":242,"column":53}},{"start":{"line":242,"column":53},"end":{"line":242,"column":85}}],"line":242},"106":{"loc":{"start":{"line":245,"column":4},"end":{"line":251,"column":null}},"type":"if","locations":[{"start":{"line":245,"column":4},"end":{"line":251,"column":null}},{"start":{},"end":{}}],"line":245},"107":{"loc":{"start":{"line":245,"column":8},"end":{"line":245,"column":51}},"type":"binary-expr","locations":[{"start":{"line":245,"column":8},"end":{"line":245,"column":26}},{"start":{"line":245,"column":26},"end":{"line":245,"column":51}}],"line":245},"108":{"loc":{"start":{"line":246,"column":6},"end":{"line":247,"column":null}},"type":"if","locations":[{"start":{"line":246,"column":6},"end":{"line":247,"column":null}},{"start":{},"end":{}}],"line":246},"109":{"loc":{"start":{"line":250,"column":8},"end":{"line":251,"column":null}},"type":"if","locations":[{"start":{"line":250,"column":8},"end":{"line":251,"column":null}},{"start":{},"end":{}}],"line":250},"110":{"loc":{"start":{"line":250,"column":12},"end":{"line":250,"column":56}},"type":"binary-expr","locations":[{"start":{"line":250,"column":12},"end":{"line":250,"column":37}},{"start":{"line":250,"column":37},"end":{"line":250,"column":56}}],"line":250}},"s":{"0":87,"1":87,"2":1,"3":1,"4":86,"5":3,"6":83,"7":83,"8":9,"9":1,"10":8,"11":8,"12":4,"13":1,"14":7,"15":4,"16":1,"17":80,"18":5,"19":1,"20":4,"21":6,"22":3,"23":76,"24":12,"25":1,"26":11,"27":11,"28":21,"29":3,"30":1,"31":10,"32":9,"33":9,"34":4,"35":70,"36":6,"37":1,"38":5,"39":5,"40":8,"41":6,"42":1,"43":5,"44":5,"45":1,"46":3,"47":1,"48":66,"49":9,"50":1,"51":8,"52":8,"53":3,"54":1,"55":7,"56":1,"57":6,"58":3,"59":1,"60":2,"61":3,"62":1,"63":61,"64":9,"65":1,"66":8,"67":8,"68":8,"69":1,"70":7,"71":7,"72":7,"73":1,"74":6,"75":6,"76":1,"77":5,"78":5,"79":1,"80":56,"81":6,"82":1,"83":5,"84":5,"85":1,"86":4,"87":4,"88":1,"89":3,"90":1,"91":2,"92":1,"93":51,"94":17,"95":1,"96":16,"97":16,"98":1,"99":15,"100":15,"101":1,"102":14,"103":13,"104":3,"105":11,"106":8,"107":0,"108":8,"109":1,"110":10,"111":1,"112":1,"113":43,"114":3,"115":1,"116":2,"117":2,"118":5,"119":1,"120":41,"121":5,"122":1,"123":4,"124":4,"125":1,"126":3,"127":3,"128":1,"129":2,"130":4,"131":1,"132":37},"f":{"0":87},"b":{"0":[1,0],"1":[3,83],"2":[86,85,84],"3":[9,74],"4":[83,9],"5":[1,8],"6":[9,8,8],"7":[4,4],"8":[8,4],"9":[1,3],"10":[4,3],"11":[7,4],"12":[1,3],"13":[5,75],"14":[80,5],"15":[1,4],"16":[3,3],"17":[6,5,5],"18":[12,64],"19":[76,12],"20":[1,11],"21":[12,11,11],"22":[3,18],"23":[21,3],"24":[1,2],"25":[3,3,3],"26":[9,1],"27":[10,9],"28":[4,5],"29":[9,9],"30":[6,64],"31":[70,6],"32":[1,5],"33":[6,5,5],"34":[6,2],"35":[8,6],"36":[1,5],"37":[1,4],"38":[1,2],"39":[3,2,2,1],"40":[9,57],"41":[66,9],"42":[1,8],"43":[9,8,8],"44":[3,5],"45":[8,3],"46":[1,2],"47":[1,6],"48":[7,2,2],"49":[3,3],"50":[6,3],"51":[1,2],"52":[1,2],"53":[9,52],"54":[61,9],"55":[1,8],"56":[9,8,8],"57":[8,0],"58":[8,8],"59":[1,7],"60":[8,7,7],"61":[7,0],"62":[7,7],"63":[1,6],"64":[6,0],"65":[6,6],"66":[1,5],"67":[1,4],"68":[6,50],"69":[56,6],"70":[1,5],"71":[1,4],"72":[5,4,4],"73":[1,3],"74":[1,2],"75":[1,1],"76":[17,34],"77":[51,17],"78":[1,16],"79":[1,15],"80":[16,15,15],"81":[1,14],"82":[13,1],"83":[14,13],"84":[3,10],"85":[13,13,12,11],"86":[8,3],"87":[11,8],"88":[0,8],"89":[1,7],"90":[1,9],"91":[10,1],"92":[1,0],"93":[1,0,0],"94":[3,40],"95":[43,3],"96":[1,2],"97":[3,2,2],"98":[1,4],"99":[5,5,5],"100":[5,36],"101":[41,5],"102":[1,4],"103":[5,4,4],"104":[1,3],"105":[4,2,2],"106":[3,0],"107":[3,3],"108":[1,2],"109":[1,3],"110":[4,3]},"meta":{"lastBranch":111,"lastFunction":1,"lastStatement":133,"seen":{"f:19:16:19:35":0,"s:21:2:25:Infinity":0,"s:22:4:22:Infinity":1,"s:24:16:24:64":2,"b:24:43:24:55:24:55:24:64":0,"s:25:4:25:Infinity":3,"b:28:2:29:Infinity:undefined:undefined:undefined:undefined":1,"s:28:2:29:Infinity":4,"b:28:6:28:36:28:36:28:55:28:55:28:76":2,"s:29:4:29:Infinity":5,"s:32:14:32:Infinity":6,"b:35:2:47:Infinity:undefined:undefined:undefined:undefined":3,"s:35:2:47:Infinity":7,"b:35:6:35:23:35:23:35:47":4,"b:36:4:37:Infinity:undefined:undefined:undefined:undefined":5,"s:36:4:37:Infinity":8,"b:36:8:36:40:36:40:36:61:36:61:36:84":6,"s:37:6:37:Infinity":9,"s:39:17:39:Infinity":10,"b:40:4:42:Infinity:undefined:undefined:undefined:undefined":7,"s:40:4:42:Infinity":11,"b:40:8:40:29:40:29:40:57":8,"b:41:6:42:Infinity:undefined:undefined:undefined:undefined":9,"s:41:6:42:Infinity":12,"s:42:8:42:Infinity":13,"b:45:4:47:Infinity:undefined:undefined:undefined:undefined":10,"s:45:4:47:Infinity":14,"b:45:8:45:27:45:27:45:53":11,"b:46:6:47:Infinity:undefined:undefined:undefined:undefined":12,"s:46:6:47:Infinity":15,"s:47:8:47:Infinity":16,"b:53:2:59:Infinity:undefined:undefined:undefined:undefined":13,"s:53:2:59:Infinity":17,"b:53:6:53:28:53:28:53:57":14,"b:54:4:55:Infinity:undefined:undefined:undefined:undefined":15,"s:54:4:55:Infinity":18,"s:55:6:55:Infinity":19,"s:57:4:59:Infinity":20,"b:58:6:59:Infinity:undefined:undefined:undefined:undefined":16,"s:58:6:59:Infinity":21,"b:58:10:58:35:58:35:58:54:58:58:58:66":17,"s:59:8:59:Infinity":22,"b:65:2:80:Infinity:undefined:undefined:undefined:undefined":18,"s:65:2:80:Infinity":23,"b:65:6:65:25:65:25:65:51":19,"b:66:4:67:Infinity:undefined:undefined:undefined:undefined":20,"s:66:4:67:Infinity":24,"b:66:8:66:42:66:42:66:65:66:65:66:90":21,"s:67:6:67:Infinity":25,"s:69:19:69:Infinity":26,"s:70:4:73:Infinity":27,"b:71:6:73:Infinity:undefined:undefined:undefined:undefined":22,"s:71:6:73:Infinity":28,"b:71:10:71:27:71:27:71:54":23,"b:72:8:73:Infinity:undefined:undefined:undefined:undefined":24,"s:72:8:73:Infinity":29,"b:72:12:72:47:72:47:72:86:72:91:72:119":25,"s:73:10:73:Infinity":30,"b:77:4:80:Infinity:undefined:undefined:undefined:undefined":26,"s:77:4:80:Infinity":31,"b:77:8:77:34:77:34:77:67":27,"s:78:22:78:Infinity":32,"b:79:6:80:Infinity:undefined:undefined:undefined:undefined":28,"s:79:6:80:Infinity":33,"b:79:10:79:51:79:51:79:87":29,"s:80:8:80:Infinity":34,"b:86:2:108:Infinity:undefined:undefined:undefined:undefined":30,"s:86:2:108:Infinity":35,"b:86:6:86:24:86:24:86:49":31,"b:87:4:88:Infinity:undefined:undefined:undefined:undefined":32,"s:87:4:88:Infinity":36,"b:87:8:87:41:87:41:87:63:87:63:87:87":33,"s:88:6:88:Infinity":37,"s:90:18:90:Infinity":38,"s:91:4:98:Infinity":39,"b:92:6:98:Infinity:undefined:undefined:undefined:undefined":34,"s:92:6:98:Infinity":40,"b:92:10:92:26:92:26:92:52":35,"b:93:8:94:Infinity:undefined:undefined:undefined:undefined":36,"s:93:8:94:Infinity":41,"s:94:10:94:Infinity":42,"s:96:8:98:Infinity":43,"b:97:10:98:Infinity:undefined:undefined:undefined:undefined":37,"s:97:10:98:Infinity":44,"s:98:12:98:Infinity":45,"b:107:4:108:Infinity:undefined:undefined:undefined:undefined":38,"s:107:4:108:Infinity":46,"b:107:8:107:30:107:30:107:61:107:61:107:83:107:83:107:112":39,"s:108:6:108:Infinity":47,"b:113:2:132:Infinity:undefined:undefined:undefined:undefined":40,"s:113:2:132:Infinity":48,"b:113:6:113:24:113:24:113:49":41,"b:114:4:115:Infinity:undefined:undefined:undefined:undefined":42,"s:114:4:115:Infinity":49,"b:114:8:114:41:114:41:114:63:114:63:114:87":43,"s:115:6:115:Infinity":50,"s:117:18:117:Infinity":51,"b:118:4:120:Infinity:undefined:undefined:undefined:undefined":44,"s:118:4:120:Infinity":52,"b:118:8:118:27:118:27:118:53":45,"b:119:6:120:Infinity:undefined:undefined:undefined:undefined":46,"s:119:6:120:Infinity":53,"s:120:8:120:Infinity":54,"b:123:4:124:Infinity:undefined:undefined:undefined:undefined":47,"s:123:4:124:Infinity":55,"b:123:8:123:28:123:28:123:57:123:57:123:90":48,"s:124:6:124:Infinity":56,"b:126:4:132:Infinity:undefined:undefined:undefined:undefined":49,"s:126:4:132:Infinity":57,"b:126:8:126:30:126:30:126:59":50,"b:127:6:128:Infinity:undefined:undefined:undefined:undefined":51,"s:127:6:128:Infinity":58,"s:128:8:128:Infinity":59,"s:130:6:132:Infinity":60,"b:131:8:132:Infinity:undefined:undefined:undefined:undefined":52,"s:131:8:132:Infinity":61,"s:132:10:132:Infinity":62,"b:139:2:160:Infinity:undefined:undefined:undefined:undefined":53,"s:139:2:160:Infinity":63,"b:139:6:139:23:139:23:139:47":54,"b:140:4:141:Infinity:undefined:undefined:undefined:undefined":55,"s:140:4:141:Infinity":64,"b:140:8:140:40:140:40:140:61:140:61:140:84":56,"s:141:6:141:Infinity":65,"s:143:17:143:Infinity":66,"b:144:4:160:Infinity:undefined:undefined:undefined:undefined":57,"s:144:4:160:Infinity":67,"b:144:8:144:31:144:31:144:61":58,"b:145:6:146:Infinity:undefined:undefined:undefined:undefined":59,"s:145:6:146:Infinity":68,"b:145:10:145:48:145:48:145:75:145:75:145:104":60,"s:146:8:146:Infinity":69,"s:148:17:148:Infinity":70,"b:149:6:151:Infinity:undefined:undefined:undefined:undefined":61,"s:149:6:151:Infinity":71,"b:149:10:149:26:149:26:149:49":62,"b:150:8:151:Infinity:undefined:undefined:undefined:undefined":63,"s:150:8:151:Infinity":72,"s:151:10:151:Infinity":73,"b:154:6:160:Infinity:undefined:undefined:undefined:undefined":64,"s:154:6:160:Infinity":74,"b:154:10:154:30:154:30:154:57":65,"b:155:8:156:Infinity:undefined:undefined:undefined:undefined":66,"s:155:8:156:Infinity":75,"s:156:10:156:Infinity":76,"s:158:8:160:Infinity":77,"b:159:10:160:Infinity:undefined:undefined:undefined:undefined":67,"s:159:10:160:Infinity":78,"s:160:12:160:Infinity":79,"b:168:2:184:Infinity:undefined:undefined:undefined:undefined":68,"s:168:2:184:Infinity":80,"b:168:6:168:28:168:28:168:57":69,"b:169:4:170:Infinity:undefined:undefined:undefined:undefined":70,"s:169:4:170:Infinity":81,"s:170:6:170:Infinity":82,"s:172:4:184:Infinity":83,"b:173:6:174:Infinity:undefined:undefined:undefined:undefined":71,"s:173:6:174:Infinity":84,"b:173:10:173:35:173:35:173:49:173:49:173:65":72,"s:174:8:174:Infinity":85,"s:176:19:176:Infinity":86,"b:177:6:178:Infinity:undefined:undefined:undefined:undefined":73,"s:177:6:178:Infinity":87,"s:178:8:178:Infinity":88,"b:180:6:181:Infinity:undefined:undefined:undefined:undefined":74,"s:180:6:181:Infinity":89,"s:181:8:181:Infinity":90,"b:183:6:184:Infinity:undefined:undefined:undefined:undefined":75,"s:183:6:184:Infinity":91,"s:184:8:184:Infinity":92,"b:190:2:217:Infinity:undefined:undefined:undefined:undefined":76,"s:190:2:217:Infinity":93,"b:190:6:190:24:190:24:190:49":77,"b:191:4:192:Infinity:undefined:undefined:undefined:undefined":78,"s:191:4:192:Infinity":94,"s:192:6:192:Infinity":95,"s:194:4:217:Infinity":96,"b:195:6:196:Infinity:undefined:undefined:undefined:undefined":79,"s:195:6:196:Infinity":97,"b:195:10:195:35:195:35:195:49:195:49:195:65":80,"s:196:8:196:Infinity":98,"s:198:19:198:Infinity":99,"b:199:6:200:Infinity:undefined:undefined:undefined:undefined":81,"s:199:6:200:Infinity":100,"s:200:8:200:Infinity":101,"b:202:6:204:Infinity:undefined:undefined:undefined:undefined":82,"s:202:6:204:Infinity":102,"b:202:10:202:30:202:30:202:57":83,"b:203:8:204:Infinity:undefined:undefined:undefined:undefined":84,"s:203:8:204:Infinity":103,"b:203:12:203:47:203:47:203:77:203:81:203:102:203:102:203:121":85,"s:204:10:204:Infinity":104,"b:207:6:212:Infinity:undefined:undefined:undefined:undefined":86,"s:207:6:212:Infinity":105,"b:207:10:207:30:207:30:207:57":87,"b:208:8:209:Infinity:undefined:undefined:undefined:undefined":88,"s:208:8:209:Infinity":106,"s:209:10:209:Infinity":107,"b:211:8:212:Infinity:undefined:undefined:undefined:undefined":89,"s:211:8:212:Infinity":108,"s:212:10:212:Infinity":109,"b:215:6:217:Infinity:undefined:undefined:undefined:undefined":90,"s:215:6:217:Infinity":110,"b:215:10:215:31:215:31:215:59":91,"b:216:8:217:Infinity:undefined:undefined:undefined:undefined":92,"s:216:8:217:Infinity":111,"b:216:12:216:48:216:48:216:73:216:73:216:100":93,"s:217:10:217:Infinity":112,"b:224:2:231:Infinity:undefined:undefined:undefined:undefined":94,"s:224:2:231:Infinity":113,"b:224:6:224:29:224:29:224:59":95,"b:225:4:226:Infinity:undefined:undefined:undefined:undefined":96,"s:225:4:226:Infinity":114,"b:225:8:225:46:225:46:225:73:225:73:225:102":97,"s:226:6:226:Infinity":115,"s:228:16:228:Infinity":116,"s:229:4:231:Infinity":117,"b:230:6:231:Infinity:undefined:undefined:undefined:undefined":98,"s:230:6:231:Infinity":118,"b:230:10:230:24:230:24:230:50:230:50:230:81":99,"s:231:8:231:Infinity":119,"b:237:2:251:Infinity:undefined:undefined:undefined:undefined":100,"s:237:2:251:Infinity":120,"b:237:6:237:29:237:29:237:59":101,"b:238:4:239:Infinity:undefined:undefined:undefined:undefined":102,"s:238:4:239:Infinity":121,"b:238:8:238:46:238:46:238:73:238:73:238:102":103,"s:239:6:239:Infinity":122,"s:241:14:241:Infinity":123,"b:242:4:243:Infinity:undefined:undefined:undefined:undefined":104,"s:242:4:243:Infinity":124,"b:242:8:242:26:242:26:242:53:242:53:242:85":105,"s:243:6:243:Infinity":125,"b:245:4:251:Infinity:undefined:undefined:undefined:undefined":106,"s:245:4:251:Infinity":126,"b:245:8:245:26:245:26:245:51":107,"b:246:6:247:Infinity:undefined:undefined:undefined:undefined":108,"s:246:6:247:Infinity":127,"s:247:8:247:Infinity":128,"s:249:6:251:Infinity":129,"b:250:8:251:Infinity:undefined:undefined:undefined:undefined":109,"s:250:8:251:Infinity":130,"b:250:12:250:37:250:37:250:56":110,"s:251:10:251:Infinity":131,"s:257:2:257:Infinity":132}}}
,"/Users/dattu/Code/chrome.yantrakit.a11yScan/extension/src/shared/wcag-mapping.ts": {"path":"/Users/dattu/Code/chrome.yantrakit.a11yScan/extension/src/shared/wcag-mapping.ts","statementMap":{"0":{"start":{"line":26,"column":47},"end":{"line":122,"column":null}},"1":{"start":{"line":125,"column":53},"end":{"line":156,"column":null}},"2":{"start":{"line":160,"column":15},"end":{"line":160,"column":null}},"3":{"start":{"line":161,"column":2},"end":{"line":161,"column":null}},"4":{"start":{"line":166,"column":17},"end":{"line":166,"column":null}},"5":{"start":{"line":167,"column":19},"end":{"line":167,"column":40}},"6":{"start":{"line":168,"column":2},"end":{"line":171,"column":null}},"7":{"start":{"line":169,"column":4},"end":{"line":169,"column":null}},"8":{"start":{"line":169,"column":44},"end":{"line":169,"column":null}},"9":{"start":{"line":170,"column":4},"end":{"line":170,"column":null}},"10":{"start":{"line":176,"column":2},"end":{"line":176,"column":null}},"11":{"start":{"line":176,"column":54},"end":{"line":176,"column":78}},"12":{"start":{"line":181,"column":2},"end":{"line":181,"column":null}},"13":{"start":{"line":181,"column":37},"end":{"line":181,"column":64}},"14":{"start":{"line":181,"column":77},"end":{"line":181,"column":82}},"15":{"start":{"line":195,"column":22},"end":{"line":195,"column":null}},"16":{"start":{"line":196,"column":29},"end":{"line":196,"column":31}},"17":{"start":{"line":197,"column":2},"end":{"line":199,"column":null}},"18":{"start":{"line":198,"column":18},"end":{"line":198,"column":40}},"19":{"start":{"line":199,"column":4},"end":{"line":199,"column":null}},"20":{"start":{"line":199,"column":15},"end":{"line":199,"column":null}},"21":{"start":{"line":201,"column":2},"end":{"line":201,"column":null}}},"fnMap":{"0":{"name":"getWcagUrl","decl":{"start":{"line":159,"column":16},"end":{"line":159,"column":27}},"loc":{"start":{"line":159,"column":56},"end":{"line":161,"column":null}},"line":159},"1":{"name":"filterCriteria","decl":{"start":{"line":165,"column":16},"end":{"line":165,"column":31}},"loc":{"start":{"line":165,"column":81},"end":{"line":171,"column":null}},"line":165},"2":{"name":"(anonymous_2)","decl":{"start":{"line":168,"column":23},"end":{"line":168,"column":31}},"loc":{"start":{"line":168,"column":37},"end":{"line":171,"column":null}},"line":168},"3":{"name":"getManualReviewCriteria","decl":{"start":{"line":175,"column":16},"end":{"line":175,"column":40}},"loc":{"start":{"line":175,"column":90},"end":{"line":176,"column":null}},"line":175},"4":{"name":"(anonymous_4)","decl":{"start":{"line":176,"column":40},"end":{"line":176,"column":48}},"loc":{"start":{"line":176,"column":54},"end":{"line":176,"column":78}},"line":176},"5":{"name":"mapRuleToWcag","decl":{"start":{"line":180,"column":16},"end":{"line":180,"column":30}},"loc":{"start":{"line":180,"column":56},"end":{"line":181,"column":null}},"line":180},"6":{"name":"(anonymous_6)","decl":{"start":{"line":181,"column":23},"end":{"line":181,"column":31}},"loc":{"start":{"line":181,"column":37},"end":{"line":181,"column":64}},"line":181},"7":{"name":"(anonymous_7)","decl":{"start":{"line":181,"column":66},"end":{"line":181,"column":71}},"loc":{"start":{"line":181,"column":77},"end":{"line":181,"column":82}},"line":181},"8":{"name":"mapAxeTagsToWcag","decl":{"start":{"line":194,"column":16},"end":{"line":194,"column":33}},"loc":{"start":{"line":194,"column":59},"end":{"line":201,"column":null}},"line":194}},"branchMap":{"0":{"loc":{"start":{"line":161,"column":9},"end":{"line":161,"column":null}},"type":"cond-expr","locations":[{"start":{"line":161,"column":16},"end":{"line":161,"column":64}},{"start":{"line":161,"column":64},"end":{"line":161,"column":null}}],"line":161},"1":{"loc":{"start":{"line":169,"column":4},"end":{"line":169,"column":null}},"type":"if","locations":[{"start":{"line":169,"column":4},"end":{"line":169,"column":null}},{"start":{},"end":{}}],"line":169},"2":{"loc":{"start":{"line":199,"column":4},"end":{"line":199,"column":null}},"type":"if","locations":[{"start":{"line":199,"column":4},"end":{"line":199,"column":null}},{"start":{},"end":{}}],"line":199}},"s":{"0":1,"1":1,"2":3,"3":3,"4":5,"5":5,"6":5,"7":430,"8":148,"9":282,"10":2,"11":110,"12":4,"13":344,"14":4,"15":10,"16":10,"17":10,"18":20,"19":20,"20":9,"21":10},"f":{"0":3,"1":5,"2":430,"3":2,"4":110,"5":4,"6":344,"7":4,"8":10},"b":{"0":[2,1],"1":[148,282],"2":[9,11]},"meta":{"lastBranch":3,"lastFunction":9,"lastStatement":22,"seen":{"s:26:47:122:Infinity":0,"s:125:53:156:Infinity":1,"f:159:16:159:27":0,"s:160:15:160:Infinity":2,"s:161:2:161:Infinity":3,"b:161:16:161:64:161:64:161:Infinity":0,"f:165:16:165:31":1,"s:166:17:166:Infinity":4,"s:167:19:167:40":5,"s:168:2:171:Infinity":6,"f:168:23:168:31":2,"b:169:4:169:Infinity:undefined:undefined:undefined:undefined":1,"s:169:4:169:Infinity":7,"s:169:44:169:Infinity":8,"s:170:4:170:Infinity":9,"f:175:16:175:40":3,"s:176:2:176:Infinity":10,"f:176:40:176:48":4,"s:176:54:176:78":11,"f:180:16:180:30":5,"s:181:2:181:Infinity":12,"f:181:23:181:31":6,"s:181:37:181:64":13,"f:181:66:181:71":7,"s:181:77:181:82":14,"f:194:16:194:33":8,"s:195:22:195:Infinity":15,"s:196:29:196:31":16,"s:197:2:199:Infinity":17,"s:198:18:198:40":18,"b:199:4:199:Infinity:undefined:undefined:undefined:undefined":2,"s:199:4:199:Infinity":19,"s:199:15:199:Infinity":20,"s:201:2:201:Infinity":21}}}
}
